<?xml version="1.0" encoding="UTF-8"?>
<coverage generated="1694081027458" clover="3.2.0">
  <project timestamp="1694081027458" name="All files">
    <metrics statements="402" coveredstatements="197" conditionals="120" coveredconditionals="31" methods="78" coveredmethods="31" elements="600" coveredelements="259" complexity="0" loc="402" ncloc="402" packages="4" files="13" classes="13"/>
    <package name="src">
      <metrics statements="134" coveredstatements="44" conditionals="17" coveredconditionals="4" methods="22" coveredmethods="4"/>
      <file name="App.jsx" path="C:\Users\User\Documents\GitHub\minesweeper\src\App.jsx">
        <metrics statements="134" coveredstatements="44" conditionals="17" coveredconditionals="4" methods="22" coveredmethods="4"/>
        <line num="1" count="1" type="stmt"/>
        <line num="2" count="1" type="stmt"/>
        <line num="4" count="1" type="stmt"/>
        <line num="5" count="1" type="stmt"/>
        <line num="6" count="1" type="stmt"/>
        <line num="7" count="1" type="stmt"/>
        <line num="8" count="1" type="stmt"/>
        <line num="10" count="1" type="stmt"/>
        <line num="11" count="1" type="stmt"/>
        <line num="12" count="1" type="stmt"/>
        <line num="16" count="41" type="stmt"/>
        <line num="17" count="40" type="stmt"/>
        <line num="18" count="40" type="stmt"/>
        <line num="19" count="40" type="stmt"/>
        <line num="20" count="40" type="stmt"/>
        <line num="21" count="40" type="stmt"/>
        <line num="22" count="40" type="stmt"/>
        <line num="23" count="40" type="stmt"/>
        <line num="24" count="40" type="stmt"/>
        <line num="25" count="40" type="stmt"/>
        <line num="26" count="40" type="stmt"/>
        <line num="27" count="40" type="stmt"/>
        <line num="29" count="40" type="stmt"/>
        <line num="31" count="40" type="stmt"/>
        <line num="32" count="0" type="stmt"/>
        <line num="33" count="0" type="stmt"/>
        <line num="36" count="40" type="stmt"/>
        <line num="37" count="0" type="cond" truecount="0" falsecount="4"/>
        <line num="39" count="0" type="stmt"/>
        <line num="40" count="0" type="stmt"/>
        <line num="41" count="0" type="stmt"/>
        <line num="42" count="0" type="stmt"/>
        <line num="43" count="0" type="stmt"/>
        <line num="45" count="0" type="stmt"/>
        <line num="46" count="0" type="stmt"/>
        <line num="47" count="0" type="stmt"/>
        <line num="48" count="0" type="stmt"/>
        <line num="49" count="0" type="stmt"/>
        <line num="51" count="0" type="stmt"/>
        <line num="52" count="0" type="stmt"/>
        <line num="53" count="0" type="stmt"/>
        <line num="54" count="0" type="stmt"/>
        <line num="55" count="0" type="stmt"/>
        <line num="57" count="0" type="stmt"/>
        <line num="58" count="0" type="stmt"/>
        <line num="62" count="40" type="stmt"/>
        <line num="63" count="0" type="stmt"/>
        <line num="64" count="0" type="stmt"/>
        <line num="65" count="0" type="stmt"/>
        <line num="66" count="0" type="stmt"/>
        <line num="67" count="0" type="stmt"/>
        <line num="68" count="0" type="stmt"/>
        <line num="69" count="0" type="stmt"/>
        <line num="71" count="0" type="stmt"/>
        <line num="72" count="0" type="stmt"/>
        <line num="75" count="40" type="stmt"/>
        <line num="76" count="0" type="stmt"/>
        <line num="79" count="40" type="stmt"/>
        <line num="80" count="0" type="cond" truecount="0" falsecount="4"/>
        <line num="82" count="0" type="stmt"/>
        <line num="83" count="0" type="stmt"/>
        <line num="85" count="0" type="stmt"/>
        <line num="86" count="0" type="stmt"/>
        <line num="88" count="0" type="stmt"/>
        <line num="89" count="0" type="stmt"/>
        <line num="91" count="0" type="stmt"/>
        <line num="92" count="0" type="stmt"/>
        <line num="94" count="0" type="stmt"/>
        <line num="97" count="40" type="stmt"/>
        <line num="98" count="0" type="stmt"/>
        <line num="99" count="0" type="stmt"/>
        <line num="102" count="40" type="stmt"/>
        <line num="103" count="0" type="stmt"/>
        <line num="104" count="0" type="stmt"/>
        <line num="107" count="40" type="stmt"/>
        <line num="108" count="0" type="stmt"/>
        <line num="109" count="0" type="stmt"/>
        <line num="110" count="0" type="stmt"/>
        <line num="113" count="40" type="stmt"/>
        <line num="114" count="0" type="stmt"/>
        <line num="117" count="40" type="stmt"/>
        <line num="118" count="0" type="stmt"/>
        <line num="119" count="0" type="stmt"/>
        <line num="120" count="0" type="stmt"/>
        <line num="123" count="40" type="stmt"/>
        <line num="124" count="0" type="stmt"/>
        <line num="125" count="0" type="stmt"/>
        <line num="126" count="0" type="stmt"/>
        <line num="128" count="0" type="stmt"/>
        <line num="129" count="0" type="stmt"/>
        <line num="132" count="40" type="stmt"/>
        <line num="133" count="0" type="stmt"/>
        <line num="134" count="0" type="stmt"/>
        <line num="136" count="0" type="stmt"/>
        <line num="137" count="0" type="stmt"/>
        <line num="139" count="0" type="stmt"/>
        <line num="140" count="0" type="stmt"/>
        <line num="141" count="0" type="stmt"/>
        <line num="144" count="40" type="stmt"/>
        <line num="145" count="0" type="stmt"/>
        <line num="147" count="0" type="stmt"/>
        <line num="148" count="0" type="stmt"/>
        <line num="149" count="0" type="stmt"/>
        <line num="152" count="40" type="stmt"/>
        <line num="153" count="0" type="stmt"/>
        <line num="156" count="40" type="stmt"/>
        <line num="157" count="0" type="stmt"/>
        <line num="158" count="0" type="stmt"/>
        <line num="159" count="0" type="stmt"/>
        <line num="160" count="0" type="stmt"/>
        <line num="161" count="0" type="stmt"/>
        <line num="163" count="0" type="stmt"/>
        <line num="165" count="0" type="stmt"/>
        <line num="167" count="0" type="stmt"/>
        <line num="168" count="0" type="stmt"/>
        <line num="169" count="0" type="stmt"/>
        <line num="170" count="0" type="cond" truecount="0" falsecount="2"/>
        <line num="171" count="0" type="stmt"/>
        <line num="172" count="0" type="stmt"/>
        <line num="174" count="0" type="stmt"/>
        <line num="176" count="0" type="stmt"/>
        <line num="180" count="0" type="stmt"/>
        <line num="181" count="0" type="stmt"/>
        <line num="182" count="0" type="stmt"/>
        <line num="183" count="0" type="stmt"/>
        <line num="184" count="0" type="stmt"/>
        <line num="187" count="40" type="stmt"/>
        <line num="188" count="40" type="cond" truecount="1" falsecount="2"/>
        <line num="190" count="40" type="stmt"/>
        <line num="192" count="0" type="stmt"/>
        <line num="194" count="0" type="stmt"/>
        <line num="198" count="40" type="stmt"/>
        <line num="228" count="40" type="stmt"/>
        <line num="235" count="40" type="cond" truecount="2" falsecount="0"/>
      </file>
    </package>
    <package name="src.components">
      <metrics statements="90" coveredstatements="52" conditionals="19" coveredconditionals="2" methods="29" coveredmethods="13"/>
      <file name="BoardModule.jsx" path="C:\Users\User\Documents\GitHub\minesweeper\src\components\BoardModule.jsx">
        <metrics statements="19" coveredstatements="19" conditionals="2" coveredconditionals="2" methods="6" coveredmethods="6"/>
        <line num="1" count="1" type="stmt"/>
        <line num="3" count="1" type="stmt"/>
        <line num="4" count="1" type="stmt"/>
        <line num="6" count="40" type="stmt"/>
        <line num="10" count="40" type="stmt"/>
        <line num="11" count="40" type="stmt"/>
        <line num="12" count="40" type="stmt"/>
        <line num="14" count="40" type="stmt"/>
        <line num="15" count="40" type="stmt"/>
        <line num="18" count="40" type="stmt"/>
        <line num="19" count="40" type="cond" truecount="1" falsecount="0"/>
        <line num="20" count="40" type="stmt"/>
        <line num="24" count="40" type="stmt"/>
        <line num="25" count="40" type="cond" truecount="1" falsecount="0"/>
        <line num="26" count="40" type="stmt"/>
        <line num="28" count="40" type="stmt"/>
        <line num="31" count="40" type="stmt"/>
        <line num="39" count="320" type="stmt"/>
        <line num="41" count="2560" type="stmt"/>
      </file>
      <file name="CellModule.jsx" path="C:\Users\User\Documents\GitHub\minesweeper\src\components\CellModule.jsx">
        <metrics statements="41" coveredstatements="18" conditionals="14" coveredconditionals="0" methods="6" coveredmethods="4"/>
        <line num="1" count="1" type="stmt"/>
        <line num="3" count="1" type="stmt"/>
        <line num="4" count="1" type="stmt"/>
        <line num="6" count="2560" type="stmt"/>
        <line num="10" count="2560" type="stmt"/>
        <line num="11" count="2560" type="stmt"/>
        <line num="12" count="2560" type="stmt"/>
        <line num="14" count="2560" type="stmt"/>
        <line num="15" count="2560" type="stmt"/>
        <line num="18" count="2560" type="stmt"/>
        <line num="19" count="2560" type="stmt"/>
        <line num="20" count="2560" type="stmt"/>
        <line num="21" count="2560" type="stmt"/>
        <line num="24" count="2560" type="stmt"/>
        <line num="25" count="2560" type="stmt"/>
        <line num="28" count="2560" type="stmt"/>
        <line num="29" count="0" type="cond" truecount="0" falsecount="1"/>
        <line num="30" count="0" type="stmt"/>
        <line num="31" count="0" type="stmt"/>
        <line num="32" count="0" type="stmt"/>
        <line num="33" count="0" type="cond" truecount="0" falsecount="2"/>
        <line num="34" count="0" type="stmt"/>
        <line num="35" count="0" type="cond" truecount="0" falsecount="2"/>
        <line num="36" count="0" type="stmt"/>
        <line num="38" count="0" type="stmt"/>
        <line num="40" count="0" type="cond" truecount="0" falsecount="1"/>
        <line num="41" count="0" type="stmt"/>
        <line num="42" count="0" type="stmt"/>
        <line num="47" count="2560" type="stmt"/>
        <line num="48" count="0" type="stmt"/>
        <line num="51" count="0" type="cond" truecount="0" falsecount="2"/>
        <line num="52" count="0" type="cond" truecount="0" falsecount="4"/>
        <line num="53" count="0" type="stmt"/>
        <line num="54" count="0" type="stmt"/>
        <line num="55" count="0" type="cond" truecount="0" falsecount="2"/>
        <line num="56" count="0" type="stmt"/>
        <line num="57" count="0" type="stmt"/>
        <line num="59" count="0" type="stmt"/>
        <line num="62" count="0" type="stmt"/>
        <line num="65" count="0" type="stmt"/>
        <line num="68" count="2560" type="stmt"/>
      </file>
      <file name="DebugModule.jsx" path="C:\Users\User\Documents\GitHub\minesweeper\src\components\DebugModule.jsx">
        <metrics statements="10" coveredstatements="2" conditionals="2" coveredconditionals="0" methods="8" coveredmethods="0"/>
        <line num="1" count="1" type="stmt"/>
        <line num="3" count="1" type="stmt"/>
        <line num="4" count="0" type="stmt"/>
        <line num="6" count="0" type="stmt"/>
        <line num="7" count="0" type="stmt"/>
        <line num="9" count="0" type="stmt"/>
        <line num="10" count="0" type="stmt"/>
        <line num="13" count="0" type="stmt"/>
        <line num="14" count="0" type="stmt"/>
        <line num="31" count="0" type="cond" truecount="0" falsecount="2"/>
      </file>
      <file name="InfoModule.jsx" path="C:\Users\User\Documents\GitHub\minesweeper\src\components\InfoModule.jsx">
        <metrics statements="9" coveredstatements="6" conditionals="1" coveredconditionals="0" methods="4" coveredmethods="2"/>
        <line num="1" count="1" type="stmt"/>
        <line num="2" count="1" type="stmt"/>
        <line num="4" count="40" type="stmt"/>
        <line num="5" count="40" type="stmt"/>
        <line num="6" count="40" type="cond" truecount="0" falsecount="1"/>
        <line num="7" count="0" type="stmt"/>
        <line num="8" count="0" type="stmt"/>
        <line num="10" count="0" type="stmt"/>
        <line num="14" count="40" type="stmt"/>
      </file>
      <file name="ModesModule.jsx" path="C:\Users\User\Documents\GitHub\minesweeper\src\components\ModesModule.jsx">
        <metrics statements="11" coveredstatements="7" conditionals="0" coveredconditionals="0" methods="5" coveredmethods="1"/>
        <line num="1" count="1" type="stmt"/>
        <line num="3" count="40" type="stmt"/>
        <line num="4" count="40" type="stmt"/>
        <line num="5" count="0" type="stmt"/>
        <line num="8" count="40" type="stmt"/>
        <line num="9" count="0" type="stmt"/>
        <line num="12" count="40" type="stmt"/>
        <line num="13" count="0" type="stmt"/>
        <line num="16" count="40" type="stmt"/>
        <line num="17" count="0" type="stmt"/>
        <line num="20" count="40" type="stmt"/>
      </file>
    </package>
    <package name="src.hooks">
      <metrics statements="27" coveredstatements="9" conditionals="4" coveredconditionals="0" methods="10" coveredmethods="2"/>
      <file name="useRandomBg.js" path="C:\Users\User\Documents\GitHub\minesweeper\src\hooks\useRandomBg.js">
        <metrics statements="27" coveredstatements="9" conditionals="4" coveredconditionals="0" methods="10" coveredmethods="2"/>
        <line num="1" count="1" type="stmt"/>
        <line num="4" count="40" type="stmt"/>
        <line num="5" count="40" type="stmt"/>
        <line num="6" count="40" type="stmt"/>
        <line num="8" count="40" type="stmt"/>
        <line num="9" count="0" type="cond" truecount="0" falsecount="2"/>
        <line num="12" count="40" type="stmt"/>
        <line num="13" count="40" type="stmt"/>
        <line num="14" count="0" type="stmt"/>
        <line num="16" count="0" type="stmt"/>
        <line num="17" count="0" type="stmt"/>
        <line num="18" count="0" type="stmt"/>
        <line num="19" count="0" type="stmt"/>
        <line num="23" count="40" type="stmt"/>
        <line num="24" count="0" type="stmt"/>
        <line num="25" count="0" type="stmt"/>
        <line num="27" count="0" type="cond" truecount="0" falsecount="1"/>
        <line num="28" count="0" type="stmt"/>
        <line num="30" count="0" type="stmt"/>
        <line num="31" count="0" type="cond" truecount="0" falsecount="1"/>
        <line num="32" count="0" type="stmt"/>
        <line num="34" count="0" type="stmt"/>
        <line num="35" count="0" type="stmt"/>
        <line num="37" count="0" type="stmt"/>
        <line num="38" count="0" type="stmt"/>
        <line num="40" count="0" type="stmt"/>
        <line num="47" count="40" type="stmt"/>
      </file>
    </package>
    <package name="src.logic">
      <metrics statements="151" coveredstatements="92" conditionals="80" coveredconditionals="25" methods="17" coveredmethods="12"/>
      <file name="app.js" path="C:\Users\User\Documents\GitHub\minesweeper\src\logic\app.js">
        <metrics statements="81" coveredstatements="46" conditionals="35" coveredconditionals="13" methods="10" coveredmethods="5"/>
        <line num="1" count="1" type="stmt"/>
        <line num="6" count="1" type="stmt"/>
        <line num="7" count="40" type="cond" truecount="1" falsecount="2"/>
        <line num="8" count="40" type="stmt"/>
        <line num="9" count="0" type="stmt"/>
        <line num="10" count="0" type="stmt"/>
        <line num="14" count="1" type="stmt"/>
        <line num="15" count="40" type="stmt"/>
        <line num="17" count="40" type="stmt"/>
        <line num="18" count="40" type="stmt"/>
        <line num="19" count="40" type="stmt"/>
        <line num="21" count="40" type="stmt"/>
        <line num="22" count="433" type="stmt"/>
        <line num="23" count="433" type="stmt"/>
        <line num="25" count="433" type="cond" truecount="3" falsecount="0"/>
        <line num="26" count="400" type="stmt"/>
        <line num="28" count="400" type="stmt"/>
        <line num="32" count="40" type="stmt"/>
        <line num="33" count="320" type="stmt"/>
        <line num="34" count="2560" type="cond" truecount="1" falsecount="0"/>
        <line num="35" count="2160" type="stmt"/>
        <line num="40" count="40" type="stmt"/>
        <line num="43" count="1" type="stmt"/>
        <line num="44" count="2160" type="stmt"/>
        <line num="46" count="2160" type="stmt"/>
        <line num="47" count="6480" type="cond" truecount="3" falsecount="0"/>
        <line num="48" count="5950" type="stmt"/>
        <line num="49" count="17850" type="cond" truecount="3" falsecount="0"/>
        <line num="50" count="16366" type="cond" truecount="1" falsecount="0"/>
        <line num="51" count="2292" type="stmt"/>
        <line num="58" count="2160" type="stmt"/>
        <line num="61" count="1" type="stmt"/>
        <line num="62" count="40" type="stmt"/>
        <line num="64" count="40" type="stmt"/>
        <line num="65" count="320" type="stmt"/>
        <line num="66" count="2560" type="cond" truecount="1" falsecount="0"/>
        <line num="67" count="2160" type="stmt"/>
        <line num="69" count="2160" type="stmt"/>
        <line num="74" count="40" type="stmt"/>
        <line num="77" count="40" type="stmt"/>
        <line num="78" count="40" type="stmt"/>
        <line num="80" count="40" type="stmt"/>
        <line num="82" count="40" type="stmt"/>
        <line num="85" count="1" type="stmt"/>
        <line num="86" count="0" type="stmt"/>
        <line num="87" count="0" type="stmt"/>
        <line num="89" count="0" type="stmt"/>
        <line num="91" count="0" type="stmt"/>
        <line num="92" count="0" type="stmt"/>
        <line num="93" count="0" type="cond" truecount="0" falsecount="3"/>
        <line num="94" count="0" type="stmt"/>
        <line num="99" count="0" type="cond" truecount="0" falsecount="1"/>
        <line num="100" count="0" type="stmt"/>
        <line num="104" count="0" type="stmt"/>
        <line num="107" count="1" type="stmt"/>
        <line num="108" count="0" type="cond" truecount="0" falsecount="4"/>
        <line num="111" count="1" type="stmt"/>
        <line num="112" count="0" type="stmt"/>
        <line num="114" count="0" type="stmt"/>
        <line num="115" count="0" type="stmt"/>
        <line num="116" count="0" type="cond" truecount="0" falsecount="1"/>
        <line num="117" count="0" type="stmt"/>
        <line num="122" count="0" type="stmt"/>
        <line num="125" count="1" type="cond" truecount="0" falsecount="1"/>
        <line num="126" count="0" type="cond" truecount="0" falsecount="4"/>
        <line num="127" count="0" type="cond" truecount="0" falsecount="1"/>
        <line num="128" count="0" type="stmt"/>
        <line num="131" count="0" type="cond" truecount="0" falsecount="4"/>
        <line num="132" count="0" type="stmt"/>
        <line num="133" count="0" type="stmt"/>
        <line num="134" count="0" type="stmt"/>
        <line num="135" count="0" type="stmt"/>
        <line num="136" count="0" type="stmt"/>
        <line num="137" count="0" type="stmt"/>
        <line num="138" count="0" type="stmt"/>
        <line num="139" count="0" type="stmt"/>
        <line num="140" count="0" type="stmt"/>
        <line num="141" count="0" type="cond" truecount="0" falsecount="1"/>
        <line num="142" count="0" type="stmt"/>
        <line num="147" count="40" type="stmt"/>
        <line num="148" count="0" type="stmt"/>
      </file>
      <file name="board.js" path="C:\Users\User\Documents\GitHub\minesweeper\src\logic\board.js">
        <metrics statements="22" coveredstatements="20" conditionals="3" coveredconditionals="1" methods="4" coveredmethods="4"/>
        <line num="1" count="40" type="stmt"/>
        <line num="2" count="160" type="stmt"/>
        <line num="4" count="160" type="stmt"/>
        <line num="5" count="1280" type="stmt"/>
        <line num="8" count="160" type="stmt"/>
        <line num="11" count="80" type="stmt"/>
        <line num="12" count="80" type="stmt"/>
        <line num="14" count="80" type="stmt"/>
        <line num="15" count="640" type="stmt"/>
        <line num="16" count="5120" type="stmt"/>
        <line num="20" count="80" type="stmt"/>
        <line num="22" count="40" type="stmt"/>
        <line num="23" count="40" type="stmt"/>
        <line num="25" count="40" type="stmt"/>
        <line num="26" count="320" type="stmt"/>
        <line num="27" count="2560" type="stmt"/>
        <line num="31" count="40" type="stmt"/>
        <line num="34" count="40" type="stmt"/>
        <line num="35" count="40" type="cond" truecount="1" falsecount="2"/>
        <line num="36" count="0" type="stmt"/>
        <line num="37" count="0" type="stmt"/>
        <line num="38" count="40" type="stmt"/>
      </file>
      <file name="cell.js" path="C:\Users\User\Documents\GitHub\minesweeper\src\logic\cell.js">
        <metrics statements="14" coveredstatements="4" conditionals="11" coveredconditionals="1" methods="1" coveredmethods="1"/>
        <line num="1" count="2560" type="stmt"/>
        <line num="4" count="2560" type="cond" truecount="1" falsecount="1"/>
        <line num="5" count="0" type="cond" truecount="0" falsecount="9"/>
        <line num="6" count="0" type="stmt"/>
        <line num="7" count="0" type="stmt"/>
        <line num="8" count="0" type="stmt"/>
        <line num="9" count="0" type="stmt"/>
        <line num="10" count="0" type="stmt"/>
        <line num="11" count="0" type="stmt"/>
        <line num="12" count="0" type="stmt"/>
        <line num="13" count="0" type="stmt"/>
        <line num="14" count="0" type="stmt"/>
        <line num="17" count="2560" type="stmt"/>
        <line num="20" count="2560" type="stmt"/>
      </file>
      <file name="cellContent.jsx" path="C:\Users\User\Documents\GitHub\minesweeper\src\logic\cellContent.jsx">
        <metrics statements="23" coveredstatements="13" conditionals="28" coveredconditionals="9" methods="1" coveredmethods="1"/>
        <line num="1" count="1" type="stmt"/>
        <line num="3" count="1" type="stmt"/>
        <line num="4" count="1" type="stmt"/>
        <line num="6" count="2560" type="stmt"/>
        <line num="10" count="2560" type="cond" truecount="2" falsecount="3"/>
        <line num="11" count="0" type="stmt"/>
        <line num="13" count="2560" type="stmt"/>
        <line num="16" count="2560" type="cond" truecount="1" falsecount="3"/>
        <line num="18" count="2560" type="stmt"/>
        <line num="19" count="2560" type="stmt"/>
        <line num="21" count="0" type="stmt"/>
        <line num="22" count="0" type="stmt"/>
        <line num="24" count="0" type="stmt"/>
        <line num="25" count="0" type="stmt"/>
        <line num="26" count="0" type="stmt"/>
        <line num="29" count="2560" type="cond" truecount="0" falsecount="1"/>
        <line num="31" count="2560" type="cond" truecount="1" falsecount="1"/>
        <line num="32" count="0" type="cond" truecount="0" falsecount="4"/>
        <line num="34" count="0" type="cond" truecount="0" falsecount="2"/>
        <line num="36" count="0" type="cond" truecount="0" falsecount="1"/>
        <line num="37" count="0" type="stmt"/>
        <line num="40" count="2560" type="cond" truecount="2" falsecount="3"/>
        <line num="42" count="2560" type="cond" truecount="3" falsecount="1"/>
      </file>
      <file name="constants.js" path="C:\Users\User\Documents\GitHub\minesweeper\src\logic\constants.js">
        <metrics statements="3" coveredstatements="3" conditionals="0" coveredconditionals="0" methods="0" coveredmethods="0"/>
        <line num="1" count="80" type="stmt"/>
        <line num="7" count="40" type="stmt"/>
        <line num="13" count="40" type="stmt"/>
      </file>
      <file name="info.js" path="C:\Users\User\Documents\GitHub\minesweeper\src\logic\info.js">
        <metrics statements="8" coveredstatements="6" conditionals="3" coveredconditionals="1" methods="1" coveredmethods="1"/>
        <line num="1" count="1" type="stmt"/>
        <line num="2" count="1" type="stmt"/>
        <line num="3" count="1" type="stmt"/>
        <line num="5" count="40" type="stmt"/>
        <line num="6" count="40" type="cond" truecount="1" falsecount="2"/>
        <line num="7" count="0" type="stmt"/>
        <line num="8" count="0" type="stmt"/>
        <line num="9" count="40" type="stmt"/>
      </file>
    </package>
  </project>
</coverage>
