<?xml version="1.0" encoding="UTF-8"?>
<coverage generated="1694011466347" clover="3.2.0">
  <project timestamp="1694011466348" name="All files">
    <metrics statements="388" coveredstatements="185" conditionals="121" coveredconditionals="31" methods="76" coveredmethods="29" elements="585" coveredelements="245" complexity="0" loc="388" ncloc="388" packages="3" files="12" classes="12"/>
    <package name="src">
      <metrics statements="152" coveredstatements="47" conditionals="22" coveredconditionals="5" methods="31" coveredmethods="5"/>
      <file name="App.jsx" path="C:\Users\User\Documents\GitHub\minesweeper\src\App.jsx">
        <metrics statements="152" coveredstatements="47" conditionals="22" coveredconditionals="5" methods="31" coveredmethods="5"/>
        <line num="1" count="1" type="stmt"/>
        <line num="2" count="1" type="stmt"/>
        <line num="4" count="1" type="stmt"/>
        <line num="5" count="1" type="stmt"/>
        <line num="6" count="1" type="stmt"/>
        <line num="7" count="1" type="stmt"/>
        <line num="8" count="1" type="stmt"/>
        <line num="10" count="1" type="stmt"/>
        <line num="11" count="1" type="stmt"/>
        <line num="20" count="38" type="stmt"/>
        <line num="21" count="37" type="stmt"/>
        <line num="23" count="37" type="stmt"/>
        <line num="24" count="37" type="stmt"/>
        <line num="25" count="0" type="stmt"/>
        <line num="27" count="0" type="stmt"/>
        <line num="28" count="0" type="stmt"/>
        <line num="29" count="0" type="stmt"/>
        <line num="30" count="0" type="stmt"/>
        <line num="32" count="0" type="stmt"/>
        <line num="33" count="0" type="stmt"/>
        <line num="35" count="0" type="stmt"/>
        <line num="37" count="0" type="stmt"/>
        <line num="42" count="37" type="stmt"/>
        <line num="43" count="0" type="stmt"/>
        <line num="44" count="0" type="stmt"/>
        <line num="46" count="0" type="stmt"/>
        <line num="48" count="0" type="stmt"/>
        <line num="49" count="0" type="cond" truecount="0" falsecount="1"/>
        <line num="50" count="0" type="stmt"/>
        <line num="51" count="0" type="stmt"/>
        <line num="52" count="0" type="stmt"/>
        <line num="53" count="0" type="stmt"/>
        <line num="54" count="0" type="stmt"/>
        <line num="60" count="37" type="stmt"/>
        <line num="61" count="0" type="cond" truecount="0" falsecount="2"/>
        <line num="65" count="37" type="stmt"/>
        <line num="66" count="37" type="stmt"/>
        <line num="67" count="37" type="stmt"/>
        <line num="68" count="37" type="stmt"/>
        <line num="69" count="37" type="stmt"/>
        <line num="70" count="37" type="stmt"/>
        <line num="71" count="37" type="stmt"/>
        <line num="72" count="37" type="stmt"/>
        <line num="73" count="37" type="stmt"/>
        <line num="74" count="37" type="stmt"/>
        <line num="75" count="37" type="stmt"/>
        <line num="77" count="37" type="stmt"/>
        <line num="78" count="0" type="stmt"/>
        <line num="79" count="0" type="stmt"/>
        <line num="82" count="37" type="stmt"/>
        <line num="83" count="0" type="cond" truecount="0" falsecount="4"/>
        <line num="85" count="0" type="stmt"/>
        <line num="86" count="0" type="stmt"/>
        <line num="87" count="0" type="stmt"/>
        <line num="89" count="0" type="stmt"/>
        <line num="90" count="0" type="stmt"/>
        <line num="91" count="0" type="stmt"/>
        <line num="93" count="0" type="stmt"/>
        <line num="94" count="0" type="stmt"/>
        <line num="95" count="0" type="stmt"/>
        <line num="97" count="0" type="stmt"/>
        <line num="98" count="0" type="stmt"/>
        <line num="100" count="0" type="stmt"/>
        <line num="103" count="37" type="stmt"/>
        <line num="104" count="0" type="stmt"/>
        <line num="105" count="0" type="stmt"/>
        <line num="106" count="0" type="stmt"/>
        <line num="107" count="0" type="stmt"/>
        <line num="108" count="0" type="stmt"/>
        <line num="109" count="0" type="stmt"/>
        <line num="110" count="0" type="stmt"/>
        <line num="112" count="0" type="stmt"/>
        <line num="113" count="0" type="stmt"/>
        <line num="116" count="37" type="stmt"/>
        <line num="117" count="0" type="stmt"/>
        <line num="120" count="37" type="stmt"/>
        <line num="121" count="0" type="cond" truecount="0" falsecount="4"/>
        <line num="123" count="0" type="stmt"/>
        <line num="124" count="0" type="stmt"/>
        <line num="126" count="0" type="stmt"/>
        <line num="127" count="0" type="stmt"/>
        <line num="129" count="0" type="stmt"/>
        <line num="130" count="0" type="stmt"/>
        <line num="132" count="0" type="stmt"/>
        <line num="133" count="0" type="stmt"/>
        <line num="135" count="0" type="stmt"/>
        <line num="138" count="37" type="stmt"/>
        <line num="139" count="0" type="stmt"/>
        <line num="140" count="0" type="stmt"/>
        <line num="143" count="37" type="stmt"/>
        <line num="144" count="0" type="stmt"/>
        <line num="145" count="0" type="stmt"/>
        <line num="148" count="37" type="stmt"/>
        <line num="149" count="0" type="stmt"/>
        <line num="150" count="0" type="stmt"/>
        <line num="151" count="0" type="stmt"/>
        <line num="154" count="37" type="stmt"/>
        <line num="155" count="0" type="stmt"/>
        <line num="158" count="37" type="stmt"/>
        <line num="159" count="0" type="stmt"/>
        <line num="160" count="0" type="stmt"/>
        <line num="161" count="0" type="stmt"/>
        <line num="164" count="37" type="stmt"/>
        <line num="165" count="0" type="stmt"/>
        <line num="166" count="0" type="stmt"/>
        <line num="167" count="0" type="stmt"/>
        <line num="169" count="0" type="stmt"/>
        <line num="170" count="0" type="stmt"/>
        <line num="173" count="37" type="stmt"/>
        <line num="174" count="0" type="stmt"/>
        <line num="175" count="0" type="stmt"/>
        <line num="177" count="0" type="stmt"/>
        <line num="178" count="0" type="stmt"/>
        <line num="180" count="0" type="stmt"/>
        <line num="181" count="0" type="stmt"/>
        <line num="182" count="0" type="stmt"/>
        <line num="185" count="37" type="stmt"/>
        <line num="186" count="0" type="stmt"/>
        <line num="188" count="0" type="stmt"/>
        <line num="189" count="0" type="stmt"/>
        <line num="190" count="0" type="stmt"/>
        <line num="193" count="37" type="stmt"/>
        <line num="194" count="0" type="stmt"/>
        <line num="197" count="37" type="stmt"/>
        <line num="198" count="0" type="stmt"/>
        <line num="199" count="0" type="stmt"/>
        <line num="200" count="0" type="stmt"/>
        <line num="201" count="0" type="stmt"/>
        <line num="202" count="0" type="stmt"/>
        <line num="204" count="0" type="stmt"/>
        <line num="206" count="0" type="stmt"/>
        <line num="208" count="0" type="stmt"/>
        <line num="209" count="0" type="stmt"/>
        <line num="210" count="0" type="stmt"/>
        <line num="211" count="0" type="cond" truecount="0" falsecount="2"/>
        <line num="212" count="0" type="stmt"/>
        <line num="213" count="0" type="stmt"/>
        <line num="215" count="0" type="stmt"/>
        <line num="217" count="0" type="stmt"/>
        <line num="221" count="0" type="stmt"/>
        <line num="222" count="0" type="stmt"/>
        <line num="223" count="0" type="stmt"/>
        <line num="224" count="0" type="stmt"/>
        <line num="225" count="0" type="stmt"/>
        <line num="228" count="37" type="stmt"/>
        <line num="229" count="37" type="cond" truecount="1" falsecount="2"/>
        <line num="231" count="37" type="stmt"/>
        <line num="233" count="0" type="stmt"/>
        <line num="235" count="0" type="stmt"/>
        <line num="239" count="37" type="stmt"/>
        <line num="270" count="37" type="stmt"/>
        <line num="277" count="37" type="cond" truecount="2" falsecount="0"/>
      </file>
    </package>
    <package name="src.components">
      <metrics statements="85" coveredstatements="46" conditionals="19" coveredconditionals="1" methods="28" coveredmethods="12"/>
      <file name="BoardModule.jsx" path="C:\Users\User\Documents\GitHub\minesweeper\src\components\BoardModule.jsx">
        <metrics statements="14" coveredstatements="13" conditionals="2" coveredconditionals="1" methods="5" coveredmethods="5"/>
        <line num="1" count="1" type="stmt"/>
        <line num="3" count="1" type="stmt"/>
        <line num="4" count="1" type="stmt"/>
        <line num="6" count="37" type="stmt"/>
        <line num="10" count="37" type="stmt"/>
        <line num="12" count="37" type="stmt"/>
        <line num="13" count="37" type="stmt"/>
        <line num="16" count="37" type="stmt"/>
        <line num="17" count="37" type="cond" truecount="1" falsecount="1"/>
        <line num="18" count="0" type="stmt"/>
        <line num="20" count="37" type="stmt"/>
        <line num="24" count="37" type="stmt"/>
        <line num="32" count="296" type="stmt"/>
        <line num="34" count="2368" type="stmt"/>
      </file>
      <file name="CellModule.jsx" path="C:\Users\User\Documents\GitHub\minesweeper\src\components\CellModule.jsx">
        <metrics statements="41" coveredstatements="18" conditionals="14" coveredconditionals="0" methods="6" coveredmethods="4"/>
        <line num="1" count="1" type="stmt"/>
        <line num="3" count="1" type="stmt"/>
        <line num="4" count="1" type="stmt"/>
        <line num="6" count="2368" type="stmt"/>
        <line num="10" count="2368" type="stmt"/>
        <line num="11" count="2368" type="stmt"/>
        <line num="12" count="2368" type="stmt"/>
        <line num="14" count="2368" type="stmt"/>
        <line num="15" count="2368" type="stmt"/>
        <line num="18" count="2368" type="stmt"/>
        <line num="19" count="2368" type="stmt"/>
        <line num="20" count="2368" type="stmt"/>
        <line num="21" count="2368" type="stmt"/>
        <line num="24" count="2368" type="stmt"/>
        <line num="25" count="2368" type="stmt"/>
        <line num="28" count="2368" type="stmt"/>
        <line num="29" count="0" type="cond" truecount="0" falsecount="1"/>
        <line num="30" count="0" type="stmt"/>
        <line num="31" count="0" type="stmt"/>
        <line num="32" count="0" type="stmt"/>
        <line num="33" count="0" type="cond" truecount="0" falsecount="2"/>
        <line num="34" count="0" type="stmt"/>
        <line num="35" count="0" type="cond" truecount="0" falsecount="2"/>
        <line num="36" count="0" type="stmt"/>
        <line num="38" count="0" type="stmt"/>
        <line num="40" count="0" type="cond" truecount="0" falsecount="1"/>
        <line num="41" count="0" type="stmt"/>
        <line num="42" count="0" type="stmt"/>
        <line num="47" count="2368" type="stmt"/>
        <line num="48" count="0" type="stmt"/>
        <line num="51" count="0" type="cond" truecount="0" falsecount="2"/>
        <line num="52" count="0" type="cond" truecount="0" falsecount="4"/>
        <line num="53" count="0" type="stmt"/>
        <line num="54" count="0" type="stmt"/>
        <line num="55" count="0" type="cond" truecount="0" falsecount="2"/>
        <line num="56" count="0" type="stmt"/>
        <line num="57" count="0" type="stmt"/>
        <line num="59" count="0" type="stmt"/>
        <line num="62" count="0" type="stmt"/>
        <line num="65" count="0" type="stmt"/>
        <line num="68" count="2368" type="stmt"/>
      </file>
      <file name="DebugModule.jsx" path="C:\Users\User\Documents\GitHub\minesweeper\src\components\DebugModule.jsx">
        <metrics statements="10" coveredstatements="2" conditionals="2" coveredconditionals="0" methods="8" coveredmethods="0"/>
        <line num="1" count="1" type="stmt"/>
        <line num="3" count="1" type="stmt"/>
        <line num="4" count="0" type="stmt"/>
        <line num="6" count="0" type="stmt"/>
        <line num="7" count="0" type="stmt"/>
        <line num="9" count="0" type="stmt"/>
        <line num="10" count="0" type="stmt"/>
        <line num="13" count="0" type="stmt"/>
        <line num="14" count="0" type="stmt"/>
        <line num="31" count="0" type="cond" truecount="0" falsecount="2"/>
      </file>
      <file name="InfoModule.jsx" path="C:\Users\User\Documents\GitHub\minesweeper\src\components\InfoModule.jsx">
        <metrics statements="9" coveredstatements="6" conditionals="1" coveredconditionals="0" methods="4" coveredmethods="2"/>
        <line num="1" count="1" type="stmt"/>
        <line num="2" count="1" type="stmt"/>
        <line num="4" count="37" type="stmt"/>
        <line num="5" count="37" type="stmt"/>
        <line num="6" count="37" type="cond" truecount="0" falsecount="1"/>
        <line num="7" count="0" type="stmt"/>
        <line num="8" count="0" type="stmt"/>
        <line num="10" count="0" type="stmt"/>
        <line num="14" count="37" type="stmt"/>
      </file>
      <file name="ModesModule.jsx" path="C:\Users\User\Documents\GitHub\minesweeper\src\components\ModesModule.jsx">
        <metrics statements="11" coveredstatements="7" conditionals="0" coveredconditionals="0" methods="5" coveredmethods="1"/>
        <line num="1" count="1" type="stmt"/>
        <line num="3" count="37" type="stmt"/>
        <line num="4" count="37" type="stmt"/>
        <line num="5" count="0" type="stmt"/>
        <line num="8" count="37" type="stmt"/>
        <line num="9" count="0" type="stmt"/>
        <line num="12" count="37" type="stmt"/>
        <line num="13" count="0" type="stmt"/>
        <line num="16" count="37" type="stmt"/>
        <line num="17" count="0" type="stmt"/>
        <line num="20" count="37" type="stmt"/>
      </file>
    </package>
    <package name="src.logic">
      <metrics statements="151" coveredstatements="92" conditionals="80" coveredconditionals="25" methods="17" coveredmethods="12"/>
      <file name="app.js" path="C:\Users\User\Documents\GitHub\minesweeper\src\logic\app.js">
        <metrics statements="81" coveredstatements="46" conditionals="35" coveredconditionals="13" methods="10" coveredmethods="5"/>
        <line num="1" count="1" type="stmt"/>
        <line num="6" count="1" type="stmt"/>
        <line num="7" count="37" type="cond" truecount="1" falsecount="2"/>
        <line num="8" count="37" type="stmt"/>
        <line num="9" count="0" type="stmt"/>
        <line num="10" count="0" type="stmt"/>
        <line num="14" count="1" type="stmt"/>
        <line num="15" count="37" type="stmt"/>
        <line num="17" count="37" type="stmt"/>
        <line num="18" count="37" type="stmt"/>
        <line num="19" count="37" type="stmt"/>
        <line num="21" count="37" type="stmt"/>
        <line num="22" count="395" type="stmt"/>
        <line num="23" count="395" type="stmt"/>
        <line num="25" count="395" type="cond" truecount="3" falsecount="0"/>
        <line num="26" count="370" type="stmt"/>
        <line num="28" count="370" type="stmt"/>
        <line num="32" count="37" type="stmt"/>
        <line num="33" count="296" type="stmt"/>
        <line num="34" count="2368" type="cond" truecount="1" falsecount="0"/>
        <line num="35" count="1998" type="stmt"/>
        <line num="40" count="37" type="stmt"/>
        <line num="43" count="1" type="stmt"/>
        <line num="44" count="1998" type="stmt"/>
        <line num="46" count="1998" type="stmt"/>
        <line num="47" count="5994" type="cond" truecount="3" falsecount="0"/>
        <line num="48" count="5507" type="stmt"/>
        <line num="49" count="16521" type="cond" truecount="3" falsecount="0"/>
        <line num="50" count="15155" type="cond" truecount="1" falsecount="0"/>
        <line num="51" count="2059" type="stmt"/>
        <line num="58" count="1998" type="stmt"/>
        <line num="61" count="1" type="stmt"/>
        <line num="62" count="37" type="stmt"/>
        <line num="64" count="37" type="stmt"/>
        <line num="65" count="296" type="stmt"/>
        <line num="66" count="2368" type="cond" truecount="1" falsecount="0"/>
        <line num="67" count="1998" type="stmt"/>
        <line num="69" count="1998" type="stmt"/>
        <line num="74" count="37" type="stmt"/>
        <line num="77" count="37" type="stmt"/>
        <line num="78" count="37" type="stmt"/>
        <line num="80" count="37" type="stmt"/>
        <line num="82" count="37" type="stmt"/>
        <line num="85" count="1" type="stmt"/>
        <line num="86" count="0" type="stmt"/>
        <line num="87" count="0" type="stmt"/>
        <line num="89" count="0" type="stmt"/>
        <line num="91" count="0" type="stmt"/>
        <line num="92" count="0" type="stmt"/>
        <line num="93" count="0" type="cond" truecount="0" falsecount="3"/>
        <line num="94" count="0" type="stmt"/>
        <line num="99" count="0" type="cond" truecount="0" falsecount="1"/>
        <line num="100" count="0" type="stmt"/>
        <line num="104" count="0" type="stmt"/>
        <line num="107" count="1" type="stmt"/>
        <line num="108" count="0" type="cond" truecount="0" falsecount="4"/>
        <line num="111" count="1" type="stmt"/>
        <line num="112" count="0" type="stmt"/>
        <line num="114" count="0" type="stmt"/>
        <line num="115" count="0" type="stmt"/>
        <line num="116" count="0" type="cond" truecount="0" falsecount="1"/>
        <line num="117" count="0" type="stmt"/>
        <line num="122" count="0" type="stmt"/>
        <line num="125" count="1" type="cond" truecount="0" falsecount="1"/>
        <line num="126" count="0" type="cond" truecount="0" falsecount="4"/>
        <line num="127" count="0" type="cond" truecount="0" falsecount="1"/>
        <line num="128" count="0" type="stmt"/>
        <line num="131" count="0" type="cond" truecount="0" falsecount="4"/>
        <line num="132" count="0" type="stmt"/>
        <line num="133" count="0" type="stmt"/>
        <line num="134" count="0" type="stmt"/>
        <line num="135" count="0" type="stmt"/>
        <line num="136" count="0" type="stmt"/>
        <line num="137" count="0" type="stmt"/>
        <line num="138" count="0" type="stmt"/>
        <line num="139" count="0" type="stmt"/>
        <line num="140" count="0" type="stmt"/>
        <line num="141" count="0" type="cond" truecount="0" falsecount="1"/>
        <line num="142" count="0" type="stmt"/>
        <line num="147" count="37" type="stmt"/>
        <line num="148" count="0" type="stmt"/>
      </file>
      <file name="board.js" path="C:\Users\User\Documents\GitHub\minesweeper\src\logic\board.js">
        <metrics statements="22" coveredstatements="20" conditionals="3" coveredconditionals="1" methods="4" coveredmethods="4"/>
        <line num="1" count="37" type="stmt"/>
        <line num="2" count="148" type="stmt"/>
        <line num="4" count="148" type="stmt"/>
        <line num="5" count="1184" type="stmt"/>
        <line num="8" count="148" type="stmt"/>
        <line num="11" count="74" type="stmt"/>
        <line num="12" count="74" type="stmt"/>
        <line num="14" count="74" type="stmt"/>
        <line num="15" count="592" type="stmt"/>
        <line num="16" count="4736" type="stmt"/>
        <line num="20" count="74" type="stmt"/>
        <line num="22" count="37" type="stmt"/>
        <line num="23" count="37" type="stmt"/>
        <line num="25" count="37" type="stmt"/>
        <line num="26" count="296" type="stmt"/>
        <line num="27" count="2368" type="stmt"/>
        <line num="31" count="37" type="stmt"/>
        <line num="34" count="37" type="stmt"/>
        <line num="35" count="37" type="cond" truecount="1" falsecount="2"/>
        <line num="36" count="0" type="stmt"/>
        <line num="37" count="0" type="stmt"/>
        <line num="38" count="37" type="stmt"/>
      </file>
      <file name="cell.js" path="C:\Users\User\Documents\GitHub\minesweeper\src\logic\cell.js">
        <metrics statements="14" coveredstatements="4" conditionals="11" coveredconditionals="1" methods="1" coveredmethods="1"/>
        <line num="1" count="2368" type="stmt"/>
        <line num="4" count="2368" type="cond" truecount="1" falsecount="1"/>
        <line num="5" count="0" type="cond" truecount="0" falsecount="9"/>
        <line num="6" count="0" type="stmt"/>
        <line num="7" count="0" type="stmt"/>
        <line num="8" count="0" type="stmt"/>
        <line num="9" count="0" type="stmt"/>
        <line num="10" count="0" type="stmt"/>
        <line num="11" count="0" type="stmt"/>
        <line num="12" count="0" type="stmt"/>
        <line num="13" count="0" type="stmt"/>
        <line num="14" count="0" type="stmt"/>
        <line num="17" count="2368" type="stmt"/>
        <line num="20" count="2368" type="stmt"/>
      </file>
      <file name="cellContent.jsx" path="C:\Users\User\Documents\GitHub\minesweeper\src\logic\cellContent.jsx">
        <metrics statements="23" coveredstatements="13" conditionals="28" coveredconditionals="9" methods="1" coveredmethods="1"/>
        <line num="1" count="1" type="stmt"/>
        <line num="3" count="1" type="stmt"/>
        <line num="4" count="1" type="stmt"/>
        <line num="6" count="2368" type="stmt"/>
        <line num="10" count="2368" type="cond" truecount="2" falsecount="3"/>
        <line num="11" count="0" type="stmt"/>
        <line num="13" count="2368" type="stmt"/>
        <line num="16" count="2368" type="cond" truecount="1" falsecount="3"/>
        <line num="18" count="2368" type="stmt"/>
        <line num="19" count="2368" type="stmt"/>
        <line num="21" count="0" type="stmt"/>
        <line num="22" count="0" type="stmt"/>
        <line num="24" count="0" type="stmt"/>
        <line num="25" count="0" type="stmt"/>
        <line num="26" count="0" type="stmt"/>
        <line num="29" count="2368" type="cond" truecount="0" falsecount="1"/>
        <line num="31" count="2368" type="cond" truecount="1" falsecount="1"/>
        <line num="32" count="0" type="cond" truecount="0" falsecount="4"/>
        <line num="34" count="0" type="cond" truecount="0" falsecount="2"/>
        <line num="36" count="0" type="cond" truecount="0" falsecount="1"/>
        <line num="37" count="0" type="stmt"/>
        <line num="40" count="2368" type="cond" truecount="2" falsecount="3"/>
        <line num="42" count="2368" type="cond" truecount="3" falsecount="1"/>
      </file>
      <file name="constants.js" path="C:\Users\User\Documents\GitHub\minesweeper\src\logic\constants.js">
        <metrics statements="3" coveredstatements="3" conditionals="0" coveredconditionals="0" methods="0" coveredmethods="0"/>
        <line num="1" count="74" type="stmt"/>
        <line num="7" count="37" type="stmt"/>
        <line num="13" count="37" type="stmt"/>
      </file>
      <file name="info.js" path="C:\Users\User\Documents\GitHub\minesweeper\src\logic\info.js">
        <metrics statements="8" coveredstatements="6" conditionals="3" coveredconditionals="1" methods="1" coveredmethods="1"/>
        <line num="1" count="1" type="stmt"/>
        <line num="2" count="1" type="stmt"/>
        <line num="3" count="1" type="stmt"/>
        <line num="5" count="37" type="stmt"/>
        <line num="6" count="37" type="cond" truecount="1" falsecount="2"/>
        <line num="7" count="0" type="stmt"/>
        <line num="8" count="0" type="stmt"/>
        <line num="9" count="37" type="stmt"/>
      </file>
    </package>
  </project>
</coverage>
