{"C:\\Users\\User\\Documents\\GitHub\\minesweeper\\src\\App.jsx": {"path":"C:\\Users\\User\\Documents\\GitHub\\minesweeper\\src\\App.jsx","statementMap":{"0":{"start":{"line":270,"column":0},"end":{"line":270,"column":15}},"1":{"start":{"line":1,"column":7},"end":{"line":1,"column":null}},"2":{"start":{"line":2,"column":43},"end":{"line":2,"column":null}},"3":{"start":{"line":4,"column":28},"end":{"line":4,"column":null}},"4":{"start":{"line":5,"column":27},"end":{"line":5,"column":null}},"5":{"start":{"line":6,"column":28},"end":{"line":6,"column":null}},"6":{"start":{"line":7,"column":124},"end":{"line":7,"column":null}},"7":{"start":{"line":8,"column":91},"end":{"line":8,"column":null}},"8":{"start":{"line":10,"column":28},"end":{"line":10,"column":null}},"9":{"start":{"line":11,"column":60},"end":{"line":11,"column":null}},"10":{"start":{"line":20,"column":32},"end":{"line":20,"column":null}},"11":{"start":{"line":21,"column":38},"end":{"line":21,"column":null}},"12":{"start":{"line":23,"column":2},"end":{"line":40,"column":null}},"13":{"start":{"line":24,"column":4},"end":{"line":39,"column":null}},"14":{"start":{"line":25,"column":19},"end":{"line":25,"column":null}},"15":{"start":{"line":27,"column":32},"end":{"line":27,"column":42}},"16":{"start":{"line":28,"column":34},"end":{"line":28,"column":null}},"17":{"start":{"line":29,"column":30},"end":{"line":29,"column":52}},"18":{"start":{"line":30,"column":27},"end":{"line":30,"column":null}},"19":{"start":{"line":32,"column":8},"end":{"line":38,"column":null}},"20":{"start":{"line":33,"column":23},"end":{"line":33,"column":null}},"21":{"start":{"line":35,"column":32},"end":{"line":35,"column":43}},"22":{"start":{"line":37,"column":12},"end":{"line":37,"column":null}},"23":{"start":{"line":42,"column":2},"end":{"line":58,"column":null}},"24":{"start":{"line":43,"column":4},"end":{"line":57,"column":null}},"25":{"start":{"line":44,"column":19},"end":{"line":44,"column":null}},"26":{"start":{"line":46,"column":22},"end":{"line":46,"column":65}},"27":{"start":{"line":48,"column":8},"end":{"line":56,"column":null}},"28":{"start":{"line":48,"column":27},"end":{"line":48,"column":30}},"29":{"start":{"line":49,"column":10},"end":{"line":55,"column":null}},"30":{"start":{"line":50,"column":25},"end":{"line":50,"column":null}},"31":{"start":{"line":51,"column":24},"end":{"line":51,"column":31}},"32":{"start":{"line":52,"column":32},"end":{"line":52,"column":null}},"33":{"start":{"line":53,"column":12},"end":{"line":53,"column":null}},"34":{"start":{"line":54,"column":12},"end":{"line":54,"column":null}},"35":{"start":{"line":60,"column":24},"end":{"line":62,"column":null}},"36":{"start":{"line":61,"column":4},"end":{"line":61,"column":null}},"37":{"start":{"line":65,"column":32},"end":{"line":65,"column":null}},"38":{"start":{"line":66,"column":42},"end":{"line":66,"column":null}},"39":{"start":{"line":67,"column":28},"end":{"line":67,"column":null}},"40":{"start":{"line":68,"column":46},"end":{"line":68,"column":null}},"41":{"start":{"line":69,"column":46},"end":{"line":69,"column":null}},"42":{"start":{"line":70,"column":30},"end":{"line":70,"column":null}},"43":{"start":{"line":71,"column":38},"end":{"line":71,"column":null}},"44":{"start":{"line":72,"column":46},"end":{"line":72,"column":null}},"45":{"start":{"line":73,"column":28},"end":{"line":73,"column":null}},"46":{"start":{"line":74,"column":38},"end":{"line":74,"column":null}},"47":{"start":{"line":75,"column":50},"end":{"line":75,"column":null}},"48":{"start":{"line":77,"column":25},"end":{"line":80,"column":null}},"49":{"start":{"line":78,"column":23},"end":{"line":78,"column":null}},"50":{"start":{"line":79,"column":4},"end":{"line":79,"column":null}},"51":{"start":{"line":82,"column":25},"end":{"line":101,"column":null}},"52":{"start":{"line":83,"column":4},"end":{"line":99,"column":null}},"53":{"start":{"line":85,"column":8},"end":{"line":85,"column":null}},"54":{"start":{"line":86,"column":8},"end":{"line":86,"column":null}},"55":{"start":{"line":87,"column":8},"end":{"line":87,"column":null}},"56":{"start":{"line":89,"column":8},"end":{"line":89,"column":null}},"57":{"start":{"line":90,"column":8},"end":{"line":90,"column":null}},"58":{"start":{"line":91,"column":8},"end":{"line":91,"column":null}},"59":{"start":{"line":93,"column":8},"end":{"line":93,"column":null}},"60":{"start":{"line":94,"column":8},"end":{"line":94,"column":null}},"61":{"start":{"line":95,"column":8},"end":{"line":95,"column":null}},"62":{"start":{"line":97,"column":8},"end":{"line":97,"column":null}},"63":{"start":{"line":98,"column":8},"end":{"line":98,"column":null}},"64":{"start":{"line":100,"column":4},"end":{"line":100,"column":null}},"65":{"start":{"line":103,"column":21},"end":{"line":114,"column":null}},"66":{"start":{"line":104,"column":4},"end":{"line":104,"column":null}},"67":{"start":{"line":105,"column":4},"end":{"line":105,"column":null}},"68":{"start":{"line":106,"column":4},"end":{"line":106,"column":null}},"69":{"start":{"line":107,"column":4},"end":{"line":107,"column":null}},"70":{"start":{"line":108,"column":4},"end":{"line":108,"column":null}},"71":{"start":{"line":109,"column":4},"end":{"line":109,"column":null}},"72":{"start":{"line":110,"column":4},"end":{"line":110,"column":null}},"73":{"start":{"line":112,"column":25},"end":{"line":112,"column":null}},"74":{"start":{"line":113,"column":4},"end":{"line":113,"column":null}},"75":{"start":{"line":116,"column":2},"end":{"line":118,"column":null}},"76":{"start":{"line":117,"column":4},"end":{"line":117,"column":null}},"77":{"start":{"line":120,"column":29},"end":{"line":136,"column":null}},"78":{"start":{"line":121,"column":4},"end":{"line":134,"column":null}},"79":{"start":{"line":123,"column":8},"end":{"line":123,"column":null}},"80":{"start":{"line":124,"column":8},"end":{"line":124,"column":null}},"81":{"start":{"line":126,"column":8},"end":{"line":126,"column":null}},"82":{"start":{"line":127,"column":8},"end":{"line":127,"column":null}},"83":{"start":{"line":129,"column":8},"end":{"line":129,"column":null}},"84":{"start":{"line":130,"column":8},"end":{"line":130,"column":null}},"85":{"start":{"line":132,"column":8},"end":{"line":132,"column":null}},"86":{"start":{"line":133,"column":8},"end":{"line":133,"column":null}},"87":{"start":{"line":135,"column":4},"end":{"line":135,"column":null}},"88":{"start":{"line":138,"column":30},"end":{"line":141,"column":null}},"89":{"start":{"line":139,"column":4},"end":{"line":139,"column":null}},"90":{"start":{"line":140,"column":4},"end":{"line":140,"column":null}},"91":{"start":{"line":143,"column":27},"end":{"line":146,"column":null}},"92":{"start":{"line":144,"column":4},"end":{"line":144,"column":null}},"93":{"start":{"line":145,"column":4},"end":{"line":145,"column":null}},"94":{"start":{"line":148,"column":44},"end":{"line":152,"column":null}},"95":{"start":{"line":149,"column":21},"end":{"line":149,"column":null}},"96":{"start":{"line":150,"column":4},"end":{"line":150,"column":null}},"97":{"start":{"line":151,"column":4},"end":{"line":151,"column":null}},"98":{"start":{"line":154,"column":20},"end":{"line":156,"column":null}},"99":{"start":{"line":155,"column":4},"end":{"line":155,"column":null}},"100":{"start":{"line":158,"column":18},"end":{"line":162,"column":null}},"101":{"start":{"line":159,"column":4},"end":{"line":159,"column":null}},"102":{"start":{"line":160,"column":4},"end":{"line":160,"column":null}},"103":{"start":{"line":161,"column":4},"end":{"line":161,"column":null}},"104":{"start":{"line":164,"column":19},"end":{"line":171,"column":null}},"105":{"start":{"line":165,"column":4},"end":{"line":165,"column":null}},"106":{"start":{"line":166,"column":4},"end":{"line":166,"column":null}},"107":{"start":{"line":167,"column":4},"end":{"line":167,"column":null}},"108":{"start":{"line":169,"column":23},"end":{"line":169,"column":null}},"109":{"start":{"line":170,"column":4},"end":{"line":170,"column":null}},"110":{"start":{"line":173,"column":23},"end":{"line":183,"column":null}},"111":{"start":{"line":174,"column":32},"end":{"line":174,"column":null}},"112":{"start":{"line":175,"column":30},"end":{"line":175,"column":null}},"113":{"start":{"line":177,"column":24},"end":{"line":177,"column":41}},"114":{"start":{"line":178,"column":23},"end":{"line":178,"column":43}},"115":{"start":{"line":180,"column":4},"end":{"line":180,"column":null}},"116":{"start":{"line":181,"column":4},"end":{"line":181,"column":null}},"117":{"start":{"line":182,"column":4},"end":{"line":182,"column":null}},"118":{"start":{"line":185,"column":33},"end":{"line":191,"column":null}},"119":{"start":{"line":186,"column":32},"end":{"line":186,"column":null}},"120":{"start":{"line":188,"column":4},"end":{"line":188,"column":null}},"121":{"start":{"line":189,"column":4},"end":{"line":189,"column":null}},"122":{"start":{"line":190,"column":4},"end":{"line":190,"column":null}},"123":{"start":{"line":193,"column":20},"end":{"line":195,"column":null}},"124":{"start":{"line":194,"column":4},"end":{"line":194,"column":null}},"125":{"start":{"line":197,"column":28},"end":{"line":226,"column":null}},"126":{"start":{"line":198,"column":30},"end":{"line":198,"column":null}},"127":{"start":{"line":199,"column":17},"end":{"line":199,"column":null}},"128":{"start":{"line":200,"column":18},"end":{"line":200,"column":null}},"129":{"start":{"line":201,"column":19},"end":{"line":201,"column":30}},"130":{"start":{"line":202,"column":24},"end":{"line":202,"column":null}},"131":{"start":{"line":204,"column":22},"end":{"line":204,"column":null}},"132":{"start":{"line":206,"column":27},"end":{"line":206,"column":null}},"133":{"start":{"line":208,"column":26},"end":{"line":208,"column":null}},"134":{"start":{"line":209,"column":4},"end":{"line":219,"column":null}},"135":{"start":{"line":209,"column":19},"end":{"line":209,"column":22}},"136":{"start":{"line":210,"column":6},"end":{"line":218,"column":null}},"137":{"start":{"line":210,"column":21},"end":{"line":210,"column":24}},"138":{"start":{"line":211,"column":8},"end":{"line":216,"column":null}},"139":{"start":{"line":212,"column":10},"end":{"line":212,"column":null}},"140":{"start":{"line":213,"column":10},"end":{"line":213,"column":null}},"141":{"start":{"line":215,"column":10},"end":{"line":215,"column":null}},"142":{"start":{"line":217,"column":8},"end":{"line":217,"column":null}},"143":{"start":{"line":221,"column":33},"end":{"line":221,"column":null}},"144":{"start":{"line":222,"column":4},"end":{"line":222,"column":null}},"145":{"start":{"line":223,"column":4},"end":{"line":223,"column":null}},"146":{"start":{"line":224,"column":4},"end":{"line":224,"column":null}},"147":{"start":{"line":225,"column":4},"end":{"line":225,"column":null}},"148":{"start":{"line":228,"column":27},"end":{"line":237,"column":null}},"149":{"start":{"line":229,"column":4},"end":{"line":236,"column":null}},"150":{"start":{"line":231,"column":8},"end":{"line":231,"column":null}},"151":{"start":{"line":233,"column":8},"end":{"line":233,"column":null}},"152":{"start":{"line":235,"column":8},"end":{"line":235,"column":null}},"153":{"start":{"line":239,"column":22},"end":{"line":239,"column":null}},"154":{"start":{"line":270,"column":15},"end":{"line":270,"column":null}},"155":{"start":{"line":277,"column":38},"end":{"line":277,"column":37011}},"156":{"start":{"line":277,"column":42},"end":{"line":277,"column":37000}},"157":{"start":{"line":277,"column":37036},"end":{"line":277,"column":37077}},"158":{"start":{"line":277,"column":37040},"end":{"line":277,"column":37065}},"159":{"start":{"line":277,"column":37077},"end":{"line":277,"column":37085}},"160":{"start":{"line":277,"column":37110},"end":{"line":277,"column":37153}},"161":{"start":{"line":277,"column":37114},"end":{"line":277,"column":37141}},"162":{"start":{"line":277,"column":37153},"end":{"line":277,"column":37161}},"163":{"start":{"line":277,"column":37180},"end":{"line":277,"column":37217}},"164":{"start":{"line":277,"column":37184},"end":{"line":277,"column":37206}},"165":{"start":{"line":277,"column":37236},"end":{"line":277,"column":37276}},"166":{"start":{"line":277,"column":37240},"end":{"line":277,"column":37265}}},"fnMap":{"0":{"name":"App","decl":{"start":{"line":17,"column":9},"end":{"line":17,"column":null}},"loc":{"start":{"line":17,"column":9},"end":{"line":268,"column":null}}},"1":{"name":"(anonymous_5)","decl":{"start":{"line":23,"column":12},"end":{"line":23,"column":null}},"loc":{"start":{"line":23,"column":12},"end":{"line":40,"column":5}}},"2":{"name":"(anonymous_6)","decl":{"start":{"line":25,"column":12},"end":{"line":25,"column":19}},"loc":{"start":{"line":25,"column":19},"end":{"line":25,"column":null}}},"3":{"name":"(anonymous_7)","decl":{"start":{"line":26,"column":12},"end":{"line":26,"column":13}},"loc":{"start":{"line":26,"column":13},"end":{"line":39,"column":null}}},"4":{"name":"(anonymous_8)","decl":{"start":{"line":33,"column":16},"end":{"line":33,"column":23}},"loc":{"start":{"line":33,"column":23},"end":{"line":33,"column":null}}},"5":{"name":"(anonymous_9)","decl":{"start":{"line":34,"column":16},"end":{"line":34,"column":17}},"loc":{"start":{"line":34,"column":17},"end":{"line":38,"column":null}}},"6":{"name":"(anonymous_10)","decl":{"start":{"line":42,"column":12},"end":{"line":42,"column":null}},"loc":{"start":{"line":42,"column":12},"end":{"line":58,"column":5}}},"7":{"name":"(anonymous_11)","decl":{"start":{"line":44,"column":12},"end":{"line":44,"column":19}},"loc":{"start":{"line":44,"column":19},"end":{"line":44,"column":null}}},"8":{"name":"(anonymous_12)","decl":{"start":{"line":45,"column":12},"end":{"line":45,"column":13}},"loc":{"start":{"line":45,"column":13},"end":{"line":57,"column":null}}},"9":{"name":"(anonymous_13)","decl":{"start":{"line":60,"column":24},"end":{"line":60,"column":25}},"loc":{"start":{"line":60,"column":25},"end":{"line":62,"column":null}}},"10":{"name":"(anonymous_14)","decl":{"start":{"line":77,"column":25},"end":{"line":77,"column":null}},"loc":{"start":{"line":77,"column":25},"end":{"line":80,"column":null}}},"11":{"name":"(anonymous_15)","decl":{"start":{"line":82,"column":25},"end":{"line":82,"column":26}},"loc":{"start":{"line":82,"column":26},"end":{"line":101,"column":null}}},"12":{"name":"(anonymous_16)","decl":{"start":{"line":103,"column":21},"end":{"line":103,"column":null}},"loc":{"start":{"line":103,"column":21},"end":{"line":114,"column":null}}},"13":{"name":"(anonymous_17)","decl":{"start":{"line":116,"column":12},"end":{"line":116,"column":null}},"loc":{"start":{"line":116,"column":12},"end":{"line":118,"column":5}}},"14":{"name":"(anonymous_18)","decl":{"start":{"line":120,"column":29},"end":{"line":120,"column":null}},"loc":{"start":{"line":120,"column":29},"end":{"line":136,"column":null}}},"15":{"name":"(anonymous_19)","decl":{"start":{"line":138,"column":30},"end":{"line":138,"column":31}},"loc":{"start":{"line":138,"column":36},"end":{"line":141,"column":null}}},"16":{"name":"(anonymous_20)","decl":{"start":{"line":143,"column":27},"end":{"line":143,"column":28}},"loc":{"start":{"line":143,"column":33},"end":{"line":146,"column":null}}},"17":{"name":"(anonymous_21)","decl":{"start":{"line":148,"column":44},"end":{"line":148,"column":45}},"loc":{"start":{"line":148,"column":58},"end":{"line":152,"column":null}}},"18":{"name":"(anonymous_22)","decl":{"start":{"line":154,"column":20},"end":{"line":154,"column":null}},"loc":{"start":{"line":154,"column":20},"end":{"line":156,"column":null}}},"19":{"name":"(anonymous_23)","decl":{"start":{"line":158,"column":18},"end":{"line":158,"column":null}},"loc":{"start":{"line":158,"column":18},"end":{"line":162,"column":null}}},"20":{"name":"(anonymous_24)","decl":{"start":{"line":164,"column":19},"end":{"line":164,"column":null}},"loc":{"start":{"line":164,"column":19},"end":{"line":171,"column":null}}},"21":{"name":"(anonymous_25)","decl":{"start":{"line":173,"column":23},"end":{"line":173,"column":24}},"loc":{"start":{"line":173,"column":29},"end":{"line":183,"column":null}}},"22":{"name":"(anonymous_26)","decl":{"start":{"line":185,"column":33},"end":{"line":185,"column":34}},"loc":{"start":{"line":185,"column":39},"end":{"line":191,"column":null}}},"23":{"name":"(anonymous_27)","decl":{"start":{"line":193,"column":20},"end":{"line":193,"column":null}},"loc":{"start":{"line":193,"column":20},"end":{"line":195,"column":null}}},"24":{"name":"(anonymous_28)","decl":{"start":{"line":197,"column":28},"end":{"line":197,"column":29}},"loc":{"start":{"line":197,"column":29},"end":{"line":226,"column":null}}},"25":{"name":"(anonymous_29)","decl":{"start":{"line":228,"column":27},"end":{"line":228,"column":28}},"loc":{"start":{"line":228,"column":28},"end":{"line":237,"column":null}}},"26":{"name":"oo_cm","decl":{"start":{"line":277,"column":30},"end":{"line":277,"column":38}},"loc":{"start":{"line":277,"column":30},"end":{"line":277,"column":37013}}},"27":{"name":"oo_oo","decl":{"start":{"line":277,"column":37022},"end":{"line":277,"column":37028}},"loc":{"start":{"line":277,"column":37034},"end":{"line":277,"column":37087}}},"28":{"name":"oo_tr","decl":{"start":{"line":277,"column":37096},"end":{"line":277,"column":37102}},"loc":{"start":{"line":277,"column":37108},"end":{"line":277,"column":37163}}},"29":{"name":"oo_ts","decl":{"start":{"line":277,"column":37172},"end":{"line":277,"column":37180}},"loc":{"start":{"line":277,"column":37172},"end":{"line":277,"column":37219}}},"30":{"name":"oo_te","decl":{"start":{"line":277,"column":37228},"end":{"line":277,"column":37236}},"loc":{"start":{"line":277,"column":37228},"end":{"line":277,"column":37278}}}},"branchMap":{"0":{"loc":{"start":{"line":49,"column":10},"end":{"line":55,"column":null}},"type":"if","locations":[{"start":{"line":49,"column":10},"end":{"line":55,"column":null}}]},"1":{"loc":{"start":{"line":61,"column":12},"end":{"line":61,"column":null}},"type":"binary-expr","locations":[{"start":{"line":61,"column":12},"end":{"line":61,"column":38}},{"start":{"line":61,"column":38},"end":{"line":61,"column":null}}]},"2":{"loc":{"start":{"line":83,"column":4},"end":{"line":99,"column":null}},"type":"switch","locations":[{"start":{"line":84,"column":6},"end":{"line":87,"column":null}},{"start":{"line":88,"column":6},"end":{"line":91,"column":null}},{"start":{"line":92,"column":6},"end":{"line":95,"column":null}},{"start":{"line":96,"column":6},"end":{"line":98,"column":null}}]},"3":{"loc":{"start":{"line":121,"column":4},"end":{"line":134,"column":null}},"type":"switch","locations":[{"start":{"line":122,"column":6},"end":{"line":124,"column":null}},{"start":{"line":125,"column":6},"end":{"line":127,"column":null}},{"start":{"line":128,"column":6},"end":{"line":130,"column":null}},{"start":{"line":131,"column":6},"end":{"line":133,"column":null}}]},"4":{"loc":{"start":{"line":211,"column":8},"end":{"line":216,"column":null}},"type":"if","locations":[{"start":{"line":211,"column":8},"end":{"line":216,"column":null}},{"start":{"line":214,"column":15},"end":{"line":216,"column":null}}]},"5":{"loc":{"start":{"line":229,"column":4},"end":{"line":236,"column":null}},"type":"switch","locations":[{"start":{"line":230,"column":6},"end":{"line":231,"column":null}},{"start":{"line":232,"column":6},"end":{"line":233,"column":null}},{"start":{"line":234,"column":6},"end":{"line":235,"column":null}}]},"6":{"loc":{"start":{"line":243,"column":178},"end":{"line":243,"column":274}},"type":"cond-expr","locations":[{"start":{"line":243,"column":191},"end":{"line":243,"column":271}},{"start":{"line":243,"column":271},"end":{"line":243,"column":274}}]},"7":{"loc":{"start":{"line":248,"column":9},"end":{"line":250,"column":9}},"type":"binary-expr","locations":[{"start":{"line":248,"column":9},"end":{"line":248,"column":27}},{"start":{"line":248,"column":27},"end":{"line":250,"column":9}}]},"8":{"loc":{"start":{"line":277,"column":49},"end":{"line":277,"column":37000}},"type":"binary-expr","locations":[{"start":{"line":277,"column":49},"end":{"line":277,"column":90}},{"start":{"line":277,"column":90},"end":{"line":277,"column":37000}}]}},"s":{"0":37,"1":1,"2":1,"3":1,"4":1,"5":1,"6":1,"7":1,"8":1,"9":1,"10":38,"11":37,"12":37,"13":37,"14":0,"15":0,"16":0,"17":0,"18":0,"19":0,"20":0,"21":0,"22":0,"23":37,"24":0,"25":0,"26":0,"27":0,"28":0,"29":0,"30":0,"31":0,"32":0,"33":0,"34":0,"35":37,"36":0,"37":37,"38":37,"39":37,"40":37,"41":37,"42":37,"43":37,"44":37,"45":37,"46":37,"47":37,"48":37,"49":0,"50":0,"51":37,"52":0,"53":0,"54":0,"55":0,"56":0,"57":0,"58":0,"59":0,"60":0,"61":0,"62":0,"63":0,"64":0,"65":37,"66":0,"67":0,"68":0,"69":0,"70":0,"71":0,"72":0,"73":0,"74":0,"75":37,"76":0,"77":37,"78":0,"79":0,"80":0,"81":0,"82":0,"83":0,"84":0,"85":0,"86":0,"87":0,"88":37,"89":0,"90":0,"91":37,"92":0,"93":0,"94":37,"95":0,"96":0,"97":0,"98":37,"99":0,"100":37,"101":0,"102":0,"103":0,"104":37,"105":0,"106":0,"107":0,"108":0,"109":0,"110":37,"111":0,"112":0,"113":0,"114":0,"115":0,"116":0,"117":0,"118":37,"119":0,"120":0,"121":0,"122":0,"123":37,"124":0,"125":37,"126":0,"127":0,"128":0,"129":0,"130":0,"131":0,"132":0,"133":0,"134":0,"135":0,"136":0,"137":0,"138":0,"139":0,"140":0,"141":0,"142":0,"143":0,"144":0,"145":0,"146":0,"147":0,"148":37,"149":37,"150":37,"151":0,"152":0,"153":37,"154":1,"155":37,"156":37,"157":37,"158":37,"159":37,"160":0,"161":0,"162":0,"163":0,"164":0,"165":0,"166":0},"f":{"0":38,"1":37,"2":0,"3":0,"4":0,"5":0,"6":0,"7":0,"8":0,"9":0,"10":0,"11":0,"12":0,"13":0,"14":0,"15":0,"16":0,"17":0,"18":0,"19":0,"20":0,"21":0,"22":0,"23":0,"24":0,"25":37,"26":37,"27":37,"28":0,"29":0,"30":0},"b":{"0":[0],"1":[0,0],"2":[0,0,0,0],"3":[0,0,0,0],"4":[0,0],"5":[37,0,0],"6":[0,37],"7":[37,0],"8":[37,1]}}
,"C:\\Users\\User\\Documents\\GitHub\\minesweeper\\src\\components\\BoardModule.jsx": {"path":"C:\\Users\\User\\Documents\\GitHub\\minesweeper\\src\\components\\BoardModule.jsx","statementMap":{"0":{"start":{"line":6,"column":13},"end":{"line":6,"column":27}},"1":{"start":{"line":1,"column":43},"end":{"line":1,"column":null}},"2":{"start":{"line":3,"column":27},"end":{"line":3,"column":null}},"3":{"start":{"line":4,"column":36},"end":{"line":4,"column":null}},"4":{"start":{"line":6,"column":27},"end":{"line":60,"column":null}},"5":{"start":{"line":10,"column":40},"end":{"line":10,"column":null}},"6":{"start":{"line":12,"column":2},"end":{"line":14,"column":null}},"7":{"start":{"line":13,"column":4},"end":{"line":13,"column":null}},"8":{"start":{"line":16,"column":27},"end":{"line":22,"column":null}},"9":{"start":{"line":17,"column":4},"end":{"line":21,"column":null}},"10":{"start":{"line":18,"column":6},"end":{"line":18,"column":null}},"11":{"start":{"line":20,"column":6},"end":{"line":20,"column":null}},"12":{"start":{"line":24,"column":2},"end":{"line":55,"column":null}},"13":{"start":{"line":32,"column":18},"end":{"line":53,"column":null}},"14":{"start":{"line":34,"column":22},"end":{"line":50,"column":null}}},"fnMap":{"0":{"name":"(anonymous_4)","decl":{"start":{"line":6,"column":27},"end":{"line":6,"column":28}},"loc":{"start":{"line":9,"column":1},"end":{"line":60,"column":null}}},"1":{"name":"(anonymous_5)","decl":{"start":{"line":12,"column":12},"end":{"line":12,"column":null}},"loc":{"start":{"line":12,"column":12},"end":{"line":14,"column":5}}},"2":{"name":"(anonymous_6)","decl":{"start":{"line":16,"column":27},"end":{"line":16,"column":null}},"loc":{"start":{"line":16,"column":27},"end":{"line":22,"column":null}}},"3":{"name":"(anonymous_7)","decl":{"start":{"line":31,"column":29},"end":{"line":31,"column":30}},"loc":{"start":{"line":31,"column":35},"end":{"line":55,"column":null}}},"4":{"name":"(anonymous_8)","decl":{"start":{"line":33,"column":28},"end":{"line":33,"column":29}},"loc":{"start":{"line":33,"column":35},"end":{"line":53,"column":null}}}},"branchMap":{"0":{"loc":{"start":{"line":17,"column":4},"end":{"line":21,"column":null}},"type":"if","locations":[{"start":{"line":17,"column":4},"end":{"line":21,"column":null}},{"start":{"line":19,"column":11},"end":{"line":21,"column":null}}]}},"s":{"0":37,"1":1,"2":1,"3":1,"4":1,"5":37,"6":37,"7":37,"8":37,"9":37,"10":0,"11":37,"12":37,"13":296,"14":2368},"f":{"0":37,"1":37,"2":37,"3":296,"4":2368},"b":{"0":[0,37]}}
,"C:\\Users\\User\\Documents\\GitHub\\minesweeper\\src\\components\\CellModule.jsx": {"path":"C:\\Users\\User\\Documents\\GitHub\\minesweeper\\src\\components\\CellModule.jsx","statementMap":{"0":{"start":{"line":6,"column":13},"end":{"line":6,"column":26}},"1":{"start":{"line":1,"column":43},"end":{"line":1,"column":null}},"2":{"start":{"line":3,"column":28},"end":{"line":3,"column":null}},"3":{"start":{"line":4,"column":29},"end":{"line":4,"column":null}},"4":{"start":{"line":6,"column":26},"end":{"line":73,"column":null}},"5":{"start":{"line":10,"column":32},"end":{"line":10,"column":null}},"6":{"start":{"line":11,"column":26},"end":{"line":11,"column":null}},"7":{"start":{"line":12,"column":32},"end":{"line":12,"column":null}},"8":{"start":{"line":14,"column":2},"end":{"line":16,"column":null}},"9":{"start":{"line":15,"column":4},"end":{"line":15,"column":null}},"10":{"start":{"line":18,"column":28},"end":{"line":22,"column":null}},"11":{"start":{"line":19,"column":4},"end":{"line":19,"column":null}},"12":{"start":{"line":20,"column":4},"end":{"line":20,"column":null}},"13":{"start":{"line":21,"column":4},"end":{"line":21,"column":null}},"14":{"start":{"line":24,"column":2},"end":{"line":26,"column":null}},"15":{"start":{"line":25,"column":4},"end":{"line":25,"column":null}},"16":{"start":{"line":28,"column":22},"end":{"line":45,"column":null}},"17":{"start":{"line":29,"column":4},"end":{"line":44,"column":null}},"18":{"start":{"line":30,"column":6},"end":{"line":30,"column":null}},"19":{"start":{"line":31,"column":6},"end":{"line":31,"column":null}},"20":{"start":{"line":32,"column":6},"end":{"line":32,"column":null}},"21":{"start":{"line":33,"column":6},"end":{"line":39,"column":null}},"22":{"start":{"line":34,"column":8},"end":{"line":34,"column":null}},"23":{"start":{"line":35,"column":13},"end":{"line":39,"column":null}},"24":{"start":{"line":36,"column":8},"end":{"line":36,"column":null}},"25":{"start":{"line":38,"column":8},"end":{"line":38,"column":null}},"26":{"start":{"line":40,"column":6},"end":{"line":43,"column":null}},"27":{"start":{"line":41,"column":8},"end":{"line":41,"column":null}},"28":{"start":{"line":42,"column":8},"end":{"line":42,"column":null}},"29":{"start":{"line":47,"column":27},"end":{"line":66,"column":null}},"30":{"start":{"line":48,"column":4},"end":{"line":48,"column":null}},"31":{"start":{"line":51,"column":4},"end":{"line":63,"column":null}},"32":{"start":{"line":52,"column":6},"end":{"line":60,"column":null}},"33":{"start":{"line":53,"column":8},"end":{"line":53,"column":null}},"34":{"start":{"line":54,"column":8},"end":{"line":54,"column":null}},"35":{"start":{"line":55,"column":13},"end":{"line":60,"column":null}},"36":{"start":{"line":56,"column":8},"end":{"line":56,"column":null}},"37":{"start":{"line":57,"column":8},"end":{"line":57,"column":null}},"38":{"start":{"line":59,"column":8},"end":{"line":59,"column":null}},"39":{"start":{"line":62,"column":6},"end":{"line":62,"column":null}},"40":{"start":{"line":65,"column":4},"end":{"line":65,"column":null}},"41":{"start":{"line":68,"column":2},"end":{"line":70,"column":null}}},"fnMap":{"0":{"name":"(anonymous_4)","decl":{"start":{"line":6,"column":26},"end":{"line":6,"column":27}},"loc":{"start":{"line":9,"column":1},"end":{"line":73,"column":null}}},"1":{"name":"(anonymous_5)","decl":{"start":{"line":14,"column":12},"end":{"line":14,"column":null}},"loc":{"start":{"line":14,"column":12},"end":{"line":16,"column":5}}},"2":{"name":"(anonymous_6)","decl":{"start":{"line":18,"column":28},"end":{"line":18,"column":null}},"loc":{"start":{"line":18,"column":28},"end":{"line":22,"column":null}}},"3":{"name":"(anonymous_7)","decl":{"start":{"line":24,"column":12},"end":{"line":24,"column":null}},"loc":{"start":{"line":24,"column":12},"end":{"line":26,"column":5}}},"4":{"name":"(anonymous_8)","decl":{"start":{"line":28,"column":22},"end":{"line":28,"column":null}},"loc":{"start":{"line":28,"column":22},"end":{"line":45,"column":null}}},"5":{"name":"(anonymous_9)","decl":{"start":{"line":47,"column":27},"end":{"line":47,"column":28}},"loc":{"start":{"line":47,"column":28},"end":{"line":66,"column":null}}}},"branchMap":{"0":{"loc":{"start":{"line":29,"column":4},"end":{"line":44,"column":null}},"type":"if","locations":[{"start":{"line":29,"column":4},"end":{"line":44,"column":null}}]},"1":{"loc":{"start":{"line":33,"column":6},"end":{"line":39,"column":null}},"type":"if","locations":[{"start":{"line":33,"column":6},"end":{"line":39,"column":null}},{"start":{"line":35,"column":13},"end":{"line":39,"column":null}}]},"2":{"loc":{"start":{"line":35,"column":13},"end":{"line":39,"column":null}},"type":"if","locations":[{"start":{"line":35,"column":13},"end":{"line":39,"column":null}},{"start":{"line":37,"column":13},"end":{"line":39,"column":null}}]},"3":{"loc":{"start":{"line":40,"column":6},"end":{"line":43,"column":null}},"type":"if","locations":[{"start":{"line":40,"column":6},"end":{"line":43,"column":null}}]},"4":{"loc":{"start":{"line":51,"column":4},"end":{"line":63,"column":null}},"type":"if","locations":[{"start":{"line":51,"column":4},"end":{"line":63,"column":null}},{"start":{"line":61,"column":11},"end":{"line":63,"column":null}}]},"5":{"loc":{"start":{"line":52,"column":6},"end":{"line":60,"column":null}},"type":"if","locations":[{"start":{"line":52,"column":6},"end":{"line":60,"column":null}},{"start":{"line":55,"column":13},"end":{"line":60,"column":null}}]},"6":{"loc":{"start":{"line":52,"column":10},"end":{"line":52,"column":52}},"type":"binary-expr","locations":[{"start":{"line":52,"column":10},"end":{"line":52,"column":32}},{"start":{"line":52,"column":32},"end":{"line":52,"column":52}}]},"7":{"loc":{"start":{"line":55,"column":13},"end":{"line":60,"column":null}},"type":"if","locations":[{"start":{"line":55,"column":13},"end":{"line":60,"column":null}},{"start":{"line":58,"column":13},"end":{"line":60,"column":null}}]}},"s":{"0":2368,"1":1,"2":1,"3":1,"4":1,"5":2368,"6":2368,"7":2368,"8":2368,"9":2368,"10":2368,"11":2368,"12":2368,"13":2368,"14":2368,"15":2368,"16":2368,"17":0,"18":0,"19":0,"20":0,"21":0,"22":0,"23":0,"24":0,"25":0,"26":0,"27":0,"28":0,"29":2368,"30":0,"31":0,"32":0,"33":0,"34":0,"35":0,"36":0,"37":0,"38":0,"39":0,"40":0,"41":2368},"f":{"0":2368,"1":2368,"2":2368,"3":2368,"4":0,"5":0},"b":{"0":[0],"1":[0,0],"2":[0,0],"3":[0],"4":[0,0],"5":[0,0],"6":[0,0],"7":[0,0]}}
,"C:\\Users\\User\\Documents\\GitHub\\minesweeper\\src\\components\\DebugModule.jsx": {"path":"C:\\Users\\User\\Documents\\GitHub\\minesweeper\\src\\components\\DebugModule.jsx","statementMap":{"0":{"start":{"line":3,"column":13},"end":{"line":3,"column":27}},"1":{"start":{"line":1,"column":32},"end":{"line":1,"column":null}},"2":{"start":{"line":3,"column":27},"end":{"line":24,"column":null}},"3":{"start":{"line":4,"column":36},"end":{"line":4,"column":null}},"4":{"start":{"line":6,"column":23},"end":{"line":8,"column":null}},"5":{"start":{"line":7,"column":4},"end":{"line":7,"column":null}},"6":{"start":{"line":9,"column":22},"end":{"line":11,"column":null}},"7":{"start":{"line":10,"column":4},"end":{"line":10,"column":null}},"8":{"start":{"line":13,"column":22},"end":{"line":13,"column":null}},"9":{"start":{"line":14,"column":2},"end":{"line":19,"column":null}},"10":{"start":{"line":31,"column":38},"end":{"line":31,"column":37011}},"11":{"start":{"line":31,"column":42},"end":{"line":31,"column":37000}},"12":{"start":{"line":31,"column":37036},"end":{"line":31,"column":37077}},"13":{"start":{"line":31,"column":37040},"end":{"line":31,"column":37065}},"14":{"start":{"line":31,"column":37077},"end":{"line":31,"column":37085}},"15":{"start":{"line":31,"column":37110},"end":{"line":31,"column":37153}},"16":{"start":{"line":31,"column":37114},"end":{"line":31,"column":37141}},"17":{"start":{"line":31,"column":37153},"end":{"line":31,"column":37161}},"18":{"start":{"line":31,"column":37180},"end":{"line":31,"column":37217}},"19":{"start":{"line":31,"column":37184},"end":{"line":31,"column":37206}},"20":{"start":{"line":31,"column":37236},"end":{"line":31,"column":37276}},"21":{"start":{"line":31,"column":37240},"end":{"line":31,"column":37265}}},"fnMap":{"0":{"name":"(anonymous_4)","decl":{"start":{"line":3,"column":27},"end":{"line":3,"column":28}},"loc":{"start":{"line":3,"column":43},"end":{"line":24,"column":null}}},"1":{"name":"(anonymous_5)","decl":{"start":{"line":6,"column":23},"end":{"line":6,"column":24}},"loc":{"start":{"line":6,"column":24},"end":{"line":8,"column":null}}},"2":{"name":"(anonymous_6)","decl":{"start":{"line":9,"column":22},"end":{"line":9,"column":null}},"loc":{"start":{"line":9,"column":22},"end":{"line":11,"column":null}}},"3":{"name":"oo_cm","decl":{"start":{"line":31,"column":30},"end":{"line":31,"column":38}},"loc":{"start":{"line":31,"column":30},"end":{"line":31,"column":37013}}},"4":{"name":"oo_oo","decl":{"start":{"line":31,"column":37022},"end":{"line":31,"column":37028}},"loc":{"start":{"line":31,"column":37034},"end":{"line":31,"column":37087}}},"5":{"name":"oo_tr","decl":{"start":{"line":31,"column":37096},"end":{"line":31,"column":37102}},"loc":{"start":{"line":31,"column":37108},"end":{"line":31,"column":37163}}},"6":{"name":"oo_ts","decl":{"start":{"line":31,"column":37172},"end":{"line":31,"column":37180}},"loc":{"start":{"line":31,"column":37172},"end":{"line":31,"column":37219}}},"7":{"name":"oo_te","decl":{"start":{"line":31,"column":37228},"end":{"line":31,"column":37236}},"loc":{"start":{"line":31,"column":37228},"end":{"line":31,"column":37278}}}},"branchMap":{"0":{"loc":{"start":{"line":31,"column":49},"end":{"line":31,"column":37000}},"type":"binary-expr","locations":[{"start":{"line":31,"column":49},"end":{"line":31,"column":90}},{"start":{"line":31,"column":90},"end":{"line":31,"column":37000}}]}},"s":{"0":0,"1":1,"2":1,"3":0,"4":0,"5":0,"6":0,"7":0,"8":0,"9":0,"10":0,"11":0,"12":0,"13":0,"14":0,"15":0,"16":0,"17":0,"18":0,"19":0,"20":0,"21":0},"f":{"0":0,"1":0,"2":0,"3":0,"4":0,"5":0,"6":0,"7":0},"b":{"0":[0,0]}}
,"C:\\Users\\User\\Documents\\GitHub\\minesweeper\\src\\components\\InfoModule.jsx": {"path":"C:\\Users\\User\\Documents\\GitHub\\minesweeper\\src\\components\\InfoModule.jsx","statementMap":{"0":{"start":{"line":4,"column":13},"end":{"line":4,"column":26}},"1":{"start":{"line":1,"column":33},"end":{"line":1,"column":null}},"2":{"start":{"line":2,"column":30},"end":{"line":2,"column":null}},"3":{"start":{"line":4,"column":26},"end":{"line":31,"column":null}},"4":{"start":{"line":5,"column":2},"end":{"line":12,"column":null}},"5":{"start":{"line":6,"column":4},"end":{"line":11,"column":null}},"6":{"start":{"line":7,"column":25},"end":{"line":9,"column":null}},"7":{"start":{"line":8,"column":8},"end":{"line":8,"column":null}},"8":{"start":{"line":10,"column":6},"end":{"line":10,"column":null}},"9":{"start":{"line":10,"column":21},"end":{"line":10,"column":47}},"10":{"start":{"line":14,"column":2},"end":{"line":26,"column":null}}},"fnMap":{"0":{"name":"(anonymous_4)","decl":{"start":{"line":4,"column":26},"end":{"line":4,"column":27}},"loc":{"start":{"line":4,"column":95},"end":{"line":31,"column":null}}},"1":{"name":"(anonymous_5)","decl":{"start":{"line":5,"column":12},"end":{"line":5,"column":null}},"loc":{"start":{"line":5,"column":12},"end":{"line":12,"column":5}}},"2":{"name":"(anonymous_6)","decl":{"start":{"line":7,"column":37},"end":{"line":7,"column":null}},"loc":{"start":{"line":7,"column":37},"end":{"line":9,"column":9}}},"3":{"name":"(anonymous_7)","decl":{"start":{"line":10,"column":13},"end":{"line":10,"column":21}},"loc":{"start":{"line":10,"column":13},"end":{"line":10,"column":null}}}},"branchMap":{"0":{"loc":{"start":{"line":6,"column":4},"end":{"line":11,"column":null}},"type":"if","locations":[{"start":{"line":6,"column":4},"end":{"line":11,"column":null}}]}},"s":{"0":37,"1":1,"2":1,"3":1,"4":37,"5":37,"6":0,"7":0,"8":0,"9":0,"10":37},"f":{"0":37,"1":37,"2":0,"3":0},"b":{"0":[0]}}
,"C:\\Users\\User\\Documents\\GitHub\\minesweeper\\src\\components\\ModesModule.jsx": {"path":"C:\\Users\\User\\Documents\\GitHub\\minesweeper\\src\\components\\ModesModule.jsx","statementMap":{"0":{"start":{"line":3,"column":13},"end":{"line":3,"column":27}},"1":{"start":{"line":1,"column":18},"end":{"line":1,"column":null}},"2":{"start":{"line":3,"column":27},"end":{"line":30,"column":null}},"3":{"start":{"line":4,"column":23},"end":{"line":6,"column":null}},"4":{"start":{"line":5,"column":4},"end":{"line":5,"column":null}},"5":{"start":{"line":8,"column":25},"end":{"line":10,"column":null}},"6":{"start":{"line":9,"column":4},"end":{"line":9,"column":null}},"7":{"start":{"line":12,"column":23},"end":{"line":14,"column":null}},"8":{"start":{"line":13,"column":4},"end":{"line":13,"column":null}},"9":{"start":{"line":16,"column":24},"end":{"line":18,"column":null}},"10":{"start":{"line":17,"column":4},"end":{"line":17,"column":null}},"11":{"start":{"line":20,"column":2},"end":{"line":25,"column":null}}},"fnMap":{"0":{"name":"(anonymous_2)","decl":{"start":{"line":3,"column":27},"end":{"line":3,"column":28}},"loc":{"start":{"line":3,"column":46},"end":{"line":30,"column":null}}},"1":{"name":"(anonymous_3)","decl":{"start":{"line":4,"column":23},"end":{"line":4,"column":null}},"loc":{"start":{"line":4,"column":23},"end":{"line":6,"column":null}}},"2":{"name":"(anonymous_4)","decl":{"start":{"line":8,"column":25},"end":{"line":8,"column":null}},"loc":{"start":{"line":8,"column":25},"end":{"line":10,"column":null}}},"3":{"name":"(anonymous_5)","decl":{"start":{"line":12,"column":23},"end":{"line":12,"column":null}},"loc":{"start":{"line":12,"column":23},"end":{"line":14,"column":null}}},"4":{"name":"(anonymous_6)","decl":{"start":{"line":16,"column":24},"end":{"line":16,"column":null}},"loc":{"start":{"line":16,"column":24},"end":{"line":18,"column":null}}}},"branchMap":{},"s":{"0":37,"1":1,"2":1,"3":37,"4":0,"5":37,"6":0,"7":37,"8":0,"9":37,"10":0,"11":37},"f":{"0":37,"1":0,"2":0,"3":0,"4":0},"b":{}}
,"C:\\Users\\User\\Documents\\GitHub\\minesweeper\\src\\logic\\app.js": {"path":"C:\\Users\\User\\Documents\\GitHub\\minesweeper\\src\\logic\\app.js","statementMap":{"0":{"start":{"line":6,"column":13},"end":{"line":6,"column":33}},"1":{"start":{"line":14,"column":13},"end":{"line":14,"column":35}},"2":{"start":{"line":43,"column":13},"end":{"line":43,"column":32}},"3":{"start":{"line":61,"column":13},"end":{"line":61,"column":29}},"4":{"start":{"line":77,"column":13},"end":{"line":77,"column":26}},"5":{"start":{"line":85,"column":13},"end":{"line":85,"column":33}},"6":{"start":{"line":107,"column":13},"end":{"line":107,"column":26}},"7":{"start":{"line":111,"column":13},"end":{"line":111,"column":25}},"8":{"start":{"line":125,"column":13},"end":{"line":125,"column":34}},"9":{"start":{"line":147,"column":13},"end":{"line":147,"column":28}},"10":{"start":{"line":1,"column":62},"end":{"line":1,"column":null}},"11":{"start":{"line":6,"column":36},"end":{"line":12,"column":null}},"12":{"start":{"line":7,"column":2},"end":{"line":11,"column":null}},"13":{"start":{"line":8,"column":12},"end":{"line":8,"column":null}},"14":{"start":{"line":9,"column":13},"end":{"line":9,"column":null}},"15":{"start":{"line":10,"column":13},"end":{"line":10,"column":null}},"16":{"start":{"line":14,"column":38},"end":{"line":41,"column":null}},"17":{"start":{"line":15,"column":19},"end":{"line":15,"column":null}},"18":{"start":{"line":17,"column":12},"end":{"line":17,"column":null}},"19":{"start":{"line":18,"column":12},"end":{"line":18,"column":null}},"20":{"start":{"line":19,"column":14},"end":{"line":19,"column":null}},"21":{"start":{"line":21,"column":2},"end":{"line":30,"column":null}},"22":{"start":{"line":22,"column":4},"end":{"line":22,"column":null}},"23":{"start":{"line":23,"column":4},"end":{"line":23,"column":null}},"24":{"start":{"line":25,"column":4},"end":{"line":29,"column":null}},"25":{"start":{"line":26,"column":6},"end":{"line":26,"column":null}},"26":{"start":{"line":28,"column":6},"end":{"line":28,"column":null}},"27":{"start":{"line":32,"column":2},"end":{"line":38,"column":null}},"28":{"start":{"line":32,"column":15},"end":{"line":32,"column":18}},"29":{"start":{"line":33,"column":4},"end":{"line":37,"column":null}},"30":{"start":{"line":33,"column":17},"end":{"line":33,"column":20}},"31":{"start":{"line":34,"column":6},"end":{"line":36,"column":null}},"32":{"start":{"line":35,"column":8},"end":{"line":35,"column":null}},"33":{"start":{"line":40,"column":2},"end":{"line":40,"column":null}},"34":{"start":{"line":43,"column":35},"end":{"line":59,"column":null}},"35":{"start":{"line":44,"column":22},"end":{"line":44,"column":null}},"36":{"start":{"line":46,"column":2},"end":{"line":56,"column":null}},"37":{"start":{"line":46,"column":18},"end":{"line":46,"column":26}},"38":{"start":{"line":47,"column":4},"end":{"line":55,"column":null}},"39":{"start":{"line":48,"column":6},"end":{"line":54,"column":null}},"40":{"start":{"line":48,"column":22},"end":{"line":48,"column":30}},"41":{"start":{"line":49,"column":8},"end":{"line":53,"column":null}},"42":{"start":{"line":50,"column":10},"end":{"line":52,"column":null}},"43":{"start":{"line":51,"column":12},"end":{"line":51,"column":null}},"44":{"start":{"line":58,"column":2},"end":{"line":58,"column":null}},"45":{"start":{"line":61,"column":32},"end":{"line":75,"column":null}},"46":{"start":{"line":62,"column":19},"end":{"line":62,"column":null}},"47":{"start":{"line":64,"column":2},"end":{"line":72,"column":null}},"48":{"start":{"line":64,"column":15},"end":{"line":64,"column":18}},"49":{"start":{"line":65,"column":4},"end":{"line":71,"column":null}},"50":{"start":{"line":65,"column":17},"end":{"line":65,"column":20}},"51":{"start":{"line":66,"column":6},"end":{"line":70,"column":null}},"52":{"start":{"line":67,"column":30},"end":{"line":67,"column":null}},"53":{"start":{"line":69,"column":8},"end":{"line":69,"column":null}},"54":{"start":{"line":74,"column":2},"end":{"line":74,"column":null}},"55":{"start":{"line":77,"column":29},"end":{"line":83,"column":null}},"56":{"start":{"line":78,"column":17},"end":{"line":78,"column":null}},"57":{"start":{"line":80,"column":2},"end":{"line":80,"column":null}},"58":{"start":{"line":82,"column":2},"end":{"line":82,"column":null}},"59":{"start":{"line":85,"column":36},"end":{"line":105,"column":null}},"60":{"start":{"line":86,"column":15},"end":{"line":86,"column":null}},"61":{"start":{"line":87,"column":19},"end":{"line":87,"column":null}},"62":{"start":{"line":89,"column":2},"end":{"line":89,"column":null}},"63":{"start":{"line":91,"column":2},"end":{"line":97,"column":null}},"64":{"start":{"line":91,"column":15},"end":{"line":91,"column":18}},"65":{"start":{"line":92,"column":4},"end":{"line":96,"column":null}},"66":{"start":{"line":92,"column":17},"end":{"line":92,"column":20}},"67":{"start":{"line":93,"column":6},"end":{"line":95,"column":null}},"68":{"start":{"line":94,"column":8},"end":{"line":94,"column":null}},"69":{"start":{"line":99,"column":2},"end":{"line":102,"column":null}},"70":{"start":{"line":100,"column":4},"end":{"line":100,"column":null}},"71":{"start":{"line":104,"column":2},"end":{"line":104,"column":null}},"72":{"start":{"line":107,"column":29},"end":{"line":109,"column":null}},"73":{"start":{"line":108,"column":2},"end":{"line":108,"column":null}},"74":{"start":{"line":111,"column":28},"end":{"line":123,"column":null}},"75":{"start":{"line":112,"column":19},"end":{"line":112,"column":null}},"76":{"start":{"line":114,"column":2},"end":{"line":120,"column":null}},"77":{"start":{"line":114,"column":15},"end":{"line":114,"column":18}},"78":{"start":{"line":115,"column":4},"end":{"line":119,"column":null}},"79":{"start":{"line":115,"column":17},"end":{"line":115,"column":20}},"80":{"start":{"line":116,"column":6},"end":{"line":118,"column":null}},"81":{"start":{"line":117,"column":8},"end":{"line":117,"column":null}},"82":{"start":{"line":122,"column":2},"end":{"line":122,"column":null}},"83":{"start":{"line":125,"column":37},"end":{"line":145,"column":null}},"84":{"start":{"line":126,"column":2},"end":{"line":144,"column":null}},"85":{"start":{"line":127,"column":4},"end":{"line":129,"column":null}},"86":{"start":{"line":128,"column":6},"end":{"line":128,"column":null}},"87":{"start":{"line":131,"column":4},"end":{"line":143,"column":null}},"88":{"start":{"line":132,"column":6},"end":{"line":132,"column":null}},"89":{"start":{"line":133,"column":6},"end":{"line":133,"column":null}},"90":{"start":{"line":134,"column":6},"end":{"line":134,"column":null}},"91":{"start":{"line":135,"column":6},"end":{"line":135,"column":null}},"92":{"start":{"line":136,"column":6},"end":{"line":136,"column":null}},"93":{"start":{"line":137,"column":6},"end":{"line":137,"column":null}},"94":{"start":{"line":138,"column":6},"end":{"line":138,"column":null}},"95":{"start":{"line":139,"column":6},"end":{"line":139,"column":null}},"96":{"start":{"line":140,"column":6},"end":{"line":140,"column":null}},"97":{"start":{"line":141,"column":11},"end":{"line":143,"column":null}},"98":{"start":{"line":142,"column":6},"end":{"line":142,"column":null}},"99":{"start":{"line":147,"column":31},"end":{"line":149,"column":null}},"100":{"start":{"line":148,"column":2},"end":{"line":148,"column":null}}},"fnMap":{"0":{"name":"(anonymous_11)","decl":{"start":{"line":6,"column":36},"end":{"line":6,"column":37}},"loc":{"start":{"line":6,"column":37},"end":{"line":12,"column":null}}},"1":{"name":"(anonymous_12)","decl":{"start":{"line":14,"column":38},"end":{"line":14,"column":39}},"loc":{"start":{"line":14,"column":47},"end":{"line":41,"column":null}}},"2":{"name":"(anonymous_13)","decl":{"start":{"line":43,"column":35},"end":{"line":43,"column":36}},"loc":{"start":{"line":43,"column":61},"end":{"line":59,"column":null}}},"3":{"name":"(anonymous_14)","decl":{"start":{"line":61,"column":32},"end":{"line":61,"column":33}},"loc":{"start":{"line":61,"column":51},"end":{"line":75,"column":null}}},"4":{"name":"(anonymous_15)","decl":{"start":{"line":77,"column":29},"end":{"line":77,"column":30}},"loc":{"start":{"line":77,"column":38},"end":{"line":83,"column":null}}},"5":{"name":"(anonymous_16)","decl":{"start":{"line":85,"column":36},"end":{"line":85,"column":37}},"loc":{"start":{"line":85,"column":72},"end":{"line":105,"column":null}}},"6":{"name":"(anonymous_17)","decl":{"start":{"line":107,"column":29},"end":{"line":107,"column":30}},"loc":{"start":{"line":107,"column":54},"end":{"line":109,"column":null}}},"7":{"name":"(anonymous_18)","decl":{"start":{"line":111,"column":28},"end":{"line":111,"column":29}},"loc":{"start":{"line":111,"column":47},"end":{"line":123,"column":null}}},"8":{"name":"(anonymous_19)","decl":{"start":{"line":125,"column":37},"end":{"line":125,"column":38}},"loc":{"start":{"line":125,"column":128},"end":{"line":145,"column":null}}},"9":{"name":"(anonymous_20)","decl":{"start":{"line":147,"column":31},"end":{"line":147,"column":32}},"loc":{"start":{"line":147,"column":32},"end":{"line":149,"column":null}}}},"branchMap":{"0":{"loc":{"start":{"line":7,"column":2},"end":{"line":11,"column":null}},"type":"switch","locations":[{"start":{"line":8,"column":4},"end":{"line":8,"column":null}},{"start":{"line":9,"column":4},"end":{"line":9,"column":null}},{"start":{"line":10,"column":4},"end":{"line":10,"column":null}}]},"1":{"loc":{"start":{"line":25,"column":4},"end":{"line":29,"column":null}},"type":"if","locations":[{"start":{"line":25,"column":4},"end":{"line":29,"column":null}}]},"2":{"loc":{"start":{"line":25,"column":8},"end":{"line":25,"column":70}},"type":"binary-expr","locations":[{"start":{"line":25,"column":8},"end":{"line":25,"column":36}},{"start":{"line":25,"column":36},"end":{"line":25,"column":70}}]},"3":{"loc":{"start":{"line":34,"column":6},"end":{"line":36,"column":null}},"type":"if","locations":[{"start":{"line":34,"column":6},"end":{"line":36,"column":null}}]},"4":{"loc":{"start":{"line":47,"column":4},"end":{"line":55,"column":null}},"type":"if","locations":[{"start":{"line":47,"column":4},"end":{"line":55,"column":null}}]},"5":{"loc":{"start":{"line":47,"column":8},"end":{"line":47,"column":34}},"type":"binary-expr","locations":[{"start":{"line":47,"column":8},"end":{"line":47,"column":20}},{"start":{"line":47,"column":20},"end":{"line":47,"column":34}}]},"6":{"loc":{"start":{"line":49,"column":8},"end":{"line":53,"column":null}},"type":"if","locations":[{"start":{"line":49,"column":8},"end":{"line":53,"column":null}}]},"7":{"loc":{"start":{"line":49,"column":12},"end":{"line":49,"column":37}},"type":"binary-expr","locations":[{"start":{"line":49,"column":12},"end":{"line":49,"column":24}},{"start":{"line":49,"column":24},"end":{"line":49,"column":37}}]},"8":{"loc":{"start":{"line":50,"column":10},"end":{"line":52,"column":null}},"type":"if","locations":[{"start":{"line":50,"column":10},"end":{"line":52,"column":null}}]},"9":{"loc":{"start":{"line":66,"column":6},"end":{"line":70,"column":null}},"type":"if","locations":[{"start":{"line":66,"column":6},"end":{"line":70,"column":null}}]},"10":{"loc":{"start":{"line":93,"column":6},"end":{"line":95,"column":null}},"type":"if","locations":[{"start":{"line":93,"column":6},"end":{"line":95,"column":null}}]},"11":{"loc":{"start":{"line":93,"column":10},"end":{"line":93,"column":58}},"type":"binary-expr","locations":[{"start":{"line":93,"column":10},"end":{"line":93,"column":37}},{"start":{"line":93,"column":37},"end":{"line":93,"column":58}}]},"12":{"loc":{"start":{"line":99,"column":2},"end":{"line":102,"column":null}},"type":"if","locations":[{"start":{"line":99,"column":2},"end":{"line":102,"column":null}}]},"13":{"loc":{"start":{"line":108,"column":9},"end":{"line":108,"column":null}},"type":"binary-expr","locations":[{"start":{"line":108,"column":9},"end":{"line":108,"column":28}},{"start":{"line":108,"column":28},"end":{"line":108,"column":49}},{"start":{"line":108,"column":49},"end":{"line":108,"column":67}},{"start":{"line":108,"column":67},"end":{"line":108,"column":null}}]},"14":{"loc":{"start":{"line":116,"column":6},"end":{"line":118,"column":null}},"type":"if","locations":[{"start":{"line":116,"column":6},"end":{"line":118,"column":null}}]},"15":{"loc":{"start":{"line":125,"column":107},"end":{"line":125,"column":128}},"type":"default-arg","locations":[{"start":{"line":125,"column":123},"end":{"line":125,"column":128}}]},"16":{"loc":{"start":{"line":126,"column":2},"end":{"line":144,"column":null}},"type":"if","locations":[{"start":{"line":126,"column":2},"end":{"line":144,"column":null}}]},"17":{"loc":{"start":{"line":126,"column":6},"end":{"line":126,"column":107}},"type":"binary-expr","locations":[{"start":{"line":126,"column":6},"end":{"line":126,"column":59}},{"start":{"line":126,"column":59},"end":{"line":126,"column":91}},{"start":{"line":126,"column":91},"end":{"line":126,"column":103}}]},"18":{"loc":{"start":{"line":127,"column":4},"end":{"line":129,"column":null}},"type":"if","locations":[{"start":{"line":127,"column":4},"end":{"line":129,"column":null}}]},"19":{"loc":{"start":{"line":131,"column":4},"end":{"line":143,"column":null}},"type":"if","locations":[{"start":{"line":131,"column":4},"end":{"line":143,"column":null}},{"start":{"line":141,"column":11},"end":{"line":143,"column":null}}]},"20":{"loc":{"start":{"line":131,"column":8},"end":{"line":131,"column":67}},"type":"binary-expr","locations":[{"start":{"line":131,"column":8},"end":{"line":131,"column":33}},{"start":{"line":131,"column":33},"end":{"line":131,"column":67}}]},"21":{"loc":{"start":{"line":141,"column":11},"end":{"line":143,"column":null}},"type":"if","locations":[{"start":{"line":141,"column":11},"end":{"line":143,"column":null}}]}},"s":{"0":0,"1":0,"2":0,"3":0,"4":37,"5":0,"6":0,"7":0,"8":0,"9":37,"10":1,"11":1,"12":37,"13":37,"14":0,"15":0,"16":1,"17":37,"18":37,"19":37,"20":37,"21":37,"22":395,"23":395,"24":395,"25":370,"26":370,"27":37,"28":37,"29":296,"30":296,"31":2368,"32":1998,"33":37,"34":1,"35":1998,"36":1998,"37":1998,"38":5994,"39":5507,"40":5507,"41":16521,"42":15155,"43":2059,"44":1998,"45":1,"46":37,"47":37,"48":37,"49":296,"50":296,"51":2368,"52":1998,"53":1998,"54":37,"55":1,"56":37,"57":37,"58":37,"59":1,"60":0,"61":0,"62":0,"63":0,"64":0,"65":0,"66":0,"67":0,"68":0,"69":0,"70":0,"71":0,"72":1,"73":0,"74":1,"75":0,"76":0,"77":0,"78":0,"79":0,"80":0,"81":0,"82":0,"83":1,"84":0,"85":0,"86":0,"87":0,"88":0,"89":0,"90":0,"91":0,"92":0,"93":0,"94":0,"95":0,"96":0,"97":0,"98":0,"99":1,"100":0},"f":{"0":37,"1":37,"2":1998,"3":37,"4":37,"5":0,"6":0,"7":0,"8":0,"9":0},"b":{"0":[37,0,0],"1":[370],"2":[395,395],"3":[1998],"4":[5507],"5":[5994,5752],"6":[15155],"7":[16521,15828],"8":[2059],"9":[1998],"10":[0],"11":[0,0],"12":[0],"13":[0,0,0,0],"14":[0],"15":[0],"16":[0],"17":[0,0,0],"18":[0],"19":[0,0],"20":[0,0],"21":[0]}}
,"C:\\Users\\User\\Documents\\GitHub\\minesweeper\\src\\logic\\board.js": {"path":"C:\\Users\\User\\Documents\\GitHub\\minesweeper\\src\\logic\\board.js","statementMap":{"0":{"start":{"line":1,"column":13},"end":{"line":1,"column":46}},"1":{"start":{"line":11,"column":13},"end":{"line":11,"column":40}},"2":{"start":{"line":22,"column":13},"end":{"line":22,"column":23}},"3":{"start":{"line":34,"column":13},"end":{"line":34,"column":32}},"4":{"start":{"line":1,"column":49},"end":{"line":9,"column":null}},"5":{"start":{"line":2,"column":19},"end":{"line":2,"column":null}},"6":{"start":{"line":4,"column":2},"end":{"line":6,"column":null}},"7":{"start":{"line":4,"column":15},"end":{"line":4,"column":18}},"8":{"start":{"line":5,"column":4},"end":{"line":5,"column":null}},"9":{"start":{"line":8,"column":2},"end":{"line":8,"column":null}},"10":{"start":{"line":11,"column":43},"end":{"line":21,"column":null}},"11":{"start":{"line":12,"column":19},"end":{"line":12,"column":null}},"12":{"start":{"line":14,"column":2},"end":{"line":18,"column":null}},"13":{"start":{"line":14,"column":22},"end":{"line":14,"column":25}},"14":{"start":{"line":15,"column":4},"end":{"line":17,"column":null}},"15":{"start":{"line":15,"column":27},"end":{"line":15,"column":30}},"16":{"start":{"line":16,"column":6},"end":{"line":16,"column":null}},"17":{"start":{"line":20,"column":2},"end":{"line":20,"column":null}},"18":{"start":{"line":22,"column":26},"end":{"line":32,"column":null}},"19":{"start":{"line":23,"column":19},"end":{"line":23,"column":null}},"20":{"start":{"line":25,"column":2},"end":{"line":29,"column":null}},"21":{"start":{"line":25,"column":15},"end":{"line":25,"column":18}},"22":{"start":{"line":26,"column":4},"end":{"line":28,"column":null}},"23":{"start":{"line":26,"column":17},"end":{"line":26,"column":20}},"24":{"start":{"line":27,"column":6},"end":{"line":27,"column":null}},"25":{"start":{"line":31,"column":2},"end":{"line":31,"column":null}},"26":{"start":{"line":34,"column":35},"end":{"line":40,"column":null}},"27":{"start":{"line":35,"column":2},"end":{"line":39,"column":null}},"28":{"start":{"line":36,"column":12},"end":{"line":36,"column":null}},"29":{"start":{"line":37,"column":12},"end":{"line":37,"column":null}},"30":{"start":{"line":38,"column":13},"end":{"line":38,"column":null}}},"fnMap":{"0":{"name":"(anonymous_5)","decl":{"start":{"line":1,"column":49},"end":{"line":1,"column":50}},"loc":{"start":{"line":1,"column":58},"end":{"line":9,"column":null}}},"1":{"name":"(anonymous_6)","decl":{"start":{"line":11,"column":43},"end":{"line":11,"column":44}},"loc":{"start":{"line":11,"column":59},"end":{"line":21,"column":null}}},"2":{"name":"(anonymous_7)","decl":{"start":{"line":22,"column":26},"end":{"line":22,"column":27}},"loc":{"start":{"line":22,"column":27},"end":{"line":32,"column":null}}},"3":{"name":"(anonymous_8)","decl":{"start":{"line":34,"column":35},"end":{"line":34,"column":36}},"loc":{"start":{"line":34,"column":36},"end":{"line":40,"column":null}}}},"branchMap":{"0":{"loc":{"start":{"line":35,"column":2},"end":{"line":39,"column":null}},"type":"switch","locations":[{"start":{"line":36,"column":4},"end":{"line":36,"column":null}},{"start":{"line":37,"column":4},"end":{"line":37,"column":null}},{"start":{"line":38,"column":4},"end":{"line":38,"column":null}}]}},"s":{"0":37,"1":74,"2":37,"3":37,"4":1,"5":148,"6":148,"7":148,"8":1184,"9":148,"10":1,"11":74,"12":74,"13":74,"14":592,"15":592,"16":4736,"17":74,"18":1,"19":37,"20":37,"21":37,"22":296,"23":296,"24":2368,"25":37,"26":1,"27":37,"28":0,"29":0,"30":37},"f":{"0":148,"1":74,"2":37,"3":37},"b":{"0":[0,0,37]}}
,"C:\\Users\\User\\Documents\\GitHub\\minesweeper\\src\\logic\\cell.js": {"path":"C:\\Users\\User\\Documents\\GitHub\\minesweeper\\src\\logic\\cell.js","statementMap":{"0":{"start":{"line":1,"column":13},"end":{"line":1,"column":28}},"1":{"start":{"line":1,"column":28},"end":{"line":21,"column":null}},"2":{"start":{"line":4,"column":2},"end":{"line":18,"column":null}},"3":{"start":{"line":5,"column":4},"end":{"line":15,"column":null}},"4":{"start":{"line":6,"column":14},"end":{"line":6,"column":37}},"5":{"start":{"line":6,"column":37},"end":{"line":6,"column":null}},"6":{"start":{"line":7,"column":14},"end":{"line":7,"column":37}},"7":{"start":{"line":7,"column":37},"end":{"line":7,"column":null}},"8":{"start":{"line":8,"column":14},"end":{"line":8,"column":39}},"9":{"start":{"line":8,"column":39},"end":{"line":8,"column":null}},"10":{"start":{"line":9,"column":14},"end":{"line":9,"column":38}},"11":{"start":{"line":9,"column":38},"end":{"line":9,"column":null}},"12":{"start":{"line":10,"column":14},"end":{"line":10,"column":38}},"13":{"start":{"line":10,"column":38},"end":{"line":10,"column":null}},"14":{"start":{"line":11,"column":14},"end":{"line":11,"column":37}},"15":{"start":{"line":11,"column":37},"end":{"line":11,"column":null}},"16":{"start":{"line":12,"column":14},"end":{"line":12,"column":39}},"17":{"start":{"line":12,"column":39},"end":{"line":12,"column":null}},"18":{"start":{"line":13,"column":14},"end":{"line":13,"column":39}},"19":{"start":{"line":13,"column":39},"end":{"line":13,"column":null}},"20":{"start":{"line":14,"column":15},"end":{"line":14,"column":34}},"21":{"start":{"line":14,"column":34},"end":{"line":14,"column":null}},"22":{"start":{"line":17,"column":4},"end":{"line":17,"column":null}},"23":{"start":{"line":20,"column":2},"end":{"line":20,"column":null}}},"fnMap":{"0":{"name":"(anonymous_1)","decl":{"start":{"line":1,"column":28},"end":{"line":1,"column":29}},"loc":{"start":{"line":1,"column":37},"end":{"line":21,"column":null}}}},"branchMap":{"0":{"loc":{"start":{"line":4,"column":2},"end":{"line":18,"column":null}},"type":"if","locations":[{"start":{"line":4,"column":2},"end":{"line":18,"column":null}},{"start":{"line":16,"column":9},"end":{"line":18,"column":null}}]},"1":{"loc":{"start":{"line":5,"column":4},"end":{"line":15,"column":null}},"type":"switch","locations":[{"start":{"line":6,"column":6},"end":{"line":6,"column":null}},{"start":{"line":7,"column":6},"end":{"line":7,"column":null}},{"start":{"line":8,"column":6},"end":{"line":8,"column":null}},{"start":{"line":9,"column":6},"end":{"line":9,"column":null}},{"start":{"line":10,"column":6},"end":{"line":10,"column":null}},{"start":{"line":11,"column":6},"end":{"line":11,"column":null}},{"start":{"line":12,"column":6},"end":{"line":12,"column":null}},{"start":{"line":13,"column":6},"end":{"line":13,"column":null}},{"start":{"line":14,"column":6},"end":{"line":14,"column":null}}]}},"s":{"0":2368,"1":1,"2":2368,"3":0,"4":0,"5":0,"6":0,"7":0,"8":0,"9":0,"10":0,"11":0,"12":0,"13":0,"14":0,"15":0,"16":0,"17":0,"18":0,"19":0,"20":0,"21":0,"22":2368,"23":2368},"f":{"0":2368},"b":{"0":[0,2368],"1":[0,0,0,0,0,0,0,0,0]}}
,"C:\\Users\\User\\Documents\\GitHub\\minesweeper\\src\\logic\\cellContent.jsx": {"path":"C:\\Users\\User\\Documents\\GitHub\\minesweeper\\src\\logic\\cellContent.jsx","statementMap":{"0":{"start":{"line":6,"column":13},"end":{"line":6,"column":27}},"1":{"start":{"line":1,"column":18},"end":{"line":1,"column":null}},"2":{"start":{"line":3,"column":25},"end":{"line":3,"column":null}},"3":{"start":{"line":4,"column":21},"end":{"line":4,"column":null}},"4":{"start":{"line":6,"column":27},"end":{"line":48,"column":null}},"5":{"start":{"line":10,"column":2},"end":{"line":14,"column":null}},"6":{"start":{"line":11,"column":4},"end":{"line":11,"column":null}},"7":{"start":{"line":13,"column":4},"end":{"line":13,"column":null}},"8":{"start":{"line":16,"column":2},"end":{"line":27,"column":null}},"9":{"start":{"line":18,"column":6},"end":{"line":18,"column":null}},"10":{"start":{"line":19,"column":6},"end":{"line":19,"column":null}},"11":{"start":{"line":21,"column":6},"end":{"line":21,"column":null}},"12":{"start":{"line":22,"column":6},"end":{"line":22,"column":null}},"13":{"start":{"line":24,"column":6},"end":{"line":24,"column":null}},"14":{"start":{"line":25,"column":6},"end":{"line":25,"column":null}},"15":{"start":{"line":26,"column":13},"end":{"line":26,"column":null}},"16":{"start":{"line":29,"column":2},"end":{"line":29,"column":null}},"17":{"start":{"line":29,"column":22},"end":{"line":29,"column":null}},"18":{"start":{"line":31,"column":2},"end":{"line":47,"column":null}},"19":{"start":{"line":32,"column":4},"end":{"line":38,"column":null}},"20":{"start":{"line":34,"column":11},"end":{"line":38,"column":null}},"21":{"start":{"line":36,"column":11},"end":{"line":38,"column":null}},"22":{"start":{"line":37,"column":6},"end":{"line":37,"column":null}},"23":{"start":{"line":40,"column":4},"end":{"line":46,"column":null}},"24":{"start":{"line":42,"column":11},"end":{"line":46,"column":null}}},"fnMap":{"0":{"name":"(anonymous_2)","decl":{"start":{"line":6,"column":27},"end":{"line":6,"column":28}},"loc":{"start":{"line":6,"column":85},"end":{"line":48,"column":null}}}},"branchMap":{"0":{"loc":{"start":{"line":10,"column":2},"end":{"line":14,"column":null}},"type":"if","locations":[{"start":{"line":10,"column":2},"end":{"line":14,"column":null}},{"start":{"line":12,"column":9},"end":{"line":14,"column":null}}]},"1":{"loc":{"start":{"line":10,"column":6},"end":{"line":10,"column":52}},"type":"binary-expr","locations":[{"start":{"line":10,"column":6},"end":{"line":10,"column":22}},{"start":{"line":10,"column":22},"end":{"line":10,"column":42}},{"start":{"line":10,"column":42},"end":{"line":10,"column":52}}]},"2":{"loc":{"start":{"line":16,"column":2},"end":{"line":27,"column":null}},"type":"switch","locations":[{"start":{"line":17,"column":4},"end":{"line":19,"column":null}},{"start":{"line":20,"column":4},"end":{"line":22,"column":null}},{"start":{"line":23,"column":4},"end":{"line":25,"column":null}},{"start":{"line":26,"column":4},"end":{"line":26,"column":null}}]},"3":{"loc":{"start":{"line":29,"column":2},"end":{"line":29,"column":null}},"type":"if","locations":[{"start":{"line":29,"column":2},"end":{"line":29,"column":null}}]},"4":{"loc":{"start":{"line":31,"column":2},"end":{"line":47,"column":null}},"type":"if","locations":[{"start":{"line":31,"column":2},"end":{"line":47,"column":null}},{"start":{"line":39,"column":9},"end":{"line":47,"column":null}}]},"5":{"loc":{"start":{"line":32,"column":4},"end":{"line":38,"column":null}},"type":"if","locations":[{"start":{"line":32,"column":4},"end":{"line":38,"column":null}},{"start":{"line":34,"column":11},"end":{"line":38,"column":null}}]},"6":{"loc":{"start":{"line":32,"column":8},"end":{"line":32,"column":37}},"type":"binary-expr","locations":[{"start":{"line":32,"column":8},"end":{"line":32,"column":28}},{"start":{"line":32,"column":28},"end":{"line":32,"column":37}}]},"7":{"loc":{"start":{"line":34,"column":11},"end":{"line":38,"column":null}},"type":"if","locations":[{"start":{"line":34,"column":11},"end":{"line":38,"column":null}},{"start":{"line":36,"column":11},"end":{"line":38,"column":null}}]},"8":{"loc":{"start":{"line":36,"column":11},"end":{"line":38,"column":null}},"type":"if","locations":[{"start":{"line":36,"column":11},"end":{"line":38,"column":null}}]},"9":{"loc":{"start":{"line":40,"column":4},"end":{"line":46,"column":null}},"type":"if","locations":[{"start":{"line":40,"column":4},"end":{"line":46,"column":null}},{"start":{"line":42,"column":11},"end":{"line":46,"column":null}}]},"10":{"loc":{"start":{"line":40,"column":8},"end":{"line":40,"column":61}},"type":"binary-expr","locations":[{"start":{"line":40,"column":8},"end":{"line":40,"column":27}},{"start":{"line":40,"column":27},"end":{"line":40,"column":43}},{"start":{"line":40,"column":43},"end":{"line":40,"column":61}}]},"11":{"loc":{"start":{"line":42,"column":11},"end":{"line":46,"column":null}},"type":"if","locations":[{"start":{"line":42,"column":11},"end":{"line":46,"column":null}},{"start":{"line":44,"column":11},"end":{"line":46,"column":null}}]},"12":{"loc":{"start":{"line":42,"column":15},"end":{"line":42,"column":49}},"type":"binary-expr","locations":[{"start":{"line":42,"column":15},"end":{"line":42,"column":35}},{"start":{"line":42,"column":35},"end":{"line":42,"column":49}}]}},"s":{"0":2368,"1":1,"2":1,"3":1,"4":1,"5":2368,"6":0,"7":2368,"8":2368,"9":2368,"10":2368,"11":0,"12":0,"13":0,"14":0,"15":0,"16":2368,"17":0,"18":2368,"19":0,"20":0,"21":0,"22":0,"23":2368,"24":2368},"f":{"0":2368},"b":{"0":[0,2368],"1":[2368,0,0],"2":[2368,0,0,0],"3":[0],"4":[0,2368],"5":[0,0],"6":[0,0],"7":[0,0],"8":[0],"9":[0,2368],"10":[2368,0,0],"11":[0,2368],"12":[2368,370]}}
,"C:\\Users\\User\\Documents\\GitHub\\minesweeper\\src\\logic\\constants.js": {"path":"C:\\Users\\User\\Documents\\GitHub\\minesweeper\\src\\logic\\constants.js","statementMap":{"0":{"start":{"line":1,"column":13},"end":{"line":1,"column":23}},"1":{"start":{"line":7,"column":13},"end":{"line":7,"column":29}},"2":{"start":{"line":13,"column":13},"end":{"line":13,"column":26}},"3":{"start":{"line":1,"column":26},"end":{"line":5,"column":null}},"4":{"start":{"line":7,"column":32},"end":{"line":11,"column":null}},"5":{"start":{"line":13,"column":29},"end":{"line":17,"column":null}}},"fnMap":{},"branchMap":{},"s":{"0":74,"1":37,"2":37,"3":1,"4":1,"5":1},"f":{},"b":{}}
,"C:\\Users\\User\\Documents\\GitHub\\minesweeper\\src\\logic\\info.js": {"path":"C:\\Users\\User\\Documents\\GitHub\\minesweeper\\src\\logic\\info.js","statementMap":{"0":{"start":{"line":5,"column":13},"end":{"line":5,"column":29}},"1":{"start":{"line":1,"column":16},"end":{"line":1,"column":null}},"2":{"start":{"line":2,"column":20},"end":{"line":2,"column":null}},"3":{"start":{"line":3,"column":18},"end":{"line":3,"column":null}},"4":{"start":{"line":5,"column":29},"end":{"line":11,"column":null}},"5":{"start":{"line":6,"column":2},"end":{"line":10,"column":null}},"6":{"start":{"line":7,"column":12},"end":{"line":7,"column":null}},"7":{"start":{"line":8,"column":12},"end":{"line":8,"column":null}},"8":{"start":{"line":9,"column":13},"end":{"line":9,"column":null}}},"fnMap":{"0":{"name":"(anonymous_1)","decl":{"start":{"line":5,"column":29},"end":{"line":5,"column":30}},"loc":{"start":{"line":5,"column":30},"end":{"line":11,"column":null}}}},"branchMap":{"0":{"loc":{"start":{"line":6,"column":2},"end":{"line":10,"column":null}},"type":"switch","locations":[{"start":{"line":7,"column":4},"end":{"line":7,"column":null}},{"start":{"line":8,"column":4},"end":{"line":8,"column":null}},{"start":{"line":9,"column":4},"end":{"line":9,"column":null}}]}},"s":{"0":37,"1":1,"2":1,"3":1,"4":1,"5":37,"6":0,"7":0,"8":37},"f":{"0":37},"b":{"0":[0,0,37]}}
}
