{"C:\\Users\\User\\Documents\\GitHub\\minesweeper\\src\\App.jsx": {"path":"C:\\Users\\User\\Documents\\GitHub\\minesweeper\\src\\App.jsx","statementMap":{"0":{"start":{"line":202,"column":0},"end":{"line":202,"column":15}},"1":{"start":{"line":1,"column":7},"end":{"line":1,"column":null}},"2":{"start":{"line":2,"column":43},"end":{"line":2,"column":null}},"3":{"start":{"line":4,"column":28},"end":{"line":4,"column":null}},"4":{"start":{"line":5,"column":27},"end":{"line":5,"column":null}},"5":{"start":{"line":6,"column":33},"end":{"line":6,"column":null}},"6":{"start":{"line":7,"column":145},"end":{"line":7,"column":null}},"7":{"start":{"line":8,"column":91},"end":{"line":8,"column":null}},"8":{"start":{"line":10,"column":28},"end":{"line":10,"column":null}},"9":{"start":{"line":11,"column":60},"end":{"line":11,"column":null}},"10":{"start":{"line":14,"column":32},"end":{"line":14,"column":null}},"11":{"start":{"line":15,"column":42},"end":{"line":15,"column":null}},"12":{"start":{"line":16,"column":28},"end":{"line":16,"column":null}},"13":{"start":{"line":17,"column":46},"end":{"line":17,"column":null}},"14":{"start":{"line":18,"column":46},"end":{"line":18,"column":null}},"15":{"start":{"line":19,"column":30},"end":{"line":19,"column":null}},"16":{"start":{"line":20,"column":38},"end":{"line":20,"column":null}},"17":{"start":{"line":21,"column":46},"end":{"line":21,"column":null}},"18":{"start":{"line":22,"column":28},"end":{"line":22,"column":null}},"19":{"start":{"line":23,"column":38},"end":{"line":23,"column":null}},"20":{"start":{"line":24,"column":42},"end":{"line":24,"column":null}},"21":{"start":{"line":25,"column":42},"end":{"line":25,"column":null}},"22":{"start":{"line":27,"column":25},"end":{"line":30,"column":null}},"23":{"start":{"line":28,"column":23},"end":{"line":28,"column":null}},"24":{"start":{"line":29,"column":4},"end":{"line":29,"column":null}},"25":{"start":{"line":32,"column":33},"end":{"line":35,"column":null}},"26":{"start":{"line":33,"column":4},"end":{"line":33,"column":null}},"27":{"start":{"line":34,"column":4},"end":{"line":34,"column":null}},"28":{"start":{"line":37,"column":35},"end":{"line":40,"column":null}},"29":{"start":{"line":38,"column":4},"end":{"line":38,"column":null}},"30":{"start":{"line":39,"column":4},"end":{"line":39,"column":null}},"31":{"start":{"line":42,"column":33},"end":{"line":45,"column":null}},"32":{"start":{"line":43,"column":4},"end":{"line":43,"column":null}},"33":{"start":{"line":44,"column":4},"end":{"line":44,"column":null}},"34":{"start":{"line":47,"column":21},"end":{"line":59,"column":null}},"35":{"start":{"line":48,"column":4},"end":{"line":48,"column":null}},"36":{"start":{"line":49,"column":4},"end":{"line":49,"column":null}},"37":{"start":{"line":50,"column":4},"end":{"line":50,"column":null}},"38":{"start":{"line":51,"column":4},"end":{"line":51,"column":null}},"39":{"start":{"line":52,"column":4},"end":{"line":52,"column":null}},"40":{"start":{"line":53,"column":4},"end":{"line":53,"column":null}},"41":{"start":{"line":54,"column":4},"end":{"line":54,"column":null}},"42":{"start":{"line":56,"column":25},"end":{"line":56,"column":null}},"43":{"start":{"line":57,"column":4},"end":{"line":57,"column":null}},"44":{"start":{"line":58,"column":4},"end":{"line":58,"column":null}},"45":{"start":{"line":61,"column":2},"end":{"line":63,"column":null}},"46":{"start":{"line":62,"column":4},"end":{"line":62,"column":null}},"47":{"start":{"line":65,"column":29},"end":{"line":81,"column":null}},"48":{"start":{"line":66,"column":4},"end":{"line":79,"column":null}},"49":{"start":{"line":68,"column":8},"end":{"line":68,"column":null}},"50":{"start":{"line":69,"column":8},"end":{"line":69,"column":null}},"51":{"start":{"line":71,"column":8},"end":{"line":71,"column":null}},"52":{"start":{"line":72,"column":8},"end":{"line":72,"column":null}},"53":{"start":{"line":74,"column":8},"end":{"line":74,"column":null}},"54":{"start":{"line":75,"column":8},"end":{"line":75,"column":null}},"55":{"start":{"line":77,"column":8},"end":{"line":77,"column":null}},"56":{"start":{"line":78,"column":8},"end":{"line":78,"column":null}},"57":{"start":{"line":80,"column":4},"end":{"line":80,"column":null}},"58":{"start":{"line":83,"column":30},"end":{"line":86,"column":null}},"59":{"start":{"line":84,"column":4},"end":{"line":84,"column":null}},"60":{"start":{"line":85,"column":4},"end":{"line":85,"column":null}},"61":{"start":{"line":88,"column":27},"end":{"line":91,"column":null}},"62":{"start":{"line":89,"column":4},"end":{"line":89,"column":null}},"63":{"start":{"line":90,"column":4},"end":{"line":90,"column":null}},"64":{"start":{"line":93,"column":44},"end":{"line":97,"column":null}},"65":{"start":{"line":94,"column":21},"end":{"line":94,"column":null}},"66":{"start":{"line":95,"column":4},"end":{"line":95,"column":null}},"67":{"start":{"line":96,"column":4},"end":{"line":96,"column":null}},"68":{"start":{"line":99,"column":20},"end":{"line":101,"column":null}},"69":{"start":{"line":100,"column":4},"end":{"line":100,"column":null}},"70":{"start":{"line":103,"column":18},"end":{"line":107,"column":null}},"71":{"start":{"line":104,"column":4},"end":{"line":104,"column":null}},"72":{"start":{"line":105,"column":4},"end":{"line":105,"column":null}},"73":{"start":{"line":106,"column":4},"end":{"line":106,"column":null}},"74":{"start":{"line":109,"column":19},"end":{"line":116,"column":null}},"75":{"start":{"line":110,"column":4},"end":{"line":110,"column":null}},"76":{"start":{"line":111,"column":4},"end":{"line":111,"column":null}},"77":{"start":{"line":112,"column":4},"end":{"line":112,"column":null}},"78":{"start":{"line":114,"column":23},"end":{"line":114,"column":null}},"79":{"start":{"line":115,"column":4},"end":{"line":115,"column":null}},"80":{"start":{"line":118,"column":38},"end":{"line":121,"column":null}},"81":{"start":{"line":119,"column":4},"end":{"line":119,"column":null}},"82":{"start":{"line":120,"column":4},"end":{"line":120,"column":null}},"83":{"start":{"line":123,"column":23},"end":{"line":133,"column":null}},"84":{"start":{"line":124,"column":28},"end":{"line":124,"column":null}},"85":{"start":{"line":125,"column":30},"end":{"line":125,"column":null}},"86":{"start":{"line":127,"column":24},"end":{"line":127,"column":41}},"87":{"start":{"line":128,"column":23},"end":{"line":128,"column":43}},"88":{"start":{"line":130,"column":4},"end":{"line":130,"column":null}},"89":{"start":{"line":131,"column":4},"end":{"line":131,"column":null}},"90":{"start":{"line":132,"column":4},"end":{"line":132,"column":null}},"91":{"start":{"line":135,"column":29},"end":{"line":141,"column":null}},"92":{"start":{"line":136,"column":28},"end":{"line":136,"column":null}},"93":{"start":{"line":138,"column":4},"end":{"line":138,"column":null}},"94":{"start":{"line":139,"column":4},"end":{"line":139,"column":null}},"95":{"start":{"line":140,"column":4},"end":{"line":140,"column":null}},"96":{"start":{"line":143,"column":20},"end":{"line":147,"column":null}},"97":{"start":{"line":144,"column":4},"end":{"line":146,"column":null}},"98":{"start":{"line":145,"column":6},"end":{"line":145,"column":null}},"99":{"start":{"line":149,"column":28},"end":{"line":180,"column":null}},"100":{"start":{"line":150,"column":4},"end":{"line":150,"column":null}},"101":{"start":{"line":152,"column":30},"end":{"line":152,"column":null}},"102":{"start":{"line":153,"column":17},"end":{"line":153,"column":null}},"103":{"start":{"line":154,"column":18},"end":{"line":154,"column":null}},"104":{"start":{"line":155,"column":19},"end":{"line":155,"column":30}},"105":{"start":{"line":156,"column":24},"end":{"line":156,"column":null}},"106":{"start":{"line":158,"column":22},"end":{"line":158,"column":null}},"107":{"start":{"line":160,"column":27},"end":{"line":160,"column":null}},"108":{"start":{"line":162,"column":26},"end":{"line":162,"column":null}},"109":{"start":{"line":163,"column":4},"end":{"line":173,"column":null}},"110":{"start":{"line":163,"column":19},"end":{"line":163,"column":22}},"111":{"start":{"line":164,"column":6},"end":{"line":172,"column":null}},"112":{"start":{"line":164,"column":21},"end":{"line":164,"column":24}},"113":{"start":{"line":165,"column":8},"end":{"line":170,"column":null}},"114":{"start":{"line":166,"column":10},"end":{"line":166,"column":null}},"115":{"start":{"line":167,"column":10},"end":{"line":167,"column":null}},"116":{"start":{"line":169,"column":10},"end":{"line":169,"column":null}},"117":{"start":{"line":171,"column":8},"end":{"line":171,"column":null}},"118":{"start":{"line":175,"column":33},"end":{"line":175,"column":null}},"119":{"start":{"line":176,"column":4},"end":{"line":176,"column":null}},"120":{"start":{"line":177,"column":4},"end":{"line":177,"column":null}},"121":{"start":{"line":178,"column":4},"end":{"line":178,"column":null}},"122":{"start":{"line":179,"column":4},"end":{"line":179,"column":null}},"123":{"start":{"line":202,"column":15},"end":{"line":202,"column":null}}},"fnMap":{"0":{"name":"App","decl":{"start":{"line":13,"column":9},"end":{"line":13,"column":null}},"loc":{"start":{"line":13,"column":9},"end":{"line":200,"column":null}}},"1":{"name":"(anonymous_5)","decl":{"start":{"line":27,"column":25},"end":{"line":27,"column":null}},"loc":{"start":{"line":27,"column":25},"end":{"line":30,"column":null}}},"2":{"name":"(anonymous_6)","decl":{"start":{"line":32,"column":33},"end":{"line":32,"column":null}},"loc":{"start":{"line":32,"column":33},"end":{"line":35,"column":null}}},"3":{"name":"(anonymous_7)","decl":{"start":{"line":37,"column":35},"end":{"line":37,"column":null}},"loc":{"start":{"line":37,"column":35},"end":{"line":40,"column":null}}},"4":{"name":"(anonymous_8)","decl":{"start":{"line":42,"column":33},"end":{"line":42,"column":null}},"loc":{"start":{"line":42,"column":33},"end":{"line":45,"column":null}}},"5":{"name":"(anonymous_9)","decl":{"start":{"line":47,"column":21},"end":{"line":47,"column":null}},"loc":{"start":{"line":47,"column":21},"end":{"line":59,"column":null}}},"6":{"name":"(anonymous_10)","decl":{"start":{"line":61,"column":12},"end":{"line":61,"column":null}},"loc":{"start":{"line":61,"column":12},"end":{"line":63,"column":5}}},"7":{"name":"(anonymous_11)","decl":{"start":{"line":65,"column":29},"end":{"line":65,"column":null}},"loc":{"start":{"line":65,"column":29},"end":{"line":81,"column":null}}},"8":{"name":"(anonymous_12)","decl":{"start":{"line":83,"column":30},"end":{"line":83,"column":31}},"loc":{"start":{"line":83,"column":36},"end":{"line":86,"column":null}}},"9":{"name":"(anonymous_13)","decl":{"start":{"line":88,"column":27},"end":{"line":88,"column":28}},"loc":{"start":{"line":88,"column":33},"end":{"line":91,"column":null}}},"10":{"name":"(anonymous_14)","decl":{"start":{"line":93,"column":44},"end":{"line":93,"column":45}},"loc":{"start":{"line":93,"column":58},"end":{"line":97,"column":null}}},"11":{"name":"(anonymous_15)","decl":{"start":{"line":99,"column":20},"end":{"line":99,"column":null}},"loc":{"start":{"line":99,"column":20},"end":{"line":101,"column":null}}},"12":{"name":"(anonymous_16)","decl":{"start":{"line":103,"column":18},"end":{"line":103,"column":null}},"loc":{"start":{"line":103,"column":18},"end":{"line":107,"column":null}}},"13":{"name":"(anonymous_17)","decl":{"start":{"line":109,"column":19},"end":{"line":109,"column":null}},"loc":{"start":{"line":109,"column":19},"end":{"line":116,"column":null}}},"14":{"name":"(anonymous_18)","decl":{"start":{"line":118,"column":38},"end":{"line":118,"column":39}},"loc":{"start":{"line":118,"column":39},"end":{"line":121,"column":null}}},"15":{"name":"(anonymous_19)","decl":{"start":{"line":123,"column":23},"end":{"line":123,"column":24}},"loc":{"start":{"line":123,"column":29},"end":{"line":133,"column":null}}},"16":{"name":"(anonymous_20)","decl":{"start":{"line":135,"column":29},"end":{"line":135,"column":30}},"loc":{"start":{"line":135,"column":35},"end":{"line":141,"column":null}}},"17":{"name":"(anonymous_21)","decl":{"start":{"line":143,"column":20},"end":{"line":143,"column":null}},"loc":{"start":{"line":143,"column":20},"end":{"line":147,"column":null}}},"18":{"name":"(anonymous_22)","decl":{"start":{"line":149,"column":28},"end":{"line":149,"column":29}},"loc":{"start":{"line":149,"column":29},"end":{"line":180,"column":null}}}},"branchMap":{"0":{"loc":{"start":{"line":66,"column":4},"end":{"line":79,"column":null}},"type":"switch","locations":[{"start":{"line":67,"column":6},"end":{"line":69,"column":null}},{"start":{"line":70,"column":6},"end":{"line":72,"column":null}},{"start":{"line":73,"column":6},"end":{"line":75,"column":null}},{"start":{"line":76,"column":6},"end":{"line":78,"column":null}}]},"1":{"loc":{"start":{"line":144,"column":4},"end":{"line":146,"column":null}},"type":"if","locations":[{"start":{"line":144,"column":4},"end":{"line":146,"column":null}}]},"2":{"loc":{"start":{"line":165,"column":8},"end":{"line":170,"column":null}},"type":"if","locations":[{"start":{"line":165,"column":8},"end":{"line":170,"column":null}},{"start":{"line":168,"column":15},"end":{"line":170,"column":null}}]}},"s":{"0":36,"1":1,"2":1,"3":1,"4":1,"5":1,"6":1,"7":1,"8":1,"9":1,"10":167,"11":167,"12":167,"13":167,"14":167,"15":167,"16":167,"17":167,"18":167,"19":167,"20":167,"21":167,"22":167,"23":0,"24":0,"25":167,"26":0,"27":0,"28":167,"29":0,"30":0,"31":167,"32":0,"33":0,"34":167,"35":72,"36":72,"37":72,"38":72,"39":72,"40":72,"41":72,"42":72,"43":72,"44":72,"45":167,"46":36,"47":167,"48":37,"49":37,"50":37,"51":0,"52":0,"53":0,"54":0,"55":0,"56":0,"57":37,"58":167,"59":10,"60":10,"61":167,"62":18,"63":18,"64":167,"65":28,"66":28,"67":28,"68":167,"69":33,"70":167,"71":8,"72":8,"73":8,"74":167,"75":8,"76":8,"77":8,"78":8,"79":8,"80":167,"81":33,"82":33,"83":167,"84":4,"85":4,"86":4,"87":4,"88":4,"89":4,"90":4,"91":167,"92":21,"93":21,"94":21,"95":21,"96":167,"97":0,"98":0,"99":167,"100":35,"101":35,"102":35,"103":35,"104":35,"105":35,"106":35,"107":35,"108":35,"109":35,"110":35,"111":63,"112":63,"113":202,"114":79,"115":79,"116":123,"117":202,"118":35,"119":35,"120":35,"121":35,"122":35,"123":1},"f":{"0":167,"1":0,"2":0,"3":0,"4":0,"5":72,"6":36,"7":37,"8":10,"9":18,"10":28,"11":33,"12":8,"13":8,"14":33,"15":4,"16":21,"17":0,"18":35},"b":{"0":[37,0,0,0],"1":[0],"2":[79,123]}}
,"C:\\Users\\User\\Documents\\GitHub\\minesweeper\\src\\components\\BoardModule.jsx": {"path":"C:\\Users\\User\\Documents\\GitHub\\minesweeper\\src\\components\\BoardModule.jsx","statementMap":{"0":{"start":{"line":5,"column":13},"end":{"line":5,"column":27}},"1":{"start":{"line":1,"column":43},"end":{"line":1,"column":null}},"2":{"start":{"line":3,"column":27},"end":{"line":3,"column":null}},"3":{"start":{"line":5,"column":27},"end":{"line":60,"column":null}},"4":{"start":{"line":9,"column":40},"end":{"line":9,"column":null}},"5":{"start":{"line":11,"column":2},"end":{"line":13,"column":null}},"6":{"start":{"line":12,"column":4},"end":{"line":12,"column":null}},"7":{"start":{"line":15,"column":27},"end":{"line":21,"column":null}},"8":{"start":{"line":16,"column":4},"end":{"line":20,"column":null}},"9":{"start":{"line":17,"column":6},"end":{"line":17,"column":null}},"10":{"start":{"line":19,"column":6},"end":{"line":19,"column":null}},"11":{"start":{"line":23,"column":2},"end":{"line":55,"column":null}},"12":{"start":{"line":31,"column":18},"end":{"line":53,"column":null}},"13":{"start":{"line":33,"column":22},"end":{"line":50,"column":null}}},"fnMap":{"0":{"name":"(anonymous_4)","decl":{"start":{"line":5,"column":27},"end":{"line":5,"column":28}},"loc":{"start":{"line":8,"column":1},"end":{"line":60,"column":null}}},"1":{"name":"(anonymous_5)","decl":{"start":{"line":11,"column":12},"end":{"line":11,"column":null}},"loc":{"start":{"line":11,"column":12},"end":{"line":13,"column":5}}},"2":{"name":"(anonymous_6)","decl":{"start":{"line":15,"column":27},"end":{"line":15,"column":null}},"loc":{"start":{"line":15,"column":27},"end":{"line":21,"column":null}}},"3":{"name":"(anonymous_7)","decl":{"start":{"line":30,"column":29},"end":{"line":30,"column":30}},"loc":{"start":{"line":30,"column":35},"end":{"line":55,"column":null}}},"4":{"name":"(anonymous_8)","decl":{"start":{"line":32,"column":28},"end":{"line":32,"column":29}},"loc":{"start":{"line":32,"column":35},"end":{"line":53,"column":null}}}},"branchMap":{"0":{"loc":{"start":{"line":16,"column":4},"end":{"line":20,"column":null}},"type":"if","locations":[{"start":{"line":16,"column":4},"end":{"line":20,"column":null}},{"start":{"line":18,"column":11},"end":{"line":20,"column":null}}]}},"s":{"0":167,"1":1,"2":1,"3":1,"4":239,"5":239,"6":108,"7":239,"8":239,"9":129,"10":110,"11":239,"12":1111,"13":7796},"f":{"0":239,"1":108,"2":239,"3":1111,"4":7796},"b":{"0":[129,110]}}
,"C:\\Users\\User\\Documents\\GitHub\\minesweeper\\src\\components\\CellModule.jsx": {"path":"C:\\Users\\User\\Documents\\GitHub\\minesweeper\\src\\components\\CellModule.jsx","statementMap":{"0":{"start":{"line":6,"column":13},"end":{"line":6,"column":26}},"1":{"start":{"line":1,"column":43},"end":{"line":1,"column":null}},"2":{"start":{"line":3,"column":28},"end":{"line":3,"column":null}},"3":{"start":{"line":4,"column":29},"end":{"line":4,"column":null}},"4":{"start":{"line":6,"column":26},"end":{"line":79,"column":null}},"5":{"start":{"line":10,"column":32},"end":{"line":10,"column":null}},"6":{"start":{"line":11,"column":26},"end":{"line":11,"column":null}},"7":{"start":{"line":12,"column":32},"end":{"line":12,"column":null}},"8":{"start":{"line":13,"column":44},"end":{"line":13,"column":null}},"9":{"start":{"line":15,"column":2},"end":{"line":17,"column":null}},"10":{"start":{"line":16,"column":4},"end":{"line":16,"column":null}},"11":{"start":{"line":19,"column":28},"end":{"line":24,"column":null}},"12":{"start":{"line":20,"column":4},"end":{"line":20,"column":null}},"13":{"start":{"line":21,"column":4},"end":{"line":21,"column":null}},"14":{"start":{"line":22,"column":4},"end":{"line":22,"column":null}},"15":{"start":{"line":23,"column":4},"end":{"line":23,"column":null}},"16":{"start":{"line":26,"column":2},"end":{"line":28,"column":null}},"17":{"start":{"line":27,"column":4},"end":{"line":27,"column":null}},"18":{"start":{"line":30,"column":2},"end":{"line":32,"column":null}},"19":{"start":{"line":31,"column":4},"end":{"line":31,"column":null}},"20":{"start":{"line":34,"column":22},"end":{"line":51,"column":null}},"21":{"start":{"line":35,"column":4},"end":{"line":50,"column":null}},"22":{"start":{"line":36,"column":6},"end":{"line":36,"column":null}},"23":{"start":{"line":37,"column":6},"end":{"line":37,"column":null}},"24":{"start":{"line":38,"column":6},"end":{"line":38,"column":null}},"25":{"start":{"line":39,"column":6},"end":{"line":45,"column":null}},"26":{"start":{"line":40,"column":8},"end":{"line":40,"column":null}},"27":{"start":{"line":41,"column":13},"end":{"line":45,"column":null}},"28":{"start":{"line":42,"column":8},"end":{"line":42,"column":null}},"29":{"start":{"line":44,"column":8},"end":{"line":44,"column":null}},"30":{"start":{"line":46,"column":6},"end":{"line":49,"column":null}},"31":{"start":{"line":47,"column":8},"end":{"line":47,"column":null}},"32":{"start":{"line":48,"column":8},"end":{"line":48,"column":null}},"33":{"start":{"line":53,"column":27},"end":{"line":72,"column":null}},"34":{"start":{"line":54,"column":4},"end":{"line":54,"column":null}},"35":{"start":{"line":57,"column":4},"end":{"line":69,"column":null}},"36":{"start":{"line":58,"column":6},"end":{"line":66,"column":null}},"37":{"start":{"line":59,"column":8},"end":{"line":59,"column":null}},"38":{"start":{"line":60,"column":8},"end":{"line":60,"column":null}},"39":{"start":{"line":61,"column":13},"end":{"line":66,"column":null}},"40":{"start":{"line":62,"column":8},"end":{"line":62,"column":null}},"41":{"start":{"line":63,"column":8},"end":{"line":63,"column":null}},"42":{"start":{"line":65,"column":8},"end":{"line":65,"column":null}},"43":{"start":{"line":68,"column":6},"end":{"line":68,"column":null}},"44":{"start":{"line":71,"column":4},"end":{"line":71,"column":null}},"45":{"start":{"line":74,"column":2},"end":{"line":76,"column":null}}},"fnMap":{"0":{"name":"(anonymous_4)","decl":{"start":{"line":6,"column":26},"end":{"line":6,"column":27}},"loc":{"start":{"line":9,"column":1},"end":{"line":79,"column":null}}},"1":{"name":"(anonymous_5)","decl":{"start":{"line":15,"column":12},"end":{"line":15,"column":null}},"loc":{"start":{"line":15,"column":12},"end":{"line":17,"column":5}}},"2":{"name":"(anonymous_6)","decl":{"start":{"line":19,"column":28},"end":{"line":19,"column":null}},"loc":{"start":{"line":19,"column":28},"end":{"line":24,"column":null}}},"3":{"name":"(anonymous_7)","decl":{"start":{"line":26,"column":12},"end":{"line":26,"column":null}},"loc":{"start":{"line":26,"column":12},"end":{"line":28,"column":5}}},"4":{"name":"(anonymous_8)","decl":{"start":{"line":30,"column":12},"end":{"line":30,"column":null}},"loc":{"start":{"line":30,"column":12},"end":{"line":32,"column":5}}},"5":{"name":"(anonymous_9)","decl":{"start":{"line":34,"column":22},"end":{"line":34,"column":null}},"loc":{"start":{"line":34,"column":22},"end":{"line":51,"column":null}}},"6":{"name":"(anonymous_10)","decl":{"start":{"line":53,"column":27},"end":{"line":53,"column":28}},"loc":{"start":{"line":53,"column":28},"end":{"line":72,"column":null}}}},"branchMap":{"0":{"loc":{"start":{"line":35,"column":4},"end":{"line":50,"column":null}},"type":"if","locations":[{"start":{"line":35,"column":4},"end":{"line":50,"column":null}}]},"1":{"loc":{"start":{"line":39,"column":6},"end":{"line":45,"column":null}},"type":"if","locations":[{"start":{"line":39,"column":6},"end":{"line":45,"column":null}},{"start":{"line":41,"column":13},"end":{"line":45,"column":null}}]},"2":{"loc":{"start":{"line":41,"column":13},"end":{"line":45,"column":null}},"type":"if","locations":[{"start":{"line":41,"column":13},"end":{"line":45,"column":null}},{"start":{"line":43,"column":13},"end":{"line":45,"column":null}}]},"3":{"loc":{"start":{"line":46,"column":6},"end":{"line":49,"column":null}},"type":"if","locations":[{"start":{"line":46,"column":6},"end":{"line":49,"column":null}}]},"4":{"loc":{"start":{"line":57,"column":4},"end":{"line":69,"column":null}},"type":"if","locations":[{"start":{"line":57,"column":4},"end":{"line":69,"column":null}},{"start":{"line":67,"column":11},"end":{"line":69,"column":null}}]},"5":{"loc":{"start":{"line":58,"column":6},"end":{"line":66,"column":null}},"type":"if","locations":[{"start":{"line":58,"column":6},"end":{"line":66,"column":null}},{"start":{"line":61,"column":13},"end":{"line":66,"column":null}}]},"6":{"loc":{"start":{"line":58,"column":10},"end":{"line":58,"column":52}},"type":"binary-expr","locations":[{"start":{"line":58,"column":10},"end":{"line":58,"column":32}},{"start":{"line":58,"column":32},"end":{"line":58,"column":52}}]},"7":{"loc":{"start":{"line":61,"column":13},"end":{"line":66,"column":null}},"type":"if","locations":[{"start":{"line":61,"column":13},"end":{"line":66,"column":null}},{"start":{"line":64,"column":13},"end":{"line":66,"column":null}}]}},"s":{"0":7796,"1":1,"2":1,"3":1,"4":1,"5":8137,"6":8137,"7":8137,"8":8137,"9":8137,"10":7178,"11":8137,"12":7178,"13":7178,"14":7178,"15":7178,"16":8137,"17":2377,"18":8137,"19":2377,"20":8137,"21":35,"22":33,"23":33,"24":33,"25":33,"26":8,"27":25,"28":4,"29":21,"30":33,"31":2,"32":2,"33":8137,"34":32,"35":32,"36":29,"37":18,"38":18,"39":11,"40":8,"41":8,"42":3,"43":3,"44":32,"45":8137},"f":{"0":8137,"1":7178,"2":7178,"3":2377,"4":2377,"5":35,"6":32},"b":{"0":[33],"1":[8,25],"2":[4,21],"3":[2],"4":[29,3],"5":[18,11],"6":[29,19],"7":[8,3]}}
,"C:\\Users\\User\\Documents\\GitHub\\minesweeper\\src\\components\\DebugModule.jsx": {"path":"C:\\Users\\User\\Documents\\GitHub\\minesweeper\\src\\components\\DebugModule.jsx","statementMap":{"0":{"start":{"line":3,"column":13},"end":{"line":3,"column":27}},"1":{"start":{"line":1,"column":32},"end":{"line":1,"column":null}},"2":{"start":{"line":3,"column":27},"end":{"line":22,"column":null}},"3":{"start":{"line":4,"column":36},"end":{"line":4,"column":null}},"4":{"start":{"line":6,"column":23},"end":{"line":8,"column":null}},"5":{"start":{"line":7,"column":4},"end":{"line":7,"column":null}},"6":{"start":{"line":9,"column":22},"end":{"line":11,"column":null}},"7":{"start":{"line":10,"column":4},"end":{"line":10,"column":null}},"8":{"start":{"line":13,"column":2},"end":{"line":18,"column":null}}},"fnMap":{"0":{"name":"(anonymous_4)","decl":{"start":{"line":3,"column":27},"end":{"line":3,"column":28}},"loc":{"start":{"line":3,"column":58},"end":{"line":22,"column":null}}},"1":{"name":"(anonymous_5)","decl":{"start":{"line":6,"column":23},"end":{"line":6,"column":24}},"loc":{"start":{"line":6,"column":24},"end":{"line":8,"column":null}}},"2":{"name":"(anonymous_6)","decl":{"start":{"line":9,"column":22},"end":{"line":9,"column":null}},"loc":{"start":{"line":9,"column":22},"end":{"line":11,"column":null}}}},"branchMap":{},"s":{"0":167,"1":1,"2":1,"3":1135,"4":1135,"5":968,"6":1135,"7":35,"8":1135},"f":{"0":1135,"1":968,"2":35},"b":{}}
,"C:\\Users\\User\\Documents\\GitHub\\minesweeper\\src\\components\\DifficultyModule.jsx": {"path":"C:\\Users\\User\\Documents\\GitHub\\minesweeper\\src\\components\\DifficultyModule.jsx","statementMap":{"0":{"start":{"line":3,"column":13},"end":{"line":3,"column":32}},"1":{"start":{"line":1,"column":18},"end":{"line":1,"column":null}},"2":{"start":{"line":3,"column":32},"end":{"line":11,"column":null}},"3":{"start":{"line":4,"column":2},"end":{"line":8,"column":null}}},"fnMap":{"0":{"name":"(anonymous_2)","decl":{"start":{"line":3,"column":32},"end":{"line":3,"column":33}},"loc":{"start":{"line":3,"column":79},"end":{"line":11,"column":null}}}},"branchMap":{},"s":{"0":167,"1":1,"2":1,"3":167},"f":{"0":167},"b":{}}
,"C:\\Users\\User\\Documents\\GitHub\\minesweeper\\src\\components\\InfoModule.jsx": {"path":"C:\\Users\\User\\Documents\\GitHub\\minesweeper\\src\\components\\InfoModule.jsx","statementMap":{"0":{"start":{"line":4,"column":13},"end":{"line":4,"column":26}},"1":{"start":{"line":1,"column":33},"end":{"line":1,"column":null}},"2":{"start":{"line":2,"column":30},"end":{"line":2,"column":null}},"3":{"start":{"line":4,"column":26},"end":{"line":31,"column":null}},"4":{"start":{"line":5,"column":2},"end":{"line":12,"column":null}},"5":{"start":{"line":6,"column":4},"end":{"line":11,"column":null}},"6":{"start":{"line":7,"column":25},"end":{"line":9,"column":null}},"7":{"start":{"line":8,"column":8},"end":{"line":8,"column":null}},"8":{"start":{"line":10,"column":6},"end":{"line":10,"column":null}},"9":{"start":{"line":10,"column":21},"end":{"line":10,"column":47}},"10":{"start":{"line":14,"column":2},"end":{"line":26,"column":null}}},"fnMap":{"0":{"name":"(anonymous_4)","decl":{"start":{"line":4,"column":26},"end":{"line":4,"column":27}},"loc":{"start":{"line":4,"column":95},"end":{"line":31,"column":null}}},"1":{"name":"(anonymous_5)","decl":{"start":{"line":5,"column":12},"end":{"line":5,"column":null}},"loc":{"start":{"line":5,"column":12},"end":{"line":12,"column":5}}},"2":{"name":"(anonymous_6)","decl":{"start":{"line":7,"column":37},"end":{"line":7,"column":null}},"loc":{"start":{"line":7,"column":37},"end":{"line":9,"column":9}}},"3":{"name":"(anonymous_7)","decl":{"start":{"line":10,"column":13},"end":{"line":10,"column":21}},"loc":{"start":{"line":10,"column":13},"end":{"line":10,"column":null}}}},"branchMap":{"0":{"loc":{"start":{"line":6,"column":4},"end":{"line":11,"column":null}},"type":"if","locations":[{"start":{"line":6,"column":4},"end":{"line":11,"column":null}}]}},"s":{"0":167,"1":1,"2":1,"3":1,"4":167,"5":50,"6":13,"7":0,"8":13,"9":13,"10":167},"f":{"0":167,"1":50,"2":0,"3":13},"b":{"0":[13]}}
,"C:\\Users\\User\\Documents\\GitHub\\minesweeper\\src\\logic\\app.js": {"path":"C:\\Users\\User\\Documents\\GitHub\\minesweeper\\src\\logic\\app.js","statementMap":{"0":{"start":{"line":3,"column":13},"end":{"line":3,"column":33}},"1":{"start":{"line":11,"column":13},"end":{"line":11,"column":35}},"2":{"start":{"line":40,"column":13},"end":{"line":40,"column":32}},"3":{"start":{"line":58,"column":13},"end":{"line":58,"column":29}},"4":{"start":{"line":74,"column":13},"end":{"line":74,"column":26}},"5":{"start":{"line":82,"column":13},"end":{"line":82,"column":33}},"6":{"start":{"line":103,"column":13},"end":{"line":103,"column":26}},"7":{"start":{"line":107,"column":13},"end":{"line":107,"column":25}},"8":{"start":{"line":121,"column":13},"end":{"line":121,"column":34}},"9":{"start":{"line":143,"column":13},"end":{"line":143,"column":28}},"10":{"start":{"line":147,"column":13},"end":{"line":147,"column":32}},"11":{"start":{"line":1,"column":62},"end":{"line":1,"column":null}},"12":{"start":{"line":3,"column":36},"end":{"line":9,"column":null}},"13":{"start":{"line":4,"column":2},"end":{"line":8,"column":null}},"14":{"start":{"line":5,"column":12},"end":{"line":5,"column":null}},"15":{"start":{"line":6,"column":13},"end":{"line":6,"column":null}},"16":{"start":{"line":7,"column":13},"end":{"line":7,"column":null}},"17":{"start":{"line":11,"column":38},"end":{"line":38,"column":null}},"18":{"start":{"line":12,"column":19},"end":{"line":12,"column":null}},"19":{"start":{"line":14,"column":12},"end":{"line":14,"column":null}},"20":{"start":{"line":15,"column":12},"end":{"line":15,"column":null}},"21":{"start":{"line":16,"column":14},"end":{"line":16,"column":null}},"22":{"start":{"line":18,"column":2},"end":{"line":27,"column":null}},"23":{"start":{"line":19,"column":4},"end":{"line":19,"column":null}},"24":{"start":{"line":20,"column":4},"end":{"line":20,"column":null}},"25":{"start":{"line":22,"column":4},"end":{"line":26,"column":null}},"26":{"start":{"line":23,"column":6},"end":{"line":23,"column":null}},"27":{"start":{"line":25,"column":6},"end":{"line":25,"column":null}},"28":{"start":{"line":29,"column":2},"end":{"line":35,"column":null}},"29":{"start":{"line":29,"column":15},"end":{"line":29,"column":18}},"30":{"start":{"line":30,"column":4},"end":{"line":34,"column":null}},"31":{"start":{"line":30,"column":17},"end":{"line":30,"column":20}},"32":{"start":{"line":31,"column":6},"end":{"line":33,"column":null}},"33":{"start":{"line":32,"column":8},"end":{"line":32,"column":null}},"34":{"start":{"line":37,"column":2},"end":{"line":37,"column":null}},"35":{"start":{"line":40,"column":35},"end":{"line":56,"column":null}},"36":{"start":{"line":41,"column":22},"end":{"line":41,"column":null}},"37":{"start":{"line":43,"column":2},"end":{"line":53,"column":null}},"38":{"start":{"line":43,"column":18},"end":{"line":43,"column":26}},"39":{"start":{"line":44,"column":4},"end":{"line":52,"column":null}},"40":{"start":{"line":45,"column":6},"end":{"line":51,"column":null}},"41":{"start":{"line":45,"column":22},"end":{"line":45,"column":30}},"42":{"start":{"line":46,"column":8},"end":{"line":50,"column":null}},"43":{"start":{"line":47,"column":10},"end":{"line":49,"column":null}},"44":{"start":{"line":48,"column":12},"end":{"line":48,"column":null}},"45":{"start":{"line":55,"column":2},"end":{"line":55,"column":null}},"46":{"start":{"line":58,"column":32},"end":{"line":72,"column":null}},"47":{"start":{"line":59,"column":19},"end":{"line":59,"column":null}},"48":{"start":{"line":61,"column":2},"end":{"line":69,"column":null}},"49":{"start":{"line":61,"column":15},"end":{"line":61,"column":18}},"50":{"start":{"line":62,"column":4},"end":{"line":68,"column":null}},"51":{"start":{"line":62,"column":17},"end":{"line":62,"column":20}},"52":{"start":{"line":63,"column":6},"end":{"line":67,"column":null}},"53":{"start":{"line":64,"column":30},"end":{"line":64,"column":null}},"54":{"start":{"line":66,"column":8},"end":{"line":66,"column":null}},"55":{"start":{"line":71,"column":2},"end":{"line":71,"column":null}},"56":{"start":{"line":74,"column":29},"end":{"line":80,"column":null}},"57":{"start":{"line":75,"column":17},"end":{"line":75,"column":null}},"58":{"start":{"line":77,"column":2},"end":{"line":77,"column":null}},"59":{"start":{"line":79,"column":2},"end":{"line":79,"column":null}},"60":{"start":{"line":82,"column":36},"end":{"line":101,"column":null}},"61":{"start":{"line":83,"column":15},"end":{"line":83,"column":null}},"62":{"start":{"line":84,"column":19},"end":{"line":84,"column":null}},"63":{"start":{"line":86,"column":2},"end":{"line":86,"column":null}},"64":{"start":{"line":88,"column":2},"end":{"line":94,"column":null}},"65":{"start":{"line":88,"column":15},"end":{"line":88,"column":18}},"66":{"start":{"line":89,"column":4},"end":{"line":93,"column":null}},"67":{"start":{"line":89,"column":17},"end":{"line":89,"column":20}},"68":{"start":{"line":90,"column":6},"end":{"line":92,"column":null}},"69":{"start":{"line":91,"column":8},"end":{"line":91,"column":null}},"70":{"start":{"line":96,"column":2},"end":{"line":98,"column":null}},"71":{"start":{"line":97,"column":4},"end":{"line":97,"column":null}},"72":{"start":{"line":100,"column":2},"end":{"line":100,"column":null}},"73":{"start":{"line":103,"column":29},"end":{"line":105,"column":null}},"74":{"start":{"line":104,"column":2},"end":{"line":104,"column":null}},"75":{"start":{"line":107,"column":28},"end":{"line":119,"column":null}},"76":{"start":{"line":108,"column":19},"end":{"line":108,"column":null}},"77":{"start":{"line":110,"column":2},"end":{"line":116,"column":null}},"78":{"start":{"line":110,"column":15},"end":{"line":110,"column":18}},"79":{"start":{"line":111,"column":4},"end":{"line":115,"column":null}},"80":{"start":{"line":111,"column":17},"end":{"line":111,"column":20}},"81":{"start":{"line":112,"column":6},"end":{"line":114,"column":null}},"82":{"start":{"line":113,"column":8},"end":{"line":113,"column":null}},"83":{"start":{"line":118,"column":2},"end":{"line":118,"column":null}},"84":{"start":{"line":121,"column":37},"end":{"line":141,"column":null}},"85":{"start":{"line":122,"column":2},"end":{"line":140,"column":null}},"86":{"start":{"line":123,"column":4},"end":{"line":125,"column":null}},"87":{"start":{"line":124,"column":6},"end":{"line":124,"column":null}},"88":{"start":{"line":127,"column":4},"end":{"line":139,"column":null}},"89":{"start":{"line":128,"column":6},"end":{"line":128,"column":null}},"90":{"start":{"line":129,"column":6},"end":{"line":129,"column":null}},"91":{"start":{"line":130,"column":6},"end":{"line":130,"column":null}},"92":{"start":{"line":131,"column":6},"end":{"line":131,"column":null}},"93":{"start":{"line":132,"column":6},"end":{"line":132,"column":null}},"94":{"start":{"line":133,"column":6},"end":{"line":133,"column":null}},"95":{"start":{"line":134,"column":6},"end":{"line":134,"column":null}},"96":{"start":{"line":135,"column":6},"end":{"line":135,"column":null}},"97":{"start":{"line":136,"column":6},"end":{"line":136,"column":null}},"98":{"start":{"line":137,"column":11},"end":{"line":139,"column":null}},"99":{"start":{"line":138,"column":6},"end":{"line":138,"column":null}},"100":{"start":{"line":143,"column":31},"end":{"line":145,"column":null}},"101":{"start":{"line":144,"column":2},"end":{"line":144,"column":null}},"102":{"start":{"line":147,"column":35},"end":{"line":153,"column":null}},"103":{"start":{"line":148,"column":2},"end":{"line":152,"column":null}},"104":{"start":{"line":149,"column":12},"end":{"line":149,"column":null}},"105":{"start":{"line":150,"column":12},"end":{"line":150,"column":null}},"106":{"start":{"line":151,"column":13},"end":{"line":151,"column":null}}},"fnMap":{"0":{"name":"(anonymous_12)","decl":{"start":{"line":3,"column":36},"end":{"line":3,"column":37}},"loc":{"start":{"line":3,"column":37},"end":{"line":9,"column":null}}},"1":{"name":"(anonymous_13)","decl":{"start":{"line":11,"column":38},"end":{"line":11,"column":39}},"loc":{"start":{"line":11,"column":47},"end":{"line":38,"column":null}}},"2":{"name":"(anonymous_14)","decl":{"start":{"line":40,"column":35},"end":{"line":40,"column":36}},"loc":{"start":{"line":40,"column":61},"end":{"line":56,"column":null}}},"3":{"name":"(anonymous_15)","decl":{"start":{"line":58,"column":32},"end":{"line":58,"column":33}},"loc":{"start":{"line":58,"column":51},"end":{"line":72,"column":null}}},"4":{"name":"(anonymous_16)","decl":{"start":{"line":74,"column":29},"end":{"line":74,"column":30}},"loc":{"start":{"line":74,"column":38},"end":{"line":80,"column":null}}},"5":{"name":"(anonymous_17)","decl":{"start":{"line":82,"column":36},"end":{"line":82,"column":37}},"loc":{"start":{"line":82,"column":68},"end":{"line":101,"column":null}}},"6":{"name":"(anonymous_18)","decl":{"start":{"line":103,"column":29},"end":{"line":103,"column":30}},"loc":{"start":{"line":103,"column":54},"end":{"line":105,"column":null}}},"7":{"name":"(anonymous_19)","decl":{"start":{"line":107,"column":28},"end":{"line":107,"column":29}},"loc":{"start":{"line":107,"column":43},"end":{"line":119,"column":null}}},"8":{"name":"(anonymous_20)","decl":{"start":{"line":121,"column":37},"end":{"line":121,"column":38}},"loc":{"start":{"line":121,"column":128},"end":{"line":141,"column":null}}},"9":{"name":"(anonymous_21)","decl":{"start":{"line":143,"column":31},"end":{"line":143,"column":32}},"loc":{"start":{"line":143,"column":32},"end":{"line":145,"column":null}}},"10":{"name":"(anonymous_22)","decl":{"start":{"line":147,"column":35},"end":{"line":147,"column":36}},"loc":{"start":{"line":147,"column":36},"end":{"line":153,"column":null}}}},"branchMap":{"0":{"loc":{"start":{"line":4,"column":2},"end":{"line":8,"column":null}},"type":"switch","locations":[{"start":{"line":5,"column":4},"end":{"line":5,"column":null}},{"start":{"line":6,"column":4},"end":{"line":6,"column":null}},{"start":{"line":7,"column":4},"end":{"line":7,"column":null}}]},"1":{"loc":{"start":{"line":22,"column":4},"end":{"line":26,"column":null}},"type":"if","locations":[{"start":{"line":22,"column":4},"end":{"line":26,"column":null}}]},"2":{"loc":{"start":{"line":22,"column":8},"end":{"line":22,"column":70}},"type":"binary-expr","locations":[{"start":{"line":22,"column":8},"end":{"line":22,"column":36}},{"start":{"line":22,"column":36},"end":{"line":22,"column":70}}]},"3":{"loc":{"start":{"line":31,"column":6},"end":{"line":33,"column":null}},"type":"if","locations":[{"start":{"line":31,"column":6},"end":{"line":33,"column":null}}]},"4":{"loc":{"start":{"line":44,"column":4},"end":{"line":52,"column":null}},"type":"if","locations":[{"start":{"line":44,"column":4},"end":{"line":52,"column":null}}]},"5":{"loc":{"start":{"line":44,"column":8},"end":{"line":44,"column":34}},"type":"binary-expr","locations":[{"start":{"line":44,"column":8},"end":{"line":44,"column":20}},{"start":{"line":44,"column":20},"end":{"line":44,"column":34}}]},"6":{"loc":{"start":{"line":46,"column":8},"end":{"line":50,"column":null}},"type":"if","locations":[{"start":{"line":46,"column":8},"end":{"line":50,"column":null}}]},"7":{"loc":{"start":{"line":46,"column":12},"end":{"line":46,"column":37}},"type":"binary-expr","locations":[{"start":{"line":46,"column":12},"end":{"line":46,"column":24}},{"start":{"line":46,"column":24},"end":{"line":46,"column":37}}]},"8":{"loc":{"start":{"line":47,"column":10},"end":{"line":49,"column":null}},"type":"if","locations":[{"start":{"line":47,"column":10},"end":{"line":49,"column":null}}]},"9":{"loc":{"start":{"line":63,"column":6},"end":{"line":67,"column":null}},"type":"if","locations":[{"start":{"line":63,"column":6},"end":{"line":67,"column":null}}]},"10":{"loc":{"start":{"line":90,"column":6},"end":{"line":92,"column":null}},"type":"if","locations":[{"start":{"line":90,"column":6},"end":{"line":92,"column":null}}]},"11":{"loc":{"start":{"line":90,"column":10},"end":{"line":90,"column":58}},"type":"binary-expr","locations":[{"start":{"line":90,"column":10},"end":{"line":90,"column":37}},{"start":{"line":90,"column":37},"end":{"line":90,"column":58}}]},"12":{"loc":{"start":{"line":96,"column":2},"end":{"line":98,"column":null}},"type":"if","locations":[{"start":{"line":96,"column":2},"end":{"line":98,"column":null}}]},"13":{"loc":{"start":{"line":104,"column":9},"end":{"line":104,"column":null}},"type":"binary-expr","locations":[{"start":{"line":104,"column":9},"end":{"line":104,"column":28}},{"start":{"line":104,"column":28},"end":{"line":104,"column":49}},{"start":{"line":104,"column":49},"end":{"line":104,"column":67}},{"start":{"line":104,"column":67},"end":{"line":104,"column":null}}]},"14":{"loc":{"start":{"line":112,"column":6},"end":{"line":114,"column":null}},"type":"if","locations":[{"start":{"line":112,"column":6},"end":{"line":114,"column":null}}]},"15":{"loc":{"start":{"line":121,"column":107},"end":{"line":121,"column":128}},"type":"default-arg","locations":[{"start":{"line":121,"column":123},"end":{"line":121,"column":128}}]},"16":{"loc":{"start":{"line":122,"column":2},"end":{"line":140,"column":null}},"type":"if","locations":[{"start":{"line":122,"column":2},"end":{"line":140,"column":null}}]},"17":{"loc":{"start":{"line":122,"column":6},"end":{"line":122,"column":107}},"type":"binary-expr","locations":[{"start":{"line":122,"column":6},"end":{"line":122,"column":59}},{"start":{"line":122,"column":59},"end":{"line":122,"column":91}},{"start":{"line":122,"column":91},"end":{"line":122,"column":103}}]},"18":{"loc":{"start":{"line":123,"column":4},"end":{"line":125,"column":null}},"type":"if","locations":[{"start":{"line":123,"column":4},"end":{"line":125,"column":null}}]},"19":{"loc":{"start":{"line":127,"column":4},"end":{"line":139,"column":null}},"type":"if","locations":[{"start":{"line":127,"column":4},"end":{"line":139,"column":null}},{"start":{"line":137,"column":11},"end":{"line":139,"column":null}}]},"20":{"loc":{"start":{"line":127,"column":8},"end":{"line":127,"column":67}},"type":"binary-expr","locations":[{"start":{"line":127,"column":8},"end":{"line":127,"column":33}},{"start":{"line":127,"column":33},"end":{"line":127,"column":67}}]},"21":{"loc":{"start":{"line":137,"column":11},"end":{"line":139,"column":null}},"type":"if","locations":[{"start":{"line":137,"column":11},"end":{"line":139,"column":null}}]},"22":{"loc":{"start":{"line":148,"column":2},"end":{"line":152,"column":null}},"type":"switch","locations":[{"start":{"line":149,"column":4},"end":{"line":149,"column":null}},{"start":{"line":150,"column":4},"end":{"line":150,"column":null}},{"start":{"line":151,"column":4},"end":{"line":151,"column":null}}]}},"s":{"0":0,"1":0,"2":0,"3":35,"4":239,"5":25,"6":0,"7":8,"8":4,"9":167,"10":167,"11":1,"12":1,"13":239,"14":239,"15":0,"16":0,"17":1,"18":239,"19":239,"20":239,"21":239,"22":239,"23":2591,"24":2591,"25":2591,"26":2390,"27":2390,"28":239,"29":239,"30":1912,"31":1912,"32":15296,"33":12906,"34":239,"35":1,"36":13029,"37":13029,"38":13029,"39":39087,"40":35725,"41":35725,"42":107175,"43":98195,"44":13642,"45":13029,"46":1,"47":274,"48":274,"49":274,"50":1975,"51":1975,"52":15498,"53":13029,"54":13029,"55":274,"56":1,"57":239,"58":239,"59":239,"60":1,"61":25,"62":25,"63":25,"64":25,"65":25,"66":61,"67":61,"68":202,"69":49,"70":25,"71":8,"72":25,"73":1,"74":156,"75":1,"76":8,"77":8,"78":8,"79":8,"80":8,"81":18,"82":9,"83":8,"84":1,"85":156,"86":102,"87":0,"88":102,"89":19,"90":19,"91":19,"92":19,"93":19,"94":19,"95":19,"96":19,"97":19,"98":83,"99":24,"100":1,"101":32,"102":1,"103":167,"104":8,"105":8,"106":151},"f":{"0":239,"1":239,"2":13029,"3":274,"4":239,"5":25,"6":156,"7":8,"8":156,"9":32,"10":167},"b":{"0":[239,0,0],"1":[2390],"2":[2591,2591],"3":[12906],"4":[35725],"5":[39087,37418],"6":[98195],"7":[107175,102700],"8":[13642],"9":[13029],"10":[49],"11":[202,123],"12":[8],"13":[156,147,111,111],"14":[9],"15":[152],"16":[102],"17":[156,103,1],"18":[0],"19":[19,83],"20":[102,42],"21":[24],"22":[8,8,151]}}
,"C:\\Users\\User\\Documents\\GitHub\\minesweeper\\src\\logic\\board.js": {"path":"C:\\Users\\User\\Documents\\GitHub\\minesweeper\\src\\logic\\board.js","statementMap":{"0":{"start":{"line":1,"column":13},"end":{"line":1,"column":46}},"1":{"start":{"line":11,"column":13},"end":{"line":11,"column":40}},"2":{"start":{"line":22,"column":13},"end":{"line":22,"column":23}},"3":{"start":{"line":1,"column":49},"end":{"line":9,"column":null}},"4":{"start":{"line":2,"column":19},"end":{"line":2,"column":null}},"5":{"start":{"line":4,"column":2},"end":{"line":6,"column":null}},"6":{"start":{"line":4,"column":15},"end":{"line":4,"column":18}},"7":{"start":{"line":5,"column":4},"end":{"line":5,"column":null}},"8":{"start":{"line":8,"column":2},"end":{"line":8,"column":null}},"9":{"start":{"line":11,"column":43},"end":{"line":21,"column":null}},"10":{"start":{"line":12,"column":19},"end":{"line":12,"column":null}},"11":{"start":{"line":14,"column":2},"end":{"line":18,"column":null}},"12":{"start":{"line":14,"column":22},"end":{"line":14,"column":25}},"13":{"start":{"line":15,"column":4},"end":{"line":17,"column":null}},"14":{"start":{"line":15,"column":27},"end":{"line":15,"column":30}},"15":{"start":{"line":16,"column":6},"end":{"line":16,"column":null}},"16":{"start":{"line":20,"column":2},"end":{"line":20,"column":null}},"17":{"start":{"line":22,"column":26},"end":{"line":32,"column":null}},"18":{"start":{"line":23,"column":19},"end":{"line":23,"column":null}},"19":{"start":{"line":25,"column":2},"end":{"line":29,"column":null}},"20":{"start":{"line":25,"column":15},"end":{"line":25,"column":18}},"21":{"start":{"line":26,"column":4},"end":{"line":28,"column":null}},"22":{"start":{"line":26,"column":17},"end":{"line":26,"column":20}},"23":{"start":{"line":27,"column":6},"end":{"line":27,"column":null}},"24":{"start":{"line":31,"column":2},"end":{"line":31,"column":null}}},"fnMap":{"0":{"name":"(anonymous_4)","decl":{"start":{"line":1,"column":49},"end":{"line":1,"column":50}},"loc":{"start":{"line":1,"column":58},"end":{"line":9,"column":null}}},"1":{"name":"(anonymous_5)","decl":{"start":{"line":11,"column":43},"end":{"line":11,"column":44}},"loc":{"start":{"line":11,"column":59},"end":{"line":21,"column":null}}},"2":{"name":"(anonymous_6)","decl":{"start":{"line":22,"column":26},"end":{"line":22,"column":27}},"loc":{"start":{"line":22,"column":27},"end":{"line":32,"column":null}}}},"branchMap":{},"s":{"0":274,"1":680,"2":360,"3":1,"4":1314,"5":1314,"6":1314,"7":9675,"8":1314,"9":1,"10":680,"11":680,"12":680,"13":5223,"14":5223,"15":41482,"16":680,"17":1,"18":360,"19":360,"20":360,"21":2477,"22":2477,"23":19348,"24":360},"f":{"0":1314,"1":680,"2":360},"b":{}}
,"C:\\Users\\User\\Documents\\GitHub\\minesweeper\\src\\logic\\cell.js": {"path":"C:\\Users\\User\\Documents\\GitHub\\minesweeper\\src\\logic\\cell.js","statementMap":{"0":{"start":{"line":1,"column":13},"end":{"line":1,"column":28}},"1":{"start":{"line":1,"column":28},"end":{"line":21,"column":null}},"2":{"start":{"line":4,"column":2},"end":{"line":18,"column":null}},"3":{"start":{"line":5,"column":4},"end":{"line":15,"column":null}},"4":{"start":{"line":6,"column":14},"end":{"line":6,"column":37}},"5":{"start":{"line":6,"column":37},"end":{"line":6,"column":null}},"6":{"start":{"line":7,"column":14},"end":{"line":7,"column":37}},"7":{"start":{"line":7,"column":37},"end":{"line":7,"column":null}},"8":{"start":{"line":8,"column":14},"end":{"line":8,"column":39}},"9":{"start":{"line":8,"column":39},"end":{"line":8,"column":null}},"10":{"start":{"line":9,"column":14},"end":{"line":9,"column":38}},"11":{"start":{"line":9,"column":38},"end":{"line":9,"column":null}},"12":{"start":{"line":10,"column":14},"end":{"line":10,"column":38}},"13":{"start":{"line":10,"column":38},"end":{"line":10,"column":null}},"14":{"start":{"line":11,"column":14},"end":{"line":11,"column":37}},"15":{"start":{"line":11,"column":37},"end":{"line":11,"column":null}},"16":{"start":{"line":12,"column":14},"end":{"line":12,"column":39}},"17":{"start":{"line":12,"column":39},"end":{"line":12,"column":null}},"18":{"start":{"line":13,"column":14},"end":{"line":13,"column":39}},"19":{"start":{"line":13,"column":39},"end":{"line":13,"column":null}},"20":{"start":{"line":14,"column":15},"end":{"line":14,"column":34}},"21":{"start":{"line":14,"column":34},"end":{"line":14,"column":null}},"22":{"start":{"line":17,"column":4},"end":{"line":17,"column":null}},"23":{"start":{"line":20,"column":2},"end":{"line":20,"column":null}}},"fnMap":{"0":{"name":"(anonymous_1)","decl":{"start":{"line":1,"column":28},"end":{"line":1,"column":29}},"loc":{"start":{"line":1,"column":37},"end":{"line":21,"column":null}}}},"branchMap":{"0":{"loc":{"start":{"line":4,"column":2},"end":{"line":18,"column":null}},"type":"if","locations":[{"start":{"line":4,"column":2},"end":{"line":18,"column":null}},{"start":{"line":16,"column":9},"end":{"line":18,"column":null}}]},"1":{"loc":{"start":{"line":5,"column":4},"end":{"line":15,"column":null}},"type":"switch","locations":[{"start":{"line":6,"column":6},"end":{"line":6,"column":null}},{"start":{"line":7,"column":6},"end":{"line":7,"column":null}},{"start":{"line":8,"column":6},"end":{"line":8,"column":null}},{"start":{"line":9,"column":6},"end":{"line":9,"column":null}},{"start":{"line":10,"column":6},"end":{"line":10,"column":null}},{"start":{"line":11,"column":6},"end":{"line":11,"column":null}},{"start":{"line":12,"column":6},"end":{"line":12,"column":null}},{"start":{"line":13,"column":6},"end":{"line":13,"column":null}},{"start":{"line":14,"column":6},"end":{"line":14,"column":null}}]}},"s":{"0":8137,"1":1,"2":8137,"3":121,"4":46,"5":46,"6":18,"7":18,"8":7,"9":7,"10":2,"11":2,"12":2,"13":2,"14":2,"15":2,"16":2,"17":2,"18":2,"19":2,"20":40,"21":40,"22":8016,"23":8137},"f":{"0":8137},"b":{"0":[121,8016],"1":[46,18,7,2,2,2,2,2,40]}}
,"C:\\Users\\User\\Documents\\GitHub\\minesweeper\\src\\logic\\cellContent.jsx": {"path":"C:\\Users\\User\\Documents\\GitHub\\minesweeper\\src\\logic\\cellContent.jsx","statementMap":{"0":{"start":{"line":6,"column":13},"end":{"line":6,"column":27}},"1":{"start":{"line":1,"column":18},"end":{"line":1,"column":null}},"2":{"start":{"line":3,"column":25},"end":{"line":3,"column":null}},"3":{"start":{"line":4,"column":21},"end":{"line":4,"column":null}},"4":{"start":{"line":6,"column":27},"end":{"line":48,"column":null}},"5":{"start":{"line":10,"column":2},"end":{"line":14,"column":null}},"6":{"start":{"line":11,"column":4},"end":{"line":11,"column":null}},"7":{"start":{"line":13,"column":4},"end":{"line":13,"column":null}},"8":{"start":{"line":16,"column":2},"end":{"line":27,"column":null}},"9":{"start":{"line":18,"column":6},"end":{"line":18,"column":null}},"10":{"start":{"line":19,"column":6},"end":{"line":19,"column":null}},"11":{"start":{"line":21,"column":6},"end":{"line":21,"column":null}},"12":{"start":{"line":22,"column":6},"end":{"line":22,"column":null}},"13":{"start":{"line":24,"column":6},"end":{"line":24,"column":null}},"14":{"start":{"line":25,"column":6},"end":{"line":25,"column":null}},"15":{"start":{"line":26,"column":13},"end":{"line":26,"column":null}},"16":{"start":{"line":29,"column":2},"end":{"line":29,"column":null}},"17":{"start":{"line":29,"column":22},"end":{"line":29,"column":null}},"18":{"start":{"line":31,"column":2},"end":{"line":47,"column":null}},"19":{"start":{"line":32,"column":4},"end":{"line":38,"column":null}},"20":{"start":{"line":34,"column":11},"end":{"line":38,"column":null}},"21":{"start":{"line":36,"column":11},"end":{"line":38,"column":null}},"22":{"start":{"line":37,"column":6},"end":{"line":37,"column":null}},"23":{"start":{"line":40,"column":4},"end":{"line":46,"column":null}},"24":{"start":{"line":42,"column":11},"end":{"line":46,"column":null}}},"fnMap":{"0":{"name":"(anonymous_2)","decl":{"start":{"line":6,"column":27},"end":{"line":6,"column":28}},"loc":{"start":{"line":6,"column":85},"end":{"line":48,"column":null}}}},"branchMap":{"0":{"loc":{"start":{"line":10,"column":2},"end":{"line":14,"column":null}},"type":"if","locations":[{"start":{"line":10,"column":2},"end":{"line":14,"column":null}},{"start":{"line":12,"column":9},"end":{"line":14,"column":null}}]},"1":{"loc":{"start":{"line":10,"column":6},"end":{"line":10,"column":40}},"type":"binary-expr","locations":[{"start":{"line":10,"column":6},"end":{"line":10,"column":22}},{"start":{"line":10,"column":22},"end":{"line":10,"column":40}}]},"2":{"loc":{"start":{"line":16,"column":2},"end":{"line":27,"column":null}},"type":"switch","locations":[{"start":{"line":17,"column":4},"end":{"line":19,"column":null}},{"start":{"line":20,"column":4},"end":{"line":22,"column":null}},{"start":{"line":23,"column":4},"end":{"line":25,"column":null}},{"start":{"line":26,"column":4},"end":{"line":26,"column":null}}]},"3":{"loc":{"start":{"line":29,"column":2},"end":{"line":29,"column":null}},"type":"if","locations":[{"start":{"line":29,"column":2},"end":{"line":29,"column":null}}]},"4":{"loc":{"start":{"line":31,"column":2},"end":{"line":47,"column":null}},"type":"if","locations":[{"start":{"line":31,"column":2},"end":{"line":47,"column":null}},{"start":{"line":39,"column":9},"end":{"line":47,"column":null}}]},"5":{"loc":{"start":{"line":32,"column":4},"end":{"line":38,"column":null}},"type":"if","locations":[{"start":{"line":32,"column":4},"end":{"line":38,"column":null}},{"start":{"line":34,"column":11},"end":{"line":38,"column":null}}]},"6":{"loc":{"start":{"line":32,"column":8},"end":{"line":32,"column":37}},"type":"binary-expr","locations":[{"start":{"line":32,"column":8},"end":{"line":32,"column":28}},{"start":{"line":32,"column":28},"end":{"line":32,"column":37}}]},"7":{"loc":{"start":{"line":34,"column":11},"end":{"line":38,"column":null}},"type":"if","locations":[{"start":{"line":34,"column":11},"end":{"line":38,"column":null}},{"start":{"line":36,"column":11},"end":{"line":38,"column":null}}]},"8":{"loc":{"start":{"line":36,"column":11},"end":{"line":38,"column":null}},"type":"if","locations":[{"start":{"line":36,"column":11},"end":{"line":38,"column":null}}]},"9":{"loc":{"start":{"line":40,"column":4},"end":{"line":46,"column":null}},"type":"if","locations":[{"start":{"line":40,"column":4},"end":{"line":46,"column":null}},{"start":{"line":42,"column":11},"end":{"line":46,"column":null}}]},"10":{"loc":{"start":{"line":40,"column":8},"end":{"line":40,"column":61}},"type":"binary-expr","locations":[{"start":{"line":40,"column":8},"end":{"line":40,"column":27}},{"start":{"line":40,"column":27},"end":{"line":40,"column":43}},{"start":{"line":40,"column":43},"end":{"line":40,"column":61}}]},"11":{"loc":{"start":{"line":42,"column":11},"end":{"line":46,"column":null}},"type":"if","locations":[{"start":{"line":42,"column":11},"end":{"line":46,"column":null}},{"start":{"line":44,"column":11},"end":{"line":46,"column":null}}]},"12":{"loc":{"start":{"line":42,"column":15},"end":{"line":42,"column":49}},"type":"binary-expr","locations":[{"start":{"line":42,"column":15},"end":{"line":42,"column":35}},{"start":{"line":42,"column":35},"end":{"line":42,"column":49}}]}},"s":{"0":8137,"1":1,"2":1,"3":1,"4":1,"5":8137,"6":35,"7":8102,"8":8137,"9":8063,"10":8063,"11":60,"12":60,"13":14,"14":14,"15":0,"16":8137,"17":0,"18":8137,"19":121,"20":105,"21":104,"22":81,"23":8016,"24":8014},"f":{"0":8137},"b":{"0":[35,8102],"1":[8137,65],"2":[8063,60,14,0],"3":[0],"4":[121,8016],"5":[16,105],"6":[121,17],"7":[1,104],"8":[81],"9":[2,8014],"10":[8016,43,20],"11":[18,7996],"12":[8014,1465]}}
,"C:\\Users\\User\\Documents\\GitHub\\minesweeper\\src\\logic\\constants.js": {"path":"C:\\Users\\User\\Documents\\GitHub\\minesweeper\\src\\logic\\constants.js","statementMap":{"0":{"start":{"line":1,"column":13},"end":{"line":1,"column":23}},"1":{"start":{"line":7,"column":13},"end":{"line":7,"column":29}},"2":{"start":{"line":13,"column":13},"end":{"line":13,"column":26}},"3":{"start":{"line":1,"column":26},"end":{"line":5,"column":null}},"4":{"start":{"line":7,"column":32},"end":{"line":11,"column":null}},"5":{"start":{"line":13,"column":29},"end":{"line":17,"column":null}}},"fnMap":{},"branchMap":{},"s":{"0":204,"1":204,"2":255,"3":1,"4":1,"5":1},"f":{},"b":{}}
,"C:\\Users\\User\\Documents\\GitHub\\minesweeper\\src\\logic\\info.js": {"path":"C:\\Users\\User\\Documents\\GitHub\\minesweeper\\src\\logic\\info.js","statementMap":{"0":{"start":{"line":5,"column":13},"end":{"line":5,"column":29}},"1":{"start":{"line":1,"column":16},"end":{"line":1,"column":null}},"2":{"start":{"line":2,"column":20},"end":{"line":2,"column":null}},"3":{"start":{"line":3,"column":18},"end":{"line":3,"column":null}},"4":{"start":{"line":5,"column":29},"end":{"line":11,"column":null}},"5":{"start":{"line":6,"column":2},"end":{"line":10,"column":null}},"6":{"start":{"line":7,"column":12},"end":{"line":7,"column":null}},"7":{"start":{"line":8,"column":12},"end":{"line":8,"column":null}},"8":{"start":{"line":9,"column":13},"end":{"line":9,"column":null}}},"fnMap":{"0":{"name":"(anonymous_1)","decl":{"start":{"line":5,"column":29},"end":{"line":5,"column":30}},"loc":{"start":{"line":5,"column":30},"end":{"line":11,"column":null}}}},"branchMap":{"0":{"loc":{"start":{"line":6,"column":2},"end":{"line":10,"column":null}},"type":"switch","locations":[{"start":{"line":7,"column":4},"end":{"line":7,"column":null}},{"start":{"line":8,"column":4},"end":{"line":8,"column":null}},{"start":{"line":9,"column":4},"end":{"line":9,"column":null}}]}},"s":{"0":167,"1":1,"2":1,"3":1,"4":1,"5":167,"6":8,"7":8,"8":151},"f":{"0":167},"b":{"0":[8,8,151]}}
}
