TN:
SF:src\App.jsx
FN:14,App
FN:31,(anonymous_5)
FN:36,(anonymous_6)
FN:62,(anonymous_7)
FN:75,(anonymous_8)
FN:79,(anonymous_9)
FN:97,(anonymous_10)
FN:102,(anonymous_11)
FN:107,(anonymous_12)
FN:113,(anonymous_13)
FN:117,(anonymous_14)
FN:123,(anonymous_15)
FN:132,(anonymous_16)
FN:144,(anonymous_17)
FN:152,(anonymous_18)
FN:156,(anonymous_19)
FN:187,(anonymous_20)
FN:235,oo_cm
FN:235,oo_oo
FN:235,oo_tr
FN:235,oo_ts
FN:235,oo_te
FNF:22
FNH:4
FNDA:41,App
FNDA:0,(anonymous_5)
FNDA:0,(anonymous_6)
FNDA:0,(anonymous_7)
FNDA:0,(anonymous_8)
FNDA:0,(anonymous_9)
FNDA:0,(anonymous_10)
FNDA:0,(anonymous_11)
FNDA:0,(anonymous_12)
FNDA:0,(anonymous_13)
FNDA:0,(anonymous_14)
FNDA:0,(anonymous_15)
FNDA:0,(anonymous_16)
FNDA:0,(anonymous_17)
FNDA:0,(anonymous_18)
FNDA:0,(anonymous_19)
FNDA:40,(anonymous_20)
FNDA:40,oo_cm
FNDA:40,oo_oo
FNDA:0,oo_tr
FNDA:0,oo_ts
FNDA:0,oo_te
DA:1,1
DA:2,1
DA:4,1
DA:5,1
DA:6,1
DA:7,1
DA:8,1
DA:10,1
DA:11,1
DA:12,1
DA:16,41
DA:17,40
DA:18,40
DA:19,40
DA:20,40
DA:21,40
DA:22,40
DA:23,40
DA:24,40
DA:25,40
DA:26,40
DA:27,40
DA:29,40
DA:31,40
DA:32,0
DA:33,0
DA:36,40
DA:37,0
DA:39,0
DA:40,0
DA:41,0
DA:42,0
DA:43,0
DA:45,0
DA:46,0
DA:47,0
DA:48,0
DA:49,0
DA:51,0
DA:52,0
DA:53,0
DA:54,0
DA:55,0
DA:57,0
DA:58,0
DA:62,40
DA:63,0
DA:64,0
DA:65,0
DA:66,0
DA:67,0
DA:68,0
DA:69,0
DA:71,0
DA:72,0
DA:75,40
DA:76,0
DA:79,40
DA:80,0
DA:82,0
DA:83,0
DA:85,0
DA:86,0
DA:88,0
DA:89,0
DA:91,0
DA:92,0
DA:94,0
DA:97,40
DA:98,0
DA:99,0
DA:102,40
DA:103,0
DA:104,0
DA:107,40
DA:108,0
DA:109,0
DA:110,0
DA:113,40
DA:114,0
DA:117,40
DA:118,0
DA:119,0
DA:120,0
DA:123,40
DA:124,0
DA:125,0
DA:126,0
DA:128,0
DA:129,0
DA:132,40
DA:133,0
DA:134,0
DA:136,0
DA:137,0
DA:139,0
DA:140,0
DA:141,0
DA:144,40
DA:145,0
DA:147,0
DA:148,0
DA:149,0
DA:152,40
DA:153,0
DA:156,40
DA:157,0
DA:158,0
DA:159,0
DA:160,0
DA:161,0
DA:163,0
DA:165,0
DA:167,0
DA:168,0
DA:169,0
DA:170,0
DA:171,0
DA:172,0
DA:174,0
DA:176,0
DA:180,0
DA:181,0
DA:182,0
DA:183,0
DA:184,0
DA:187,40
DA:188,40
DA:190,40
DA:192,0
DA:194,0
DA:198,40
DA:228,40
DA:235,40
LF:134
LH:44
BRDA:37,0,0,0
BRDA:37,0,1,0
BRDA:37,0,2,0
BRDA:37,0,3,0
BRDA:80,1,0,0
BRDA:80,1,1,0
BRDA:80,1,2,0
BRDA:80,1,3,0
BRDA:170,2,0,0
BRDA:170,2,1,0
BRDA:188,3,0,40
BRDA:188,3,1,0
BRDA:188,3,2,0
BRDA:206,4,0,40
BRDA:206,4,1,0
BRDA:235,5,0,40
BRDA:235,5,1,1
BRF:17
BRH:4
end_of_record
TN:
SF:src\components\BoardModule.jsx
FN:6,(anonymous_4)
FN:14,(anonymous_5)
FN:18,(anonymous_6)
FN:24,(anonymous_7)
FN:38,(anonymous_8)
FN:40,(anonymous_9)
FNF:6
FNH:6
FNDA:40,(anonymous_4)
FNDA:40,(anonymous_5)
FNDA:40,(anonymous_6)
FNDA:40,(anonymous_7)
FNDA:320,(anonymous_8)
FNDA:2560,(anonymous_9)
DA:1,1
DA:3,1
DA:4,1
DA:6,40
DA:10,40
DA:11,40
DA:12,40
DA:14,40
DA:15,40
DA:18,40
DA:19,40
DA:20,40
DA:24,40
DA:25,40
DA:26,40
DA:28,40
DA:31,40
DA:39,320
DA:41,2560
LF:19
LH:19
BRDA:19,0,0,40
BRDA:25,1,0,40
BRF:2
BRH:2
end_of_record
TN:
SF:src\components\CellModule.jsx
FN:6,(anonymous_4)
FN:14,(anonymous_5)
FN:18,(anonymous_6)
FN:24,(anonymous_7)
FN:28,(anonymous_8)
FN:47,(anonymous_9)
FNF:6
FNH:4
FNDA:2560,(anonymous_4)
FNDA:2560,(anonymous_5)
FNDA:2560,(anonymous_6)
FNDA:2560,(anonymous_7)
FNDA:0,(anonymous_8)
FNDA:0,(anonymous_9)
DA:1,1
DA:3,1
DA:4,1
DA:6,2560
DA:10,2560
DA:11,2560
DA:12,2560
DA:14,2560
DA:15,2560
DA:18,2560
DA:19,2560
DA:20,2560
DA:21,2560
DA:24,2560
DA:25,2560
DA:28,2560
DA:29,0
DA:30,0
DA:31,0
DA:32,0
DA:33,0
DA:34,0
DA:35,0
DA:36,0
DA:38,0
DA:40,0
DA:41,0
DA:42,0
DA:47,2560
DA:48,0
DA:51,0
DA:52,0
DA:53,0
DA:54,0
DA:55,0
DA:56,0
DA:57,0
DA:59,0
DA:62,0
DA:65,0
DA:68,2560
LF:41
LH:18
BRDA:29,0,0,0
BRDA:33,1,0,0
BRDA:33,1,1,0
BRDA:35,2,0,0
BRDA:35,2,1,0
BRDA:40,3,0,0
BRDA:51,4,0,0
BRDA:51,4,1,0
BRDA:52,5,0,0
BRDA:52,5,1,0
BRDA:52,6,0,0
BRDA:52,6,1,0
BRDA:55,7,0,0
BRDA:55,7,1,0
BRF:14
BRH:0
end_of_record
TN:
SF:src\components\DebugModule.jsx
FN:3,(anonymous_4)
FN:6,(anonymous_5)
FN:9,(anonymous_6)
FN:31,oo_cm
FN:31,oo_oo
FN:31,oo_tr
FN:31,oo_ts
FN:31,oo_te
FNF:8
FNH:0
FNDA:0,(anonymous_4)
FNDA:0,(anonymous_5)
FNDA:0,(anonymous_6)
FNDA:0,oo_cm
FNDA:0,oo_oo
FNDA:0,oo_tr
FNDA:0,oo_ts
FNDA:0,oo_te
DA:1,1
DA:3,1
DA:4,0
DA:6,0
DA:7,0
DA:9,0
DA:10,0
DA:13,0
DA:14,0
DA:31,0
LF:10
LH:2
BRDA:31,0,0,0
BRDA:31,0,1,0
BRF:2
BRH:0
end_of_record
TN:
SF:src\components\InfoModule.jsx
FN:4,(anonymous_4)
FN:5,(anonymous_5)
FN:7,(anonymous_6)
FN:10,(anonymous_7)
FNF:4
FNH:2
FNDA:40,(anonymous_4)
FNDA:40,(anonymous_5)
FNDA:0,(anonymous_6)
FNDA:0,(anonymous_7)
DA:1,1
DA:2,1
DA:4,40
DA:5,40
DA:6,40
DA:7,0
DA:8,0
DA:10,0
DA:14,40
LF:9
LH:6
BRDA:6,0,0,0
BRF:1
BRH:0
end_of_record
TN:
SF:src\components\ModesModule.jsx
FN:3,(anonymous_2)
FN:4,(anonymous_3)
FN:8,(anonymous_4)
FN:12,(anonymous_5)
FN:16,(anonymous_6)
FNF:5
FNH:1
FNDA:40,(anonymous_2)
FNDA:0,(anonymous_3)
FNDA:0,(anonymous_4)
FNDA:0,(anonymous_5)
FNDA:0,(anonymous_6)
DA:1,1
DA:3,40
DA:4,40
DA:5,0
DA:8,40
DA:9,0
DA:12,40
DA:13,0
DA:16,40
DA:17,0
DA:20,40
LF:11
LH:7
BRF:0
BRH:0
end_of_record
TN:
SF:src\hooks\useRandomBg.js
FN:4,useRandomBg
FN:8,(anonymous_5)
FN:12,(anonymous_6)
FN:14,(anonymous_7)
FN:15,(anonymous_8)
FN:23,(anonymous_9)
FN:25,(anonymous_10)
FN:26,(anonymous_11)
FN:35,(anonymous_12)
FN:36,(anonymous_13)
FNF:10
FNH:2
FNDA:40,useRandomBg
FNDA:0,(anonymous_5)
FNDA:40,(anonymous_6)
FNDA:0,(anonymous_7)
FNDA:0,(anonymous_8)
FNDA:0,(anonymous_9)
FNDA:0,(anonymous_10)
FNDA:0,(anonymous_11)
FNDA:0,(anonymous_12)
FNDA:0,(anonymous_13)
DA:1,1
DA:4,40
DA:5,40
DA:6,40
DA:8,40
DA:9,0
DA:12,40
DA:13,40
DA:14,0
DA:16,0
DA:17,0
DA:18,0
DA:19,0
DA:23,40
DA:24,0
DA:25,0
DA:27,0
DA:28,0
DA:30,0
DA:31,0
DA:32,0
DA:34,0
DA:35,0
DA:37,0
DA:38,0
DA:40,0
DA:47,40
LF:27
LH:9
BRDA:9,0,0,0
BRDA:9,0,1,0
BRDA:27,1,0,0
BRDA:31,2,0,0
BRF:4
BRH:0
end_of_record
TN:
SF:src\logic\app.js
FN:6,(anonymous_11)
FN:14,(anonymous_12)
FN:43,(anonymous_13)
FN:61,(anonymous_14)
FN:77,(anonymous_15)
FN:85,(anonymous_16)
FN:107,(anonymous_17)
FN:111,(anonymous_18)
FN:125,(anonymous_19)
FN:147,(anonymous_20)
FNF:10
FNH:5
FNDA:40,(anonymous_11)
FNDA:40,(anonymous_12)
FNDA:2160,(anonymous_13)
FNDA:40,(anonymous_14)
FNDA:40,(anonymous_15)
FNDA:0,(anonymous_16)
FNDA:0,(anonymous_17)
FNDA:0,(anonymous_18)
FNDA:0,(anonymous_19)
FNDA:0,(anonymous_20)
DA:1,1
DA:6,1
DA:7,40
DA:8,40
DA:9,0
DA:10,0
DA:14,1
DA:15,40
DA:17,40
DA:18,40
DA:19,40
DA:21,40
DA:22,433
DA:23,433
DA:25,433
DA:26,400
DA:28,400
DA:32,40
DA:33,320
DA:34,2560
DA:35,2160
DA:40,40
DA:43,1
DA:44,2160
DA:46,2160
DA:47,6480
DA:48,5950
DA:49,17850
DA:50,16366
DA:51,2292
DA:58,2160
DA:61,1
DA:62,40
DA:64,40
DA:65,320
DA:66,2560
DA:67,2160
DA:69,2160
DA:74,40
DA:77,40
DA:78,40
DA:80,40
DA:82,40
DA:85,1
DA:86,0
DA:87,0
DA:89,0
DA:91,0
DA:92,0
DA:93,0
DA:94,0
DA:99,0
DA:100,0
DA:104,0
DA:107,1
DA:108,0
DA:111,1
DA:112,0
DA:114,0
DA:115,0
DA:116,0
DA:117,0
DA:122,0
DA:125,1
DA:126,0
DA:127,0
DA:128,0
DA:131,0
DA:132,0
DA:133,0
DA:134,0
DA:135,0
DA:136,0
DA:137,0
DA:138,0
DA:139,0
DA:140,0
DA:141,0
DA:142,0
DA:147,40
DA:148,0
LF:81
LH:46
BRDA:7,0,0,40
BRDA:7,0,1,0
BRDA:7,0,2,0
BRDA:25,1,0,400
BRDA:25,2,0,433
BRDA:25,2,1,433
BRDA:34,3,0,2160
BRDA:47,4,0,5950
BRDA:47,5,0,6480
BRDA:47,5,1,6212
BRDA:49,6,0,16366
BRDA:49,7,0,17850
BRDA:49,7,1,17108
BRDA:50,8,0,2292
BRDA:66,9,0,2160
BRDA:93,10,0,0
BRDA:93,11,0,0
BRDA:93,11,1,0
BRDA:99,12,0,0
BRDA:108,13,0,0
BRDA:108,13,1,0
BRDA:108,13,2,0
BRDA:108,13,3,0
BRDA:116,14,0,0
BRDA:125,15,0,0
BRDA:126,16,0,0
BRDA:126,17,0,0
BRDA:126,17,1,0
BRDA:126,17,2,0
BRDA:127,18,0,0
BRDA:131,19,0,0
BRDA:131,19,1,0
BRDA:131,20,0,0
BRDA:131,20,1,0
BRDA:141,21,0,0
BRF:35
BRH:13
end_of_record
TN:
SF:src\logic\board.js
FN:1,(anonymous_5)
FN:11,(anonymous_6)
FN:22,(anonymous_7)
FN:34,(anonymous_8)
FNF:4
FNH:4
FNDA:160,(anonymous_5)
FNDA:80,(anonymous_6)
FNDA:40,(anonymous_7)
FNDA:40,(anonymous_8)
DA:1,40
DA:2,160
DA:4,160
DA:5,1280
DA:8,160
DA:11,80
DA:12,80
DA:14,80
DA:15,640
DA:16,5120
DA:20,80
DA:22,40
DA:23,40
DA:25,40
DA:26,320
DA:27,2560
DA:31,40
DA:34,40
DA:35,40
DA:36,0
DA:37,0
DA:38,40
LF:22
LH:20
BRDA:35,0,0,0
BRDA:35,0,1,0
BRDA:35,0,2,40
BRF:3
BRH:1
end_of_record
TN:
SF:src\logic\cell.js
FN:1,(anonymous_1)
FNF:1
FNH:1
FNDA:2560,(anonymous_1)
DA:1,2560
DA:4,2560
DA:5,0
DA:6,0
DA:7,0
DA:8,0
DA:9,0
DA:10,0
DA:11,0
DA:12,0
DA:13,0
DA:14,0
DA:17,2560
DA:20,2560
LF:14
LH:4
BRDA:4,0,0,0
BRDA:4,0,1,2560
BRDA:5,1,0,0
BRDA:5,1,1,0
BRDA:5,1,2,0
BRDA:5,1,3,0
BRDA:5,1,4,0
BRDA:5,1,5,0
BRDA:5,1,6,0
BRDA:5,1,7,0
BRDA:5,1,8,0
BRF:11
BRH:1
end_of_record
TN:
SF:src\logic\cellContent.jsx
FN:6,(anonymous_2)
FNF:1
FNH:1
FNDA:2560,(anonymous_2)
DA:1,1
DA:3,1
DA:4,1
DA:6,2560
DA:10,2560
DA:11,0
DA:13,2560
DA:16,2560
DA:18,2560
DA:19,2560
DA:21,0
DA:22,0
DA:24,0
DA:25,0
DA:26,0
DA:29,2560
DA:31,2560
DA:32,0
DA:34,0
DA:36,0
DA:37,0
DA:40,2560
DA:42,2560
LF:23
LH:13
BRDA:10,0,0,0
BRDA:10,0,1,2560
BRDA:10,1,0,2560
BRDA:10,1,1,0
BRDA:10,1,2,0
BRDA:16,2,0,2560
BRDA:16,2,1,0
BRDA:16,2,2,0
BRDA:16,2,3,0
BRDA:29,3,0,0
BRDA:31,4,0,0
BRDA:31,4,1,2560
BRDA:32,5,0,0
BRDA:32,5,1,0
BRDA:32,6,0,0
BRDA:32,6,1,0
BRDA:34,7,0,0
BRDA:34,7,1,0
BRDA:36,8,0,0
BRDA:40,9,0,0
BRDA:40,9,1,2560
BRDA:40,10,0,2560
BRDA:40,10,1,0
BRDA:40,10,2,0
BRDA:42,11,0,0
BRDA:42,11,1,2560
BRDA:42,12,0,2560
BRDA:42,12,1,400
BRF:28
BRH:9
end_of_record
TN:
SF:src\logic\constants.js
FNF:0
FNH:0
DA:1,80
DA:7,40
DA:13,40
LF:3
LH:3
BRF:0
BRH:0
end_of_record
TN:
SF:src\logic\info.js
FN:5,(anonymous_1)
FNF:1
FNH:1
FNDA:40,(anonymous_1)
DA:1,1
DA:2,1
DA:3,1
DA:5,40
DA:6,40
DA:7,0
DA:8,0
DA:9,40
LF:8
LH:6
BRDA:6,0,0,0
BRDA:6,0,1,0
BRDA:6,0,2,40
BRF:3
BRH:1
end_of_record
