TN:
SF:src\App.jsx
FN:13,App
FN:27,(anonymous_5)
FN:32,(anonymous_6)
FN:37,(anonymous_7)
FN:42,(anonymous_8)
FN:47,(anonymous_9)
FN:61,(anonymous_10)
FN:66,(anonymous_11)
FN:84,(anonymous_12)
FN:89,(anonymous_13)
FN:94,(anonymous_14)
FN:100,(anonymous_15)
FN:104,(anonymous_16)
FN:110,(anonymous_17)
FN:119,(anonymous_18)
FN:124,(anonymous_19)
FN:136,(anonymous_20)
FN:144,(anonymous_21)
FN:155,(anonymous_22)
FNF:19
FNH:8
FNDA:5,App
FNDA:0,(anonymous_5)
FNDA:0,(anonymous_6)
FNDA:0,(anonymous_7)
FNDA:0,(anonymous_8)
FNDA:2,(anonymous_9)
FNDA:1,(anonymous_10)
FNDA:1,(anonymous_11)
FNDA:1,(anonymous_12)
FNDA:1,(anonymous_13)
FNDA:2,(anonymous_14)
FNDA:0,(anonymous_15)
FNDA:0,(anonymous_16)
FNDA:0,(anonymous_17)
FNDA:0,(anonymous_18)
FNDA:0,(anonymous_19)
FNDA:0,(anonymous_20)
FNDA:0,(anonymous_21)
FNDA:1,(anonymous_22)
DA:1,1
DA:2,1
DA:4,1
DA:5,1
DA:6,1
DA:7,1
DA:8,1
DA:10,1
DA:11,1
DA:14,5
DA:15,5
DA:16,5
DA:17,5
DA:18,5
DA:19,5
DA:20,5
DA:21,5
DA:22,5
DA:23,5
DA:24,5
DA:25,5
DA:27,5
DA:28,0
DA:29,0
DA:32,5
DA:33,0
DA:34,0
DA:37,5
DA:38,0
DA:39,0
DA:42,5
DA:43,0
DA:44,0
DA:47,5
DA:48,2
DA:49,2
DA:50,2
DA:51,2
DA:52,2
DA:53,2
DA:54,2
DA:56,2
DA:57,2
DA:58,2
DA:61,5
DA:63,1
DA:66,5
DA:67,1
DA:69,1
DA:70,1
DA:72,0
DA:73,0
DA:75,0
DA:76,0
DA:78,0
DA:79,0
DA:81,1
DA:84,5
DA:85,1
DA:86,1
DA:89,5
DA:90,1
DA:91,1
DA:94,5
DA:95,2
DA:96,2
DA:97,2
DA:100,5
DA:101,0
DA:104,5
DA:105,0
DA:106,0
DA:107,0
DA:110,5
DA:111,0
DA:112,0
DA:113,0
DA:115,0
DA:116,0
DA:119,5
DA:120,0
DA:121,0
DA:124,5
DA:125,0
DA:126,0
DA:128,0
DA:129,0
DA:131,0
DA:132,0
DA:133,0
DA:136,5
DA:137,0
DA:139,0
DA:140,0
DA:141,0
DA:144,5
DA:145,0
DA:146,0
DA:147,0
DA:148,0
DA:149,0
DA:150,0
DA:155,5
DA:156,1
DA:158,1
DA:159,1
DA:160,1
DA:161,1
DA:162,1
DA:163,1
DA:165,1
DA:167,1
DA:169,1
DA:170,1
DA:171,1
DA:172,2
DA:173,1
DA:174,1
DA:176,1
DA:178,2
DA:182,1
DA:183,1
DA:184,1
DA:185,1
DA:186,1
DA:207,1
LF:126
LH:84
BRDA:67,0,0,1
BRDA:67,0,1,0
BRDA:67,0,2,0
BRDA:67,0,3,0
BRDA:145,1,0,0
BRDA:145,1,1,0
BRDA:147,2,0,0
BRDA:147,3,0,0
BRDA:147,3,1,0
BRDA:149,4,0,0
BRDA:172,5,0,1
BRDA:172,5,1,1
BRF:12
BRH:3
end_of_record
TN:
SF:src\components\BoardModule.jsx
FN:5,(anonymous_4)
FN:11,(anonymous_5)
FN:15,(anonymous_6)
FN:30,(anonymous_7)
FN:32,(anonymous_8)
FNF:5
FNH:5
FNDA:7,(anonymous_4)
FNDA:3,(anonymous_5)
FNDA:7,(anonymous_6)
FNDA:28,(anonymous_7)
FNDA:200,(anonymous_8)
DA:1,1
DA:3,1
DA:5,5
DA:9,7
DA:11,7
DA:12,3
DA:15,7
DA:16,7
DA:17,4
DA:19,3
DA:23,7
DA:31,28
DA:33,200
LF:13
LH:13
BRDA:16,0,0,4
BRDA:16,0,1,3
BRF:2
BRH:2
end_of_record
TN:
SF:src\components\CellModule.jsx
FN:8,(anonymous_4)
FN:17,(anonymous_5)
FN:21,(anonymous_6)
FN:28,(anonymous_7)
FN:32,(anonymous_8)
FN:36,(anonymous_9)
FN:55,(anonymous_10)
FNF:7
FNH:6
FNDA:202,(anonymous_4)
FNDA:194,(anonymous_5)
FNDA:194,(anonymous_6)
FNDA:64,(anonymous_7)
FNDA:64,(anonymous_8)
FNDA:0,(anonymous_9)
FNDA:2,(anonymous_10)
DA:1,1
DA:3,1
DA:4,1
DA:5,1
DA:6,1
DA:8,200
DA:12,202
DA:13,202
DA:14,202
DA:15,202
DA:17,202
DA:18,194
DA:21,202
DA:22,194
DA:23,194
DA:24,194
DA:25,194
DA:28,202
DA:29,64
DA:32,202
DA:33,64
DA:36,202
DA:37,0
DA:38,0
DA:39,0
DA:40,0
DA:41,0
DA:42,0
DA:43,0
DA:44,0
DA:46,0
DA:48,0
DA:49,0
DA:50,0
DA:55,202
DA:56,2
DA:57,2
DA:58,2
DA:59,1
DA:60,1
DA:61,1
DA:62,1
DA:63,1
DA:65,0
DA:70,202
LF:45
LH:32
BRDA:37,0,0,0
BRDA:41,1,0,0
BRDA:41,1,1,0
BRDA:43,2,0,0
BRDA:43,2,1,0
BRDA:48,3,0,0
BRDA:57,4,0,2
BRDA:58,5,0,1
BRDA:58,5,1,1
BRDA:58,6,0,2
BRDA:58,6,1,1
BRDA:61,7,0,1
BRDA:61,7,1,0
BRF:13
BRH:6
end_of_record
TN:
SF:src\components\DebugModule.jsx
FN:3,(anonymous_4)
FN:5,(anonymous_5)
FN:8,(anonymous_6)
FNF:3
FNH:3
FNDA:16,(anonymous_4)
FNDA:11,(anonymous_5)
FNDA:1,(anonymous_6)
DA:1,1
DA:3,5
DA:4,16
DA:5,16
DA:6,11
DA:8,16
DA:9,1
DA:12,16
LF:8
LH:8
BRF:0
BRH:0
end_of_record
TN:
SF:src\components\DifficultyModule.jsx
FN:3,(anonymous_2)
FNF:1
FNH:1
FNDA:5,(anonymous_2)
DA:1,1
DA:3,5
DA:4,5
LF:3
LH:3
BRF:0
BRH:0
end_of_record
TN:
SF:src\components\InfoModule.jsx
FN:4,(anonymous_4)
FN:5,(anonymous_5)
FN:7,(anonymous_6)
FN:10,(anonymous_7)
FNF:4
FNH:2
FNDA:5,(anonymous_4)
FNDA:1,(anonymous_5)
FNDA:0,(anonymous_6)
FNDA:0,(anonymous_7)
DA:1,1
DA:2,1
DA:4,5
DA:5,5
DA:6,1
DA:7,0
DA:8,0
DA:10,0
DA:14,5
LF:9
LH:6
BRDA:6,0,0,0
BRF:1
BRH:0
end_of_record
TN:
SF:src\logic\app.js
FN:4,(anonymous_14)
FN:12,(anonymous_15)
FN:41,(anonymous_16)
FN:59,(anonymous_17)
FN:74,(anonymous_18)
FN:82,(anonymous_19)
FN:103,(anonymous_20)
FN:107,(anonymous_21)
FN:121,(anonymous_22)
FN:132,(anonymous_23)
FN:154,(anonymous_24)
FN:158,(anonymous_25)
FNF:12
FNH:8
FNDA:7,(anonymous_14)
FNDA:7,(anonymous_15)
FNDA:379,(anonymous_16)
FNDA:8,(anonymous_17)
FNDA:7,(anonymous_18)
FNDA:0,(anonymous_19)
FNDA:0,(anonymous_20)
FNDA:0,(anonymous_21)
FNDA:19,(anonymous_22)
FNDA:0,(anonymous_23)
FNDA:4,(anonymous_24)
FNDA:5,(anonymous_25)
DA:1,1
DA:2,1
DA:4,1
DA:5,7
DA:6,7
DA:7,0
DA:8,0
DA:12,1
DA:13,7
DA:15,7
DA:16,7
DA:17,7
DA:19,7
DA:20,74
DA:21,74
DA:23,74
DA:24,70
DA:26,70
DA:30,7
DA:31,56
DA:32,448
DA:33,378
DA:38,7
DA:41,1
DA:42,379
DA:44,379
DA:45,1137
DA:46,1043
DA:47,3129
DA:48,2877
DA:49,382
DA:56,379
DA:59,1
DA:60,8
DA:62,8
DA:63,57
DA:64,450
DA:65,379
DA:67,379
DA:71,8
DA:74,7
DA:75,7
DA:77,7
DA:79,7
DA:82,1
DA:83,0
DA:84,0
DA:86,0
DA:88,0
DA:89,0
DA:90,0
DA:91,0
DA:96,0
DA:97,0
DA:98,0
DA:100,0
DA:103,1
DA:104,0
DA:107,1
DA:108,0
DA:110,0
DA:111,0
DA:112,0
DA:113,0
DA:118,0
DA:121,19
DA:122,19
DA:123,19
DA:124,152
DA:125,152
DA:126,1216
DA:129,19
DA:132,1
DA:133,0
DA:134,0
DA:135,0
DA:138,0
DA:139,0
DA:140,0
DA:141,0
DA:142,0
DA:143,0
DA:144,0
DA:145,0
DA:146,0
DA:147,0
DA:148,0
DA:149,0
DA:154,7
DA:155,4
DA:158,5
DA:162,5
DA:163,0
DA:164,0
DA:165,5
LF:95
LH:58
BRDA:5,0,0,7
BRDA:5,0,1,0
BRDA:5,0,2,0
BRDA:23,1,0,70
BRDA:23,2,0,74
BRDA:23,2,1,74
BRDA:32,3,0,378
BRDA:45,4,0,1043
BRDA:45,5,0,1137
BRDA:45,5,1,1092
BRDA:47,6,0,2877
BRDA:47,7,0,3129
BRDA:47,7,1,3001
BRDA:48,8,0,382
BRDA:64,9,0,379
BRDA:90,10,0,0
BRDA:90,11,0,0
BRDA:90,11,1,0
BRDA:96,12,0,0
BRDA:104,13,0,0
BRDA:104,13,1,0
BRDA:104,13,2,0
BRDA:104,13,3,0
BRDA:112,14,0,0
BRDA:132,15,0,0
BRDA:133,16,0,0
BRDA:133,17,0,0
BRDA:133,17,1,0
BRDA:133,17,2,0
BRDA:134,18,0,0
BRDA:138,19,0,0
BRDA:138,19,1,0
BRDA:138,20,0,0
BRDA:138,20,1,0
BRDA:148,21,0,0
BRDA:162,22,0,0
BRDA:162,22,1,0
BRDA:162,22,2,5
BRF:38
BRH:14
end_of_record
TN:
SF:src\logic\board.js
FN:1,(anonymous_4)
FN:11,(anonymous_5)
FN:21,(anonymous_6)
FNF:3
FNH:3
FNDA:18,(anonymous_4)
FNDA:1,(anonymous_5)
FNDA:10,(anonymous_6)
DA:1,8
DA:2,18
DA:4,18
DA:5,116
DA:8,18
DA:11,1
DA:12,1
DA:13,1
DA:14,1
DA:15,1
DA:16,2
DA:19,1
DA:21,10
DA:22,10
DA:24,10
DA:25,59
DA:26,454
DA:30,10
LF:18
LH:18
BRF:0
BRH:0
end_of_record
TN:
SF:src\logic\cell.js
FN:1,(anonymous_1)
FNF:1
FNH:1
FNDA:202,(anonymous_1)
DA:1,202
DA:3,202
DA:4,0
DA:5,0
DA:6,0
DA:7,0
DA:8,0
DA:9,0
DA:10,0
DA:11,0
DA:12,0
DA:13,0
DA:16,202
DA:19,202
LF:14
LH:4
BRDA:3,0,0,0
BRDA:3,0,1,202
BRDA:4,1,0,0
BRDA:4,1,1,0
BRDA:4,1,2,0
BRDA:4,1,3,0
BRDA:4,1,4,0
BRDA:4,1,5,0
BRDA:4,1,6,0
BRDA:4,1,7,0
BRDA:4,1,8,0
BRF:11
BRH:1
end_of_record
TN:
SF:src\logic\cellContent.jsx
FN:7,(anonymous_2)
FNF:1
FNH:1
FNDA:202,(anonymous_2)
DA:1,1
DA:3,1
DA:4,1
DA:5,1
DA:7,202
DA:10,202
DA:12,200
DA:13,200
DA:15,2
DA:16,2
DA:18,0
DA:19,0
DA:20,0
DA:23,202
DA:25,202
DA:26,0
DA:28,0
DA:30,0
DA:31,0
DA:34,202
DA:36,202
LF:21
LH:14
BRDA:10,0,0,200
BRDA:10,0,1,2
BRDA:10,0,2,0
BRDA:10,0,3,0
BRDA:23,1,0,0
BRDA:25,2,0,0
BRDA:25,2,1,202
BRDA:26,3,0,0
BRDA:26,3,1,0
BRDA:26,4,0,0
BRDA:26,4,1,0
BRDA:28,5,0,0
BRDA:28,5,1,0
BRDA:30,6,0,0
BRDA:34,7,0,0
BRDA:34,7,1,202
BRDA:34,8,0,202
BRDA:34,8,1,2
BRDA:34,8,2,0
BRDA:36,9,0,0
BRDA:36,9,1,202
BRDA:36,10,0,202
BRDA:36,10,1,35
BRF:23
BRH:9
end_of_record
TN:
SF:src\logic\constants.js
FNF:0
FNH:0
DA:1,1
DA:2,1
DA:3,1
DA:5,6
DA:11,6
DA:17,7
DA:23,807
LF:7
LH:7
BRF:0
BRH:0
end_of_record
TN:
SF:src\logic\info.js
FN:5,(anonymous_1)
FNF:1
FNH:1
FNDA:5,(anonymous_1)
DA:1,1
DA:2,1
DA:3,1
DA:5,5
DA:6,5
DA:7,0
DA:8,0
DA:9,5
LF:8
LH:6
BRDA:6,0,0,0
BRDA:6,0,1,0
BRDA:6,0,2,5
BRF:3
BRH:1
end_of_record
